1 32 26221
2 32 26221
3 32 1 26221 1
1 33 17347
2 33 17347
3 33 1 17347 1
1 48 26735
2 48 26735
3 48 1 26735 1
1 50 12253
2 50 12253
3 50 1 12253 1
1 51 27018
2 51 27018
3 51 1 27018 1
1 59 1693
2 59 1693
3 59 1 1693 1
1 31 15441
2 31 15441
3 31 1 15441 1
1 33 2492
2 33 2492
3 33 1 2492 1
1 34 26710
2 34 26710
3 34 1 26710 1
1 35 16723
2 35 16723
3 35 1 16723 1
1 36 15229
2 36 15229
3 36 1 15229 1
1 37 5993
2 37 5993
3 37 1 5993 1
1 37 26865
2 37 26865
3 37 1 26865 1
1 39 12731
2 39 12731
3 39 1 12731 1
1 40 27883
2 40 27883
3 40 1 27883 1
1 43 2531
2 43 2531
3 43 1 2531 1
1 44 1897
2 44 1897
3 44 1 1897 1
1 46 5951
2 46 5951
3 46 1 5951 1
1 47 9360
2 47 9360
3 47 1 9360 1
1 48 26788
2 48 26788
3 48 1 26788 1
1 50 1743
2 50 1743
3 50 1 1743 1
1 51 13006
2 51 13006
3 51 1 13006 1
1 52 5182
2 52 5182
3 52 1 5182 1
1 52 21592
2 52 21592
3 52 1 21592 1
1 53 3637
2 53 3637
3 53 1 3637 1
1 57 1268
2 57 1268
3 57 1 1268 1
1 58 4947
2 58 4947
3 58 1 4947 1
1 59 20050
2 59 20050
3 59 1 20050 1
1 30 8622
2 30 8622
3 30 1 8622 1
1 31 16779
2 31 16779
3 31 1 16779 1
1 33 3711
2 33 3711
3 33 1 3711 1
1 34 3793
2 34 3793
3 34 1 3793 1
1 34 5247
2 34 5247
3 34 1 5247 1
1 35 2179
2 35 2179
3 35 1 2179 1
1 35 24158
2 35 24158
3 35 1 24158 1
1 35 27609
2 35 27609
3 35 1 27609 1
1 37 1665
2 37 1665
3 37 1 1665 1
1 38 16113
2 38 16113
3 38 1 16113 1
1 39 7346
2 39 7346
3 39 1 7346 1
1 39 11759
2 39 11759
3 39 1 11759 1
1 39 13697
2 39 13697
3 39 1 13697 1
1 39 19122
2 39 19122
3 39 1 19122 1
1 40 8601
2 40 8601
3 40 1 8601 1
1 40 17161
2 40 17161
3 40 1 17161 1
1 41 15232
2 41 15232
3 41 1 15232 1
1 42 21385
2 42 21385
3 42 1 21385 1
1 43 5013
2 43 5013
3 43 1 5013 1
1 44 2420
2 44 2420
3 44 1 2420 1
1 44 12217
2 44 12217
3 44 1 12217 1
1 44 18724
2 44 18724
3 44 1 18724 1
1 45 16
2 45 16
3 45 1 16 1
1 46 917
2 46 917
3 46 1 917 1
1 46 25937
2 46 25937
3 46 1 25937 1
1 47 6562
2 47 6562
3 47 1 6562 1
1 48 6510
2 48 6510
3 48 1 6510 1
1 48 14726
2 48 14726
3 48 1 14726 1
1 50 20327
2 50 20327
3 50 1 20327 1
1 51 3905
2 51 3905
3 51 1 3905 1
1 52 926
2 52 926
3 52 1 926 1
1 52 15038
2 52 15038
3 52 1 15038 1
1 53 12286
2 53 12286
3 53 1 12286 1
1 53 18094
2 53 18094
3 53 1 18094 1
1 54 18955
2 54 18955
3 54 1 18955 1
1 54 27531
2 54 27531
3 54 1 27531 1
1 56 5520
2 56 5520
3 56 1 5520 1
1 56 11941
2 56 11941
3 56 1 11941 1
1 57 1235
2 57 1235
3 57 1 1235 1
1 57 2923
2 57 2923
3 57 1 2923 1
1 57 3197
2 57 3197
3 57 1 3197 1
1 57 8097
2 57 8097
3 57 1 8097 1
1 57 21265
2 57 21265
3 57 1 21265 1
1 57 26750
2 57 26750
3 57 1 26750 1
1 58 605
2 58 605
3 58 1 605 1
1 58 16870
2 58 16870
3 58 1 16870 1
1 59 16090
2 59 16090
3 59 1 16090 1
1 60 311
2 60 311
3 60 1 311 1
1 60 10099
2 60 10099
3 60 1 10099 1
1 60 17303
2 60 17303
3 60 1 17303 1
1 30 13282
2 30 13282
3 30 1 13282 1
1 30 20866
2 30 20866
3 30 1 20866 1
1 30 26681
2 30 26681
3 30 1 26681 1
1 31 9187
2 31 9187
3 31 1 9187 1
1 31 12652
2 31 12652
3 31 1 12652 1
1 32 2540
2 32 2540
3 32 1 2540 1
1 32 4750
2 32 4750
3 32 1 4750 1
1 32 18121
2 32 18121
3 32 1 18121 1
1 32 26827
2 32 26827
3 32 1 26827 1
1 33 6688
2 33 6688
3 33 1 6688 1
1 33 19799
2 33 19799
3 33 1 19799 1
1 34 3406
2 34 3406
3 34 1 3406 1
1 34 7615
2 34 7615
3 34 1 7615 1
1 34 10845
2 34 10845
3 34 1 10845 1
1 34 13988
2 34 13988
3 34 1 13988 1
1 34 22204
2 34 22204
3 34 1 22204 1
1 35 6682
2 35 6682
3 35 1 6682 1
1 35 10206
2 35 10206
3 35 1 10206 1
1 36 3019
2 36 3019
3 36 1 3019 1
1 36 6212
2 36 6212
3 36 1 6212 1
1 36 12550
2 36 12550
3 36 1 12550 1
1 36 16429
2 36 16429
3 36 1 16429 1
1 36 18453
2 36 18453
3 36 1 18453 1
1 36 22149
2 36 22149
3 36 1 22149 1
1 37 12788
2 37 12788
3 37 1 12788 1
1 37 25640
2 37 25640
3 37 1 25640 1
1 37 27899
2 37 27899
3 37 1 27899 1
1 38 6904
2 38 6904
3 38 1 6904 1
1 38 13138
2 38 13138
3 38 1 13138 1
1 38 24755
2 38 24755
3 38 1 24755 1
1 39 8011
2 39 8011
3 39 1 8011 1
1 39 16053
2 39 16053
3 39 1 16053 1
1 39 17991
2 39 17991
3 39 1 17991 1
1 39 20926
2 39 20926
3 39 1 20926 1
1 39 21297
2 39 21297
3 39 1 21297 1
1 40 1284
2 40 1284
3 40 1 1284 1
1 40 4852
2 40 4852
3 40 1 4852 1
1 40 12264
2 40 12264
3 40 1 12264 1
1 40 26480
2 40 26480
3 40 1 26480 1
1 41 5236
2 41 5236
3 41 1 5236 1
1 41 12082
2 41 12082
3 41 1 12082 1
1 41 27714
2 41 27714
3 41 1 27714 1
1 42 8653
2 42 8653
3 42 1 8653 1
1 42 11170
2 42 11170
3 42 1 11170 1
1 42 15307
2 42 15307
3 42 1 15307 1
1 42 20385
2 42 20385
3 42 1 20385 1
1 43 1296
2 43 1296
3 43 1 1296 1
1 43 6471
2 43 6471
3 43 1 6471 1
1 44 70
2 44 70
3 44 1 70 1
1 44 17444
2 44 17444
3 44 1 17444 1
1 45 10113
2 45 10113
3 45 1 10113 1
1 45 26004
2 45 26004
3 45 1 26004 1
1 46 10175
2 46 10175
3 46 1 10175 1
1 46 12123
2 46 12123
3 46 1 12123 1
1 46 24513
2 46 24513
3 46 1 24513 1
1 47 8093
2 47 8093
3 47 1 8093 1
1 47 10861
2 47 10861
3 47 1 10861 1
1 47 11403
2 47 11403
3 47 1 11403 1
1 47 14641
2 47 14641
3 47 1 14641 1
1 47 18917
2 47 18917
3 47 1 18917 1
1 47 26250
2 47 26250
3 47 1 26250 1
1 48 18339
2 48 18339
3 48 1 18339 1
1 48 20676
2 48 20676
3 48 1 20676 1
1 49 14283
2 49 14283
3 49 1 14283 1
1 50 11634
2 50 11634
3 50 1 11634 1
1 50 20073
2 50 20073
3 50 1 20073 1
1 50 22167
2 50 22167
3 50 1 22167 1
1 51 11905
2 51 11905
3 51 1 11905 1
1 51 23836
2 51 23836
3 51 1 23836 1
1 52 16661
2 52 16661
3 52 1 16661 1
1 52 21588
2 52 21588
3 52 1 21588 1
1 52 22600
2 52 22600
3 52 1 22600 1
1 52 23813
2 52 23813
3 52 1 23813 1
1 53 2079
2 53 2079
3 53 1 2079 1
1 53 13000
2 53 13000
3 53 1 13000 1
1 53 19426
2 53 19426
3 53 1 19426 1
1 54 2030
2 54 2030
3 54 1 2030 1
1 54 22573
2 54 22573
3 54 1 22573 1
1 55 98
2 55 98
3 55 1 98 1
1 56 4741
2 56 4741
3 56 1 4741 1
1 56 8930
2 56 8930
3 56 1 8930 1
1 56 20253
2 56 20253
3 56 1 20253 1
1 56 26849
2 56 26849
3 56 1 26849 1
1 57 13371
2 57 13371
3 57 1 13371 1
1 57 14927
2 57 14927
3 57 1 14927 1
1 58 707
2 58 707
3 58 1 707 1
1 58 8465
2 58 8465
3 58 1 8465 1
1 58 26568
2 58 26568
3 58 1 26568 1
1 59 20104
2 59 20104
3 59 1 20104 1
1 59 21194
2 59 21194
3 59 1 21194 1
1 59 27168
2 59 27168
3 59 1 27168 1
1 60 17794
2 60 17794
3 60 1 17794 1
1 30 3287
2 30 3287
3 30 1 3287 1
1 30 5780
2 30 5780
3 30 1 5780 1
1 30 11018
2 30 11018
3 30 1 11018 1
1 30 19726
2 30 19726
3 30 1 19726 1
1 30 22992
2 30 22992
3 30 1 22992 1
1 31 3018
2 31 3018
3 31 1 3018 1
1 31 7261
2 31 7261
3 31 1 7261 1
1 31 9100
2 31 9100
3 31 1 9100 1
1 31 9525
2 31 9525
3 31 1 9525 1
1 31 13178
2 31 13178
3 31 1 13178 1
1 31 13625
2 31 13625
3 31 1 13625 1
1 31 16362
2 31 16362
3 31 1 16362 1
1 31 21132
2 31 21132
3 31 1 21132 1
1 31 23109
2 31 23109
3 31 1 23109 1
1 31 25188
2 31 25188
3 31 1 25188 1
1 31 25883
2 31 25883
3 31 1 25883 1
1 31 27341
2 31 27341
3 31 1 27341 1
1 32 179
2 32 179
3 32 1 179 1
1 32 2403
2 32 2403
3 32 1 2403 1
1 32 12984
2 32 12984
3 32 1 12984 1
1 32 18699
2 32 18699
3 32 1 18699 1
1 32 22147
2 32 22147
3 32 1 22147 1
1 33 254
2 33 254
3 33 1 254 1
1 33 2335
2 33 2335
3 33 1 2335 1
1 33 6646
2 33 6646
3 33 1 6646 1
1 33 16650
2 33 16650
3 33 1 16650 1
1 33 20493
2 33 20493
3 33 1 20493 1
1 33 27050
2 33 27050
3 33 1 27050 1
1 34 1901
2 34 1901
3 34 1 1901 1
1 34 14076
2 34 14076
3 34 1 14076 1
1 34 21518
2 34 21518
3 34 1 21518 1
1 35 9779
2 35 9779
3 35 1 9779 1
1 35 11782
2 35 11782
3 35 1 11782 1
1 35 12661
2 35 12661
3 35 1 12661 1
1 35 15968
2 35 15968
3 35 1 15968 1
1 35 25045
2 35 25045
3 35 1 25045 1
1 35 27399
2 35 27399
3 35 1 27399 1
1 36 1214
2 36 1214
3 36 1 1214 1
1 36 9825
2 36 9825
3 36 1 9825 1
1 36 11982
2 36 11982
3 36 1 11982 1
1 36 14210
2 36 14210
3 36 1 14210 1
1 36 19283
2 36 19283
3 36 1 19283 1
1 36 19651
2 36 19651
3 36 1 19651 1
1 36 23029
2 36 23029
3 36 1 23029 1
1 36 25953
2 36 25953
3 36 1 25953 1
1 36 27333
2 36 27333
3 36 1 27333 1
1 36 28663
2 36 28663
3 36 1 28663 1
1 37 1301
2 37 1301
3 37 1 1301 1
1 37 8411
2 37 8411
3 37 1 8411 1
1 37 14191
2 37 14191
3 37 1 14191 1
1 37 19990
2 37 19990
3 37 1 19990 1
1 37 24267
2 37 24267
3 37 1 24267 1
1 37 25831
2 37 25831
3 37 1 25831 1
1 38 3799
2 38 3799
3 38 1 3799 1
1 38 9924
2 38 9924
3 38 1 9924 1
1 38 11773
2 38 11773
3 38 1 11773 1
1 38 13947
2 38 13947
3 38 1 13947 1
1 38 17536
2 38 17536
3 38 1 17536 1
1 38 19299
2 38 19299
3 38 1 19299 1
1 38 22250
2 38 22250
3 38 1 22250 1
1 38 23725
2 38 23725
3 38 1 23725 1
1 39 3056
2 39 3056
3 39 1 3056 1
1 39 7758
2 39 7758
3 39 1 7758 1
1 39 9238
2 39 9238
3 39 1 9238 1
1 39 11127
2 39 11127
3 39 1 11127 1
1 39 13393
2 39 13393
3 39 1 13393 1
1 39 14310
2 39 14310
3 39 1 14310 1
1 39 17935
2 39 17935
3 39 1 17935 1
1 39 20083
2 39 20083
3 39 1 20083 1
1 39 24548
2 39 24548
3 39 1 24548 1
1 40 8134
2 40 8134
3 40 1 8134 1
1 40 10054
2 40 10054
3 40 1 10054 1
1 40 15885
2 40 15885
3 40 1 15885 1
1 40 19487
2 40 19487
3 40 1 19487 1
1 40 23935
2 40 23935
3 40 1 23935 1
1 41 474
2 41 474
3 41 1 474 1
1 41 6018
2 41 6018
3 41 1 6018 1
1 41 8086
2 41 8086
3 41 1 8086 1
1 41 12112
2 41 12112
3 41 1 12112 1
1 41 17335
2 41 17335
3 41 1 17335 1
1 41 18912
2 41 18912
3 41 1 18912 1
1 41 22449
2 41 22449
3 41 1 22449 1
1 42 5614
2 42 5614
3 42 1 5614 1
1 42 15160
2 42 15160
3 42 1 15160 1
1 42 21306
2 42 21306
3 42 1 21306 1
1 42 26811
2 42 26811
3 42 1 26811 1
1 43 13161
2 43 13161
3 43 1 13161 1
1 43 16610
2 43 16610
3 43 1 16610 1
1 43 21526
2 43 21526
3 43 1 21526 1
1 43 25816
2 43 25816
3 43 1 25816 1
1 44 485
2 44 485
3 44 1 485 1
1 44 1974
2 44 1974
3 44 1 1974 1
1 44 15837
2 44 15837
3 44 1 15837 1
1 44 16730
2 44 16730
3 44 1 16730 1
1 44 20047
2 44 20047
3 44 1 20047 1
1 44 22544
2 44 22544
3 44 1 22544 1
1 44 26897
2 44 26897
3 44 1 26897 1
1 44 28748
2 44 28748
3 44 1 28748 1
1 45 4099
2 45 4099
3 45 1 4099 1
1 45 6168
2 45 6168
3 45 1 6168 1
1 45 9242
2 45 9242
3 45 1 9242 1
1 45 11829
2 45 11829
3 45 1 11829 1
1 45 13526
2 45 13526
3 45 1 13526 1
1 45 24164
2 45 24164
3 45 1 24164 1
1 46 2756
2 46 2756
3 46 1 2756 1
1 46 10294
2 46 10294
3 46 1 10294 1
1 46 12430
2 46 12430
3 46 1 12430 1
1 46 23863
2 46 23863
3 46 1 23863 1
1 47 1968
2 47 1968
3 47 1 1968 1
1 47 5724
2 47 5724
3 47 1 5724 1
1 47 6179
2 47 6179
3 47 1 6179 1
1 47 13572
2 47 13572
3 47 1 13572 1
1 47 22968
2 47 22968
3 47 1 22968 1
1 48 342
2 48 342
3 48 1 342 1
1 48 8754
2 48 8754
3 48 1 8754 1
1 48 10142
2 48 10142
3 48 1 10142 1
1 48 21529
2 48 21529
3 48 1 21529 1
1 48 22672
2 48 22672
3 48 1 22672 1
1 48 24262
2 48 24262
3 48 1 24262 1
1 49 901
2 49 901
3 49 1 901 1
1 49 6628
2 49 6628
3 49 1 6628 1
1 49 8638
2 49 8638
3 49 1 8638 1
1 49 15031
2 49 15031
3 49 1 15031 1
1 49 24781
2 49 24781
3 49 1 24781 1
1 49 28597
2 49 28597
3 49 1 28597 1
1 50 2348
2 50 2348
3 50 1 2348 1
1 50 4703
2 50 4703
3 50 1 4703 1
1 50 8461
2 50 8461
3 50 1 8461 1
1 50 10316
2 50 10316
3 50 1 10316 1
1 50 16415
2 50 16415
3 50 1 16415 1
1 50 17736
2 50 17736
3 50 1 17736 1
1 51 2206
2 51 2206
3 51 1 2206 1
1 51 4949
2 51 4949
3 51 1 4949 1
1 51 6503
2 51 6503
3 51 1 6503 1
1 51 8961
2 51 8961
3 51 1 8961 1
1 51 10438
2 51 10438
3 51 1 10438 1
1 51 14716
2 51 14716
3 51 1 14716 1
1 51 17862
2 51 17862
3 51 1 17862 1
1 51 19866
2 51 19866
3 51 1 19866 1
1 51 23364
2 51 23364
3 51 1 23364 1
1 52 1114
2 52 1114
3 52 1 1114 1
1 52 3819
2 52 3819
3 52 1 3819 1
1 52 18069
2 52 18069
3 52 1 18069 1
1 52 21027
2 52 21027
3 52 1 21027 1
1 52 21644
2 52 21644
3 52 1 21644 1
1 53 1734
2 53 1734
3 53 1 1734 1
1 53 7146
2 53 7146
3 53 1 7146 1
1 53 14721
2 53 14721
3 53 1 14721 1
1 53 22617
2 53 22617
3 53 1 22617 1
1 53 26152
2 53 26152
3 53 1 26152 1
1 54 1405
2 54 1405
3 54 1 1405 1
1 54 8590
2 54 8590
3 54 1 8590 1
1 54 13673
2 54 13673
3 54 1 13673 1
1 54 17194
2 54 17194
3 54 1 17194 1
1 54 17614
2 54 17614
3 54 1 17614 1
1 54 23067
2 54 23067
3 54 1 23067 1
1 54 24474
2 54 24474
3 54 1 24474 1
1 54 27238
2 54 27238
3 54 1 27238 1
1 55 7848
2 55 7848
3 55 1 7848 1
1 55 9724
2 55 9724
3 55 1 9724 1
1 55 23311
2 55 23311
3 55 1 23311 1
1 56 697
2 56 697
3 56 1 697 1
1 56 2233
2 56 2233
3 56 1 2233 1
1 56 3661
2 56 3661
3 56 1 3661 1
1 56 10579
2 56 10579
3 56 1 10579 1
1 56 14510
2 56 14510
3 56 1 14510 1
1 56 20048
2 56 20048
3 56 1 20048 1
1 56 21951
2 56 21951
3 56 1 21951 1
1 56 27506
2 56 27506
3 56 1 27506 1
1 57 2321
2 57 2321
3 57 1 2321 1
1 57 2771
2 57 2771
3 57 1 2771 1
1 57 4069
2 57 4069
3 57 1 4069 1
1 57 18441
2 57 18441
3 57 1 18441 1
1 57 22936
2 57 22936
3 57 1 22936 1
1 58 2384
2 58 2384
3 58 1 2384 1
1 58 5499
2 58 5499
3 58 1 5499 1
1 58 22994
2 58 22994
3 58 1 22994 1
1 59 709
2 59 709
3 59 1 709 1
1 59 7408
2 59 7408
3 59 1 7408 1
1 59 18208
2 59 18208
3 59 1 18208 1
1 59 24094
2 59 24094
3 59 1 24094 1
1 59 26092
2 59 26092
3 59 1 26092 1
1 60 2267
2 60 2267
3 60 1 2267 1
1 60 5823
2 60 5823
3 60 1 5823 1
1 60 10419
2 60 10419
3 60 1 10419 1
1 60 25139
2 60 25139
3 60 1 25139 1
1 30 520
2 30 520
3 30 1 520 1
1 30 1677
2 30 1677
3 30 1 1677 1
1 30 5088
2 30 5088
3 30 1 5088 1
1 30 5565
2 30 5565
3 30 1 5565 1
1 30 8445
2 30 8445
3 30 1 8445 1
1 30 11118
2 30 11118
3 30 1 11118 1
1 30 12626
2 30 12626
3 30 1 12626 1
1 30 22107
2 30 22107
3 30 1 22107 1
1 30 27759
2 30 27759
3 30 1 27759 1
1 31 3490
2 31 3490
3 31 1 3490 1
1 31 3973
2 31 3973
3 31 1 3973 1
1 31 4392
2 31 4392
3 31 1 4392 1
1 31 9303
2 31 9303
3 31 1 9303 1
1 31 15305
2 31 15305
3 31 1 15305 1
1 31 16433
2 31 16433
3 31 1 16433 1
1 31 17826
2 31 17826
3 31 1 17826 1
1 31 19837
2 31 19837
3 31 1 19837 1
1 31 21476
2 31 21476
3 31 1 21476 1
1 31 22174
2 31 22174
3 31 1 22174 1
1 31 23129
2 31 23129
3 31 1 23129 1
1 31 24526
2 31 24526
3 31 1 24526 1
1 32 1940
2 32 1940
3 32 1 1940 1
1 32 7162
2 32 7162
3 32 1 7162 1
1 32 10693
2 32 10693
3 32 1 10693 1
1 32 12623
2 32 12623
3 32 1 12623 1
1 32 14739
2 32 14739
3 32 1 14739 1
1 32 18227
2 32 18227
3 32 1 18227 1
1 32 19579
2 32 19579
3 32 1 19579 1
1 32 20383
2 32 20383
3 32 1 20383 1
1 32 27933
2 32 27933
3 32 1 27933 1
1 33 1031
2 33 1031
3 33 1 1031 1
1 33 3324
2 33 3324
3 33 1 3324 1
1 33 4149
2 33 4149
3 33 1 4149 1
1 33 6091
2 33 6091
3 33 1 6091 1
1 33 7213
2 33 7213
3 33 1 7213 1
1 33 9992
2 33 9992
3 33 1 9992 1
1 33 11809
2 33 11809
3 33 1 11809 1
1 33 12356
2 33 12356
3 33 1 12356 1
1 33 14613
2 33 14613
3 33 1 14613 1
1 33 15782
2 33 15782
3 33 1 15782 1
1 33 15991
2 33 15991
3 33 1 15991 1
1 33 22697
2 33 22697
3 33 1 22697 1
1 33 23172
2 33 23172
3 33 1 23172 1
1 33 25502
2 33 25502
3 33 1 25502 1
1 34 1252
2 34 1252
3 34 1 1252 1
1 34 11248
2 34 11248
3 34 1 11248 1
1 34 11656
2 34 11656
3 34 1 11656 1
1 34 14591
2 34 14591
3 34 1 14591 1
1 34 16269
2 34 16269
3 34 1 16269 1
1 34 21678
2 34 21678
3 34 1 21678 1
1 34 23544
2 34 23544
3 34 1 23544 1
1 34 24875
2 34 24875
3 34 1 24875 1
1 35 429
2 35 429
3 35 1 429 1
1 35 7244
2 35 7244
3 35 1 7244 1
1 35 14254
2 35 14254
3 35 1 14254 1
1 35 15102
2 35 15102
3 35 1 15102 1
1 35 20440
2 35 20440
3 35 1 20440 1
1 35 28090
2 35 28090
3 35 1 28090 1
1 36 1584
2 36 1584
3 36 1 1584 1
1 36 3521
2 36 3521
3 36 1 3521 1
1 36 6840
2 36 6840
3 36 1 6840 1
1 36 8033
2 36 8033
3 36 1 8033 1
1 36 11034
2 36 11034
3 36 1 11034 1
1 36 15560
2 36 15560
3 36 1 15560 1
1 36 18991
2 36 18991
3 36 1 18991 1
1 36 25684
2 36 25684
3 36 1 25684 1
1 36 26436
2 36 26436
3 36 1 26436 1
1 36 28133
2 36 28133
3 36 1 28133 1
1 37 3974
2 37 3974
3 37 1 3974 1
1 37 4727
2 37 4727
3 37 1 4727 1
1 37 5040
2 37 5040
3 37 1 5040 1
1 37 7009
2 37 7009
3 37 1 7009 1
1 37 13455
2 37 13455
3 37 1 13455 1
1 37 17974
2 37 17974
3 37 1 17974 1
1 37 19802
2 37 19802
3 37 1 19802 1
1 37 23440
2 37 23440
3 37 1 23440 1
1 37 25302
2 37 25302
3 37 1 25302 1
1 38 1980
2 38 1980
3 38 1 1980 1
1 38 9881
2 38 9881
3 38 1 9881 1
1 38 11393
2 38 11393
3 38 1 11393 1
1 38 13365
2 38 13365
3 38 1 13365 1
1 38 16925
2 38 16925
3 38 1 16925 1
1 38 20637
2 38 20637
3 38 1 20637 1
1 38 21563
2 38 21563
3 38 1 21563 1
1 38 28614
2 38 28614
3 38 1 28614 1
1 39 3690
2 39 3690
3 39 1 3690 1
1 39 6175
2 39 6175
3 39 1 6175 1
1 39 8002
2 39 8002
3 39 1 8002 1
1 39 8994
2 39 8994
3 39 1 8994 1
1 39 14066
2 39 14066
3 39 1 14066 1
1 39 15282
2 39 15282
3 39 1 15282 1
1 39 19022
2 39 19022
3 39 1 19022 1
1 39 19951
2 39 19951
3 39 1 19951 1
1 39 21810
2 39 21810
3 39 1 21810 1
1 39 22838
2 39 22838
3 39 1 22838 1
1 39 27701
2 39 27701
3 39 1 27701 1
1 40 469
2 40 469
3 40 1 469 1
1 40 9568
2 40 9568
3 40 1 9568 1
1 40 10414
2 40 10414
3 40 1 10414 1
1 40 15913
2 40 15913
3 40 1 15913 1
1 40 18345
2 40 18345
3 40 1 18345 1
1 40 18735
2 40 18735
3 40 1 18735 1
1 40 20262
2 40 20262
3 40 1 20262 1
1 40 22055
2 40 22055
3 40 1 22055 1
1 40 22193
2 40 22193
3 40 1 22193 1
1 40 24560
2 40 24560
3 40 1 24560 1
1 40 25056
2 40 25056
3 40 1 25056 1
1 40 27536
2 40 27536
3 40 1 27536 1
1 41 106
2 41 106
3 41 1 106 1
1 41 3315
2 41 3315
3 41 1 3315 1
1 41 5077
2 41 5077
3 41 1 5077 1
1 41 6765
2 41 6765
3 41 1 6765 1
1 41 10689
2 41 10689
3 41 1 10689 1
1 41 14290
2 41 14290
3 41 1 14290 1
1 41 16855
2 41 16855
3 41 1 16855 1
1 41 19544
2 41 19544
3 41 1 19544 1
1 41 22445
2 41 22445
3 41 1 22445 1
1 41 25522
2 41 25522
3 41 1 25522 1
1 41 28008
2 41 28008
3 41 1 28008 1
1 42 1020
2 42 1020
3 42 1 1020 1
1 42 1694
2 42 1694
3 42 1 1694 1
1 42 3032
2 42 3032
3 42 1 3032 1
1 42 5710
2 42 5710
3 42 1 5710 1
1 42 7128
2 42 7128
3 42 1 7128 1
1 42 9160
2 42 9160
3 42 1 9160 1
1 42 9567
2 42 9567
3 42 1 9567 1
1 42 10336
2 42 10336
3 42 1 10336 1
1 42 12713
2 42 12713
3 42 1 12713 1
1 42 12973
2 42 12973
3 42 1 12973 1
1 42 19928
2 42 19928
3 42 1 19928 1
1 42 22816
2 42 22816
3 42 1 22816 1
1 42 26823
2 42 26823
3 42 1 26823 1
1 42 28543
2 42 28543
3 42 1 28543 1
1 43 2552
2 43 2552
3 43 1 2552 1
1 43 10035
2 43 10035
3 43 1 10035 1
1 43 15857
2 43 15857
3 43 1 15857 1
1 43 20949
2 43 20949
3 43 1 20949 1
1 43 21836
2 43 21836
3 43 1 21836 1
1 43 22815
2 43 22815
3 43 1 22815 1
1 43 23306
2 43 23306
3 43 1 23306 1
1 43 26295
2 43 26295
3 43 1 26295 1
1 44 920
2 44 920
3 44 1 920 1
1 44 2065
2 44 2065
3 44 1 2065 1
1 44 3667
2 44 3667
3 44 1 3667 1
1 44 7237
2 44 7237
3 44 1 7237 1
1 44 7644
2 44 7644
3 44 1 7644 1
1 44 7949
2 44 7949
3 44 1 7949 1
1 44 11484
2 44 11484
3 44 1 11484 1
1 44 12867
2 44 12867
3 44 1 12867 1
1 44 14901
2 44 14901
3 44 1 14901 1
1 44 19414
2 44 19414
3 44 1 19414 1
1 44 22098
2 44 22098
3 44 1 22098 1
1 44 26659
2 44 26659
3 44 1 26659 1
1 44 28347
2 44 28347
3 44 1 28347 1
1 45 3003
2 45 3003
3 45 1 3003 1
1 45 6781
2 45 6781
3 45 1 6781 1
1 45 9573
2 45 9573
3 45 1 9573 1
1 45 16026
2 45 16026
3 45 1 16026 1
1 45 19771
2 45 19771
3 45 1 19771 1
1 45 21039
2 45 21039
3 45 1 21039 1
1 45 24086
2 45 24086
3 45 1 24086 1
1 46 3093
2 46 3093
3 46 1 3093 1
1 46 5428
2 46 5428
3 46 1 5428 1
1 46 7827
2 46 7827
3 46 1 7827 1
1 46 11064
2 46 11064
3 46 1 11064 1
1 46 16152
2 46 16152
3 46 1 16152 1
1 46 18424
2 46 18424
3 46 1 18424 1
1 46 22775
2 46 22775
3 46 1 22775 1
1 46 25334
2 46 25334
3 46 1 25334 1
1 46 25594
2 46 25594
3 46 1 25594 1
1 46 27385
2 46 27385
3 46 1 27385 1
1 47 1541
2 47 1541
3 47 1 1541 1
1 47 1983
2 47 1983
3 47 1 1983 1
1 47 2546
2 47 2546
3 47 1 2546 1
1 47 3592
2 47 3592
3 47 1 3592 1
1 47 5498
2 47 5498
3 47 1 5498 1
1 47 7811
2 47 7811
3 47 1 7811 1
1 47 11753
2 47 11753
3 47 1 11753 1
1 47 14020
2 47 14020
3 47 1 14020 1
1 47 18052
2 47 18052
3 47 1 18052 1
1 47 22503
2 47 22503
3 47 1 22503 1
1 47 25555
2 47 25555
3 47 1 25555 1
1 47 28005
2 47 28005
3 47 1 28005 1
1 48 1749
2 48 1749
3 48 1 1749 1
1 48 5629
2 48 5629
3 48 1 5629 1
1 48 7603
2 48 7603
3 48 1 7603 1
1 48 10079
2 48 10079
3 48 1 10079 1
1 48 11513
2 48 11513
3 48 1 11513 1
1 48 12825
2 48 12825
3 48 1 12825 1
1 48 13791
2 48 13791
3 48 1 13791 1
1 48 15770
2 48 15770
3 48 1 15770 1
1 48 17972
2 48 17972
3 48 1 17972 1
1 48 18845
2 48 18845
3 48 1 18845 1
1 48 20229
2 48 20229
3 48 1 20229 1
1 48 21384
2 48 21384
3 48 1 21384 1
1 48 26771
2 48 26771
3 48 1 26771 1
1 49 2539
2 49 2539
3 49 1 2539 1
1 49 5133
2 49 5133
3 49 1 5133 1
1 49 5763
2 49 5763
3 49 1 5763 1
1 49 8695
2 49 8695
3 49 1 8695 1
1 49 11221
2 49 11221
3 49 1 11221 1
1 49 13645
2 49 13645
3 49 1 13645 1
1 49 14209
2 49 14209
3 49 1 14209 1
1 49 19817
2 49 19817
3 49 1 19817 1
1 49 21290
2 49 21290
3 49 1 21290 1
1 49 23749
2 49 23749
3 49 1 23749 1
1 49 25623
2 49 25623
3 49 1 25623 1
1 49 28326
2 49 28326
3 49 1 28326 1
1 50 1636
2 50 1636
3 50 1 1636 1
1 50 3340
2 50 3340
3 50 1 3340 1
1 50 3692
2 50 3692
3 50 1 3692 1
1 50 10605
2 50 10605
3 50 1 10605 1
1 50 12554
2 50 12554
3 50 1 12554 1
1 50 13812
2 50 13812
3 50 1 13812 1
1 50 17466
2 50 17466
3 50 1 17466 1
1 50 20517
2 50 20517
3 50 1 20517 1
1 50 23564
2 50 23564
3 50 1 23564 1
1 50 26026
2 50 26026
3 50 1 26026 1
1 50 28352
2 50 28352
3 50 1 28352 1
1 51 3649
2 51 3649
3 51 1 3649 1
1 51 7398
2 51 7398
3 51 1 7398 1
1 51 9460
2 51 9460
3 51 1 9460 1
1 51 13611
2 51 13611
3 51 1 13611 1
1 51 16949
2 51 16949
3 51 1 16949 1
1 51 22632
2 51 22632
3 51 1 22632 1
1 51 24582
2 51 24582
3 51 1 24582 1
1 51 24969
2 51 24969
3 51 1 24969 1
1 51 27435
2 51 27435
3 51 1 27435 1
1 52 1276
2 52 1276
3 52 1 1276 1
1 52 2845
2 52 2845
3 52 1 2845 1
1 52 4573
2 52 4573
3 52 1 4573 1
1 52 6577
2 52 6577
3 52 1 6577 1
1 52 9089
2 52 9089
3 52 1 9089 1
1 52 17257
2 52 17257
3 52 1 17257 1
1 52 20027
2 52 20027
3 52 1 20027 1
1 52 22991
2 52 22991
3 52 1 22991 1
1 52 27288
2 52 27288
3 52 1 27288 1
1 53 3784
2 53 3784
3 53 1 3784 1
1 53 8379
2 53 8379
3 53 1 8379 1
1 53 10870
2 53 10870
3 53 1 10870 1
1 53 12467
2 53 12467
3 53 1 12467 1
1 53 13010
2 53 13010
3 53 1 13010 1
1 53 14765
2 53 14765
3 53 1 14765 1
1 53 16070
2 53 16070
3 53 1 16070 1
1 53 17679
2 53 17679
3 53 1 17679 1
1 53 18648
2 53 18648
3 53 1 18648 1
1 53 22737
2 53 22737
3 53 1 22737 1
1 53 23323
2 53 23323
3 53 1 23323 1
1 53 24015
2 53 24015
3 53 1 24015 1
1 53 27205
2 53 27205
3 53 1 27205 1
1 53 28453
2 53 28453
3 53 1 28453 1
1 54 4593
2 54 4593
3 54 1 4593 1
1 54 6249
2 54 6249
3 54 1 6249 1
1 54 11781
2 54 11781
3 54 1 11781 1
1 54 18277
2 54 18277
3 54 1 18277 1
1 54 18760
2 54 18760
3 54 1 18760 1
1 54 19885
2 54 19885
3 54 1 19885 1
1 54 20932
2 54 20932
3 54 1 20932 1
1 54 22971
2 54 22971
3 54 1 22971 1
1 54 26820
2 54 26820
3 54 1 26820 1
1 54 28631
2 54 28631
3 54 1 28631 1
1 55 1337
2 55 1337
3 55 1 1337 1
1 55 3187
2 55 3187
3 55 1 3187 1
1 55 8547
2 55 8547
3 55 1 8547 1
1 55 14234
2 55 14234
3 55 1 14234 1
1 55 15570
2 55 15570
3 55 1 15570 1
1 55 15829
2 55 15829
3 55 1 15829 1
1 55 16890
2 55 16890
3 55 1 16890 1
1 55 19482
2 55 19482
3 55 1 19482 1
1 55 20746
2 55 20746
3 55 1 20746 1
1 55 22433
2 55 22433
3 55 1 22433 1
1 55 26891
2 55 26891
3 55 1 26891 1
1 56 1210
2 56 1210
3 56 1 1210 1
1 56 2548
2 56 2548
3 56 1 2548 1
1 56 3841
2 56 3841
3 56 1 3841 1
1 56 7203
2 56 7203
3 56 1 7203 1
1 56 15000
2 56 15000
3 56 1 15000 1
1 56 16157
2 56 16157
3 56 1 16157 1
1 56 16795
2 56 16795
3 56 1 16795 1
1 56 18671
2 56 18671
3 56 1 18671 1
1 56 21854
2 56 21854
3 56 1 21854 1
1 56 22857
2 56 22857
3 56 1 22857 1
1 56 25630
2 56 25630
3 56 1 25630 1
1 56 28629
2 56 28629
3 56 1 28629 1
1 57 1761
2 57 1761
3 57 1 1761 1
1 57 4512
2 57 4512
3 57 1 4512 1
1 57 5854
2 57 5854
3 57 1 5854 1
1 57 8531
2 57 8531
3 57 1 8531 1
1 57 10472
2 57 10472
3 57 1 10472 1
1 57 14724
2 57 14724
3 57 1 14724 1
1 57 17448
2 57 17448
3 57 1 17448 1
1 57 18616
2 57 18616
3 57 1 18616 1
1 57 23310
2 57 23310
3 57 1 23310 1
1 57 28017
2 57 28017
3 57 1 28017 1
1 58 390
2 58 390
3 58 1 390 1
1 58 1578
2 58 1578
3 58 1 1578 1
1 58 4579
2 58 4579
3 58 1 4579 1
1 58 5332
2 58 5332
3 58 1 5332 1
1 58 6519
2 58 6519
3 58 1 6519 1
1 58 10586
2 58 10586
3 58 1 10586 1
1 58 15261
2 58 15261
3 58 1 15261 1
1 58 20252
2 58 20252
3 58 1 20252 1
1 58 24503
2 58 24503
3 58 1 24503 1
1 58 27116
2 58 27116
3 58 1 27116 1
1 59 2781
2 59 2781
3 59 1 2781 1
1 59 3431
2 59 3431
3 59 1 3431 1
1 59 6130
2 59 6130
3 59 1 6130 1
1 59 6870
2 59 6870
3 59 1 6870 1
1 59 8507
2 59 8507
3 59 1 8507 1
1 59 10034
2 59 10034
3 59 1 10034 1
1 59 14266
2 59 14266
3 59 1 14266 1
1 59 15379
2 59 15379
3 59 1 15379 1
1 59 16920
2 59 16920
3 59 1 16920 1
1 59 22491
2 59 22491
3 59 1 22491 1
1 59 26059
2 59 26059
3 59 1 26059 1
1 60 368
2 60 368
3 60 1 368 1
1 60 1882
2 60 1882
3 60 1 1882 1
1 60 2498
2 60 2498
3 60 1 2498 1
1 60 5430
2 60 5430
3 60 1 5430 1
1 60 7931
2 60 7931
3 60 1 7931 1
1 60 10352
2 60 10352
3 60 1 10352 1
1 60 14810
2 60 14810
3 60 1 14810 1
1 60 18137
2 60 18137
3 60 1 18137 1
1 60 20016
2 60 20016
3 60 1 20016 1
1 60 22629
2 60 22629
3 60 1 22629 1
1 60 24125
2 60 24125
3 60 1 24125 1
1 30 251
2 30 251
3 30 1 251 1
1 30 1232
2 30 1232
3 30 1 1232 1
1 30 2067
2 30 2067
3 30 1 2067 1
1 30 2601
2 30 2601
3 30 1 2601 1
1 30 3570
2 30 3570
3 30 1 3570 1
1 30 4629
2 30 4629
3 30 1 4629 1
1 30 5604
2 30 5604
3 30 1 5604 1
1 30 6623
2 30 6623
3 30 1 6623 1
1 30 7676
2 30 7676
3 30 1 7676 1
1 30 8383
2 30 8383
3 30 1 8383 1
1 30 10891
2 30 10891
3 30 1 10891 1
1 30 12025
2 30 12025
3 30 1 12025 1
1 30 13561
2 30 13561
3 30 1 13561 1
1 30 16985
2 30 16985
3 30 1 16985 1
1 30 18111
2 30 18111
3 30 1 18111 1
1 30 20283
2 30 20283
3 30 1 20283 1
1 30 21584
2 30 21584
3 30 1 21584 1
1 30 22357
2 30 22357
3 30 1 22357 1
1 30 23528
2 30 23528
3 30 1 23528 1
1 30 24736
2 30 24736
3 30 1 24736 1
1 30 26660
2 30 26660
3 30 1 26660 1
1 30 27306
2 30 27306
3 30 1 27306 1
1 30 28687
2 30 28687
3 30 1 28687 1
1 31 498
2 31 498
3 31 1 498 1
1 31 1303
2 31 1303
3 31 1 1303 1
1 31 2994
2 31 2994
3 31 1 2994 1
1 31 3569
2 31 3569
3 31 1 3569 1
1 31 4205
2 31 4205
3 31 1 4205 1
1 31 6879
2 31 6879
3 31 1 6879 1
1 31 8971
2 31 8971
3 31 1 8971 1
1 31 12684
2 31 12684
3 31 1 12684 1
1 31 15310
2 31 15310
3 31 1 15310 1
1 31 17229
2 31 17229
3 31 1 17229 1
1 31 18334
2 31 18334
3 31 1 18334 1
1 31 19753
2 31 19753
3 31 1 19753 1
1 31 20359
2 31 20359
3 31 1 20359 1
1 31 21842
2 31 21842
3 31 1 21842 1
1 31 23597
2 31 23597
3 31 1 23597 1
1 31 25199
2 31 25199
3 31 1 25199 1
1 31 27278
2 31 27278
3 31 1 27278 1
1 31 28533
2 31 28533
3 31 1 28533 1
1 32 389
2 32 389
3 32 1 389 1
1 32 2604
2 32 2604
3 32 1 2604 1
1 32 3587
2 32 3587
3 32 1 3587 1
1 32 6207
2 32 6207
3 32 1 6207 1
1 32 7193
2 32 7193
3 32 1 7193 1
1 32 10093
2 32 10093
3 32 1 10093 1
1 32 10539
2 32 10539
3 32 1 10539 1
1 32 11195
2 32 11195
3 32 1 11195 1
1 32 11747
2 32 11747
3 32 1 11747 1
1 32 12436
2 32 12436
3 32 1 12436 1
1 32 14239
2 32 14239
3 32 1 14239 1
1 32 16123
2 32 16123
3 32 1 16123 1
1 32 16789
2 32 16789
3 32 1 16789 1
1 32 21050
2 32 21050
3 32 1 21050 1
1 32 23013
2 32 23013
3 32 1 23013 1
1 32 24268
2 32 24268
3 32 1 24268 1
1 32 24633
2 32 24633
3 32 1 24633 1
1 32 26967
2 32 26967
3 32 1 26967 1
1 32 28461
2 32 28461
3 32 1 28461 1
1 33 1388
2 33 1388
3 33 1 1388 1
1 33 3066
2 33 3066
3 33 1 3066 1
1 33 3282
2 33 3282
3 33 1 3282 1
1 33 4137
2 33 4137
3 33 1 4137 1
1 33 5624
2 33 5624
3 33 1 5624 1
1 33 6187
2 33 6187
3 33 1 6187 1
1 33 8291
2 33 8291
3 33 1 8291 1
1 33 8318
2 33 8318
3 33 1 8318 1
1 33 10062
2 33 10062
3 33 1 10062 1
1 33 11973
2 33 11973
3 33 1 11973 1
1 33 15107
2 33 15107
3 33 1 15107 1
1 33 15617
2 33 15617
3 33 1 15617 1
1 33 16316
2 33 16316
3 33 1 16316 1
1 33 17191
2 33 17191
3 33 1 17191 1
1 33 19181
2 33 19181
3 33 1 19181 1
1 33 20704
2 33 20704
3 33 1 20704 1
1 33 21248
2 33 21248
3 33 1 21248 1
1 33 25102
2 33 25102
3 33 1 25102 1
1 33 26015
2 33 26015
3 33 1 26015 1
1 33 27016
2 33 27016
3 33 1 27016 1
1 33 27557
2 33 27557
3 33 1 27557 1
1 34 224
2 34 224
3 34 1 224 1
1 34 1793
2 34 1793
3 34 1 1793 1
1 34 3753
2 34 3753
3 34 1 3753 1
1 34 6404
2 34 6404
3 34 1 6404 1
1 34 8533
2 34 8533
3 34 1 8533 1
1 34 10897
2 34 10897
3 34 1 10897 1
1 34 11554
2 34 11554
3 34 1 11554 1
1 34 13390
2 34 13390
3 34 1 13390 1
1 34 14762
2 34 14762
3 34 1 14762 1
1 34 14913
2 34 14913
3 34 1 14913 1
1 34 15355
2 34 15355
3 34 1 15355 1
1 34 16346
2 34 16346
3 34 1 16346 1
1 34 17256
2 34 17256
3 34 1 17256 1
1 34 18416
2 34 18416
3 34 1 18416 1
1 34 19508
2 34 19508
3 34 1 19508 1
1 34 24013
2 34 24013
3 34 1 24013 1
1 34 25358
2 34 25358
3 34 1 25358 1
1 34 26558
2 34 26558
3 34 1 26558 1
1 34 28612
2 34 28612
3 34 1 28612 1
1 35 1360
2 35 1360
3 35 1 1360 1
1 35 2950
2 35 2950
3 35 1 2950 1
1 35 4453
2 35 4453
3 35 1 4453 1
1 35 4854
2 35 4854
3 35 1 4854 1
1 35 6231
2 35 6231
3 35 1 6231 1
1 35 6529
2 35 6529
3 35 1 6529 1
1 35 9334
2 35 9334
3 35 1 9334 1
1 35 10867
2 35 10867
3 35 1 10867 1
1 35 11790
2 35 11790
3 35 1 11790 1
1 35 13021
2 35 13021
3 35 1 13021 1
1 35 15161
2 35 15161
3 35 1 15161 1
1 35 17526
2 35 17526
3 35 1 17526 1
1 35 17954
2 35 17954
3 35 1 17954 1
1 35 18641
2 35 18641
3 35 1 18641 1
1 35 19886
2 35 19886
3 35 1 19886 1
1 35 21213
2 35 21213
3 35 1 21213 1
1 35 23196
2 35 23196
3 35 1 23196 1
1 35 26369
2 35 26369
3 35 1 26369 1
1 35 27164
2 35 27164
3 35 1 27164 1
1 36 2196
2 36 2196
3 36 1 2196 1
1 36 4749
2 36 4749
3 36 1 4749 1
1 36 5224
2 36 5224
3 36 1 5224 1
1 36 6285
2 36 6285
3 36 1 6285 1
1 36 8311
2 36 8311
3 36 1 8311 1
1 36 10804
2 36 10804
3 36 1 10804 1
1 36 12295
2 36 12295
3 36 1 12295 1
1 36 14896
2 36 14896
3 36 1 14896 1
1 36 16568
2 36 16568
3 36 1 16568 1
1 36 17802
2 36 17802
3 36 1 17802 1
1 36 19004
2 36 19004
3 36 1 19004 1
1 36 20142
2 36 20142
3 36 1 20142 1
1 36 21792
2 36 21792
3 36 1 21792 1
1 36 24420
2 36 24420
3 36 1 24420 1
1 36 25258
2 36 25258
3 36 1 25258 1
1 36 28822
2 36 28822
3 36 1 28822 1
1 37 453
2 37 453
3 37 1 453 1
1 37 3368
2 37 3368
3 37 1 3368 1
1 37 4735
2 37 4735
3 37 1 4735 1
1 37 9642
2 37 9642
3 37 1 9642 1
1 37 11932
2 37 11932
3 37 1 11932 1
1 37 12820
2 37 12820
3 37 1 12820 1
1 37 14256
2 37 14256
3 37 1 14256 1
1 37 15629
2 37 15629
3 37 1 15629 1
1 37 16304
2 37 16304
3 37 1 16304 1
1 37 17575
2 37 17575
3 37 1 17575 1
1 37 20207
2 37 20207
3 37 1 20207 1
1 37 22095
2 37 22095
3 37 1 22095 1
1 37 22477
2 37 22477
3 37 1 22477 1
1 37 23981
2 37 23981
3 37 1 23981 1
1 37 24962
2 37 24962
3 37 1 24962 1
1 37 25645
2 37 25645
3 37 1 25645 1
1 38 324
2 38 324
3 38 1 324 1
1 38 2606
2 38 2606
3 38 1 2606 1
1 38 2783
2 38 2783
3 38 1 2783 1
1 38 5842
2 38 5842
3 38 1 5842 1
1 38 6555
2 38 6555
3 38 1 6555 1
1 38 8643
2 38 8643
3 38 1 8643 1
1 38 11714
2 38 11714
3 38 1 11714 1
1 38 12477
2 38 12477
3 38 1 12477 1
1 38 15922
2 38 15922
3 38 1 15922 1
1 38 16892
2 38 16892
3 38 1 16892 1
1 38 17944
2 38 17944
3 38 1 17944 1
1 38 24304
2 38 24304
3 38 1 24304 1
1 38 26185
2 38 26185
3 38 1 26185 1
1 39 1071
2 39 1071
3 39 1 1071 1
1 39 2044
2 39 2044
3 39 1 2044 1
1 39 3990
2 39 3990
3 39 1 3990 1
1 39 5869
2 39 5869
3 39 1 5869 1
1 39 6359
2 39 6359
3 39 1 6359 1
1 39 8598
2 39 8598
3 39 1 8598 1
1 39 10429
2 39 10429
3 39 1 10429 1
1 39 11006
2 39 11006
3 39 1 11006 1
1 39 14683
2 39 14683
3 39 1 14683 1
1 39 22546
2 39 22546
3 39 1 22546 1
1 39 25536
2 39 25536
3 39 1 25536 1
1 39 27248
2 39 27248
3 39 1 27248 1
1 39 28797
2 39 28797
3 39 1 28797 1
1 40 1169
2 40 1169
3 40 1 1169 1
1 40 1283
2 40 1283
3 40 1 1283 1
1 40 3297
2 40 3297
3 40 1 3297 1
1 40 6717
2 40 6717
3 40 1 6717 1
1 40 8651
2 40 8651
3 40 1 8651 1
1 40 9284
2 40 9284
3 40 1 9284 1
1 40 10077
2 40 10077
3 40 1 10077 1
1 40 10888
2 40 10888
3 40 1 10888 1
1 40 14282
2 40 14282
3 40 1 14282 1
1 40 16367
2 40 16367
3 40 1 16367 1
1 40 18895
2 40 18895
3 40 1 18895 1
1 40 21906
2 40 21906
3 40 1 21906 1
1 40 25180
2 40 25180
3 40 1 25180 1
1 40 28745
2 40 28745
3 40 1 28745 1
1 41 1294
2 41 1294
3 41 1 1294 1
1 41 2710
2 41 2710
3 41 1 2710 1
1 41 7963
2 41 7963
3 41 1 7963 1
1 41 8408
2 41 8408
3 41 1 8408 1
1 41 9745
2 41 9745
3 41 1 9745 1
1 41 11239
2 41 11239
3 41 1 11239 1
1 41 12670
2 41 12670
3 41 1 12670 1
1 41 13781
2 41 13781
3 41 1 13781 1
1 41 14964
2 41 14964
3 41 1 14964 1
1 41 15541
2 41 15541
3 41 1 15541 1
1 41 17956
2 41 17956
3 41 1 17956 1
1 41 18390
2 41 18390
3 41 1 18390 1
1 41 19523
2 41 19523
3 41 1 19523 1
1 41 22685
2 41 22685
3 41 1 22685 1
1 41 23077
2 41 23077
3 41 1 23077 1
1 41 23560
2 41 23560
3 41 1 23560 1
1 41 24709
2 41 24709
3 41 1 24709 1
1 42 1742
2 42 1742
3 42 1 1742 1
1 42 2329
2 42 2329
3 42 1 2329 1
1 42 3377
2 42 3377
3 42 1 3377 1
1 42 5144
2 42 5144
3 42 1 5144 1
1 42 6762
2 42 6762
3 42 1 6762 1
1 42 8800
2 42 8800
3 42 1 8800 1
1 42 14973
2 42 14973
3 42 1 14973 1
1 42 15479
2 42 15479
3 42 1 15479 1
1 42 17843
2 42 17843
3 42 1 17843 1
1 42 19937
2 42 19937
3 42 1 19937 1
1 42 20441
2 42 20441
3 42 1 20441 1
1 42 21399
2 42 21399
3 42 1 21399 1
1 42 22065
2 42 22065
3 42 1 22065 1
1 42 23435
2 42 23435
3 42 1 23435 1
1 42 24160
2 42 24160
3 42 1 24160 1
1 42 25452
2 42 25452
3 42 1 25452 1
1 42 27075
2 42 27075
3 42 1 27075 1
1 43 2272
2 43 2272
3 43 1 2272 1
1 43 3374
2 43 3374
3 43 1 3374 1
1 43 4807
2 43 4807
3 43 1 4807 1
1 43 5258
2 43 5258
3 43 1 5258 1
1 43 5316
2 43 5316
3 43 1 5316 1
1 43 5787
2 43 5787
3 43 1 5787 1
1 43 6336
2 43 6336
3 43 1 6336 1
1 43 7101
2 43 7101
3 43 1 7101 1
1 43 10136
2 43 10136
3 43 1 10136 1
1 43 12261
2 43 12261
3 43 1 12261 1
1 43 14500
2 43 14500
3 43 1 14500 1
1 43 14870
2 43 14870
3 43 1 14870 1
1 43 15306
2 43 15306
3 43 1 15306 1
1 43 16649
2 43 16649
3 43 1 16649 1
1 43 17095
2 43 17095
3 43 1 17095 1
1 43 17581
2 43 17581
3 43 1 17581 1
1 43 18967
2 43 18967
3 43 1 18967 1
1 43 20458
2 43 20458
3 43 1 20458 1
1 43 22461
2 43 22461
3 43 1 22461 1
1 43 24380
2 43 24380
3 43 1 24380 1
1 43 25269
2 43 25269
3 43 1 25269 1
1 43 28489
2 43 28489
3 43 1 28489 1
1 44 944
2 44 944
3 44 1 944 1
1 44 1860
2 44 1860
3 44 1 1860 1
1 44 2856
2 44 2856
3 44 1 2856 1
1 44 3546
2 44 3546
3 44 1 3546 1
1 44 4368
2 44 4368
3 44 1 4368 1
1 44 4811
2 44 4811
3 44 1 4811 1
1 44 5469
2 44 5469
3 44 1 5469 1
1 44 8931
2 44 8931
3 44 1 8931 1
1 44 10073
2 44 10073
3 44 1 10073 1
1 44 14817
2 44 14817
3 44 1 14817 1
1 44 17696
2 44 17696
3 44 1 17696 1
1 44 18485
2 44 18485
3 44 1 18485 1
1 44 19545
2 44 19545
3 44 1 19545 1
1 44 20698
2 44 20698
3 44 1 20698 1
1 44 21790
2 44 21790
3 44 1 21790 1
1 44 22558
2 44 22558
3 44 1 22558 1
1 44 22998
2 44 22998
3 44 1 22998 1
1 44 23438
2 44 23438
3 44 1 23438 1
1 44 25675
2 44 25675
3 44 1 25675 1
1 45 847
2 45 847
3 45 1 847 1
1 45 1903
2 45 1903
3 45 1 1903 1
1 45 3779
2 45 3779
3 45 1 3779 1
1 45 6909
2 45 6909
3 45 1 6909 1
1 45 8936
2 45 8936
3 45 1 8936 1
1 45 11186
2 45 11186
3 45 1 11186 1
1 45 13184
2 45 13184
3 45 1 13184 1
1 45 13724
2 45 13724
3 45 1 13724 1
1 45 14622
2 45 14622
3 45 1 14622 1
1 45 15866
2 45 15866
3 45 1 15866 1
1 45 18299
2 45 18299
3 45 1 18299 1
1 45 18738
2 45 18738
3 45 1 18738 1
1 45 19743
2 45 19743
3 45 1 19743 1
1 45 21642
2 45 21642
3 45 1 21642 1
1 45 22315
2 45 22315
3 45 1 22315 1
1 45 26381
2 45 26381
3 45 1 26381 1
1 45 27041
2 45 27041
3 45 1 27041 1
1 45 28316
2 45 28316
3 45 1 28316 1
1 46 2192
2 46 2192
3 46 1 2192 1
1 46 2789
2 46 2789
3 46 1 2789 1
1 46 2867
2 46 2867
3 46 1 2867 1
1 46 6794
2 46 6794
3 46 1 6794 1
1 46 7385
2 46 7385
3 46 1 7385 1
1 46 7854
2 46 7854
3 46 1 7854 1
1 46 8782
2 46 8782
3 46 1 8782 1
1 46 10416
2 46 10416
3 46 1 10416 1
1 46 10690
2 46 10690
3 46 1 10690 1
1 46 12692
2 46 12692
3 46 1 12692 1
1 46 14059
2 46 14059
3 46 1 14059 1
1 46 15131
2 46 15131
3 46 1 15131 1
1 46 17751
2 46 17751
3 46 1 17751 1
1 46 19427
2 46 19427
3 46 1 19427 1
1 46 21111
2 46 21111
3 46 1 21111 1
1 46 22661
2 46 22661
3 46 1 22661 1
1 46 26582
2 46 26582
3 46 1 26582 1
1 47 1403
2 47 1403
3 47 1 1403 1
1 47 1727
2 47 1727
3 47 1 1727 1
1 47 4388
2 47 4388
3 47 1 4388 1
1 47 5167
2 47 5167
3 47 1 5167 1
1 47 5650
2 47 5650
3 47 1 5650 1
1 47 6714
2 47 6714
3 47 1 6714 1
1 47 7770
2 47 7770
3 47 1 7770 1
1 47 9620
2 47 9620
3 47 1 9620 1
1 47 11755
2 47 11755
3 47 1 11755 1
1 47 12946
2 47 12946
3 47 1 12946 1
1 47 15506
2 47 15506
3 47 1 15506 1
1 47 15714
2 47 15714
3 47 1 15714 1
1 47 17356
2 47 17356
3 47 1 17356 1
1 47 20266
2 47 20266
3 47 1 20266 1
1 47 21599
2 47 21599
3 47 1 21599 1
1 47 21941
2 47 21941
3 47 1 21941 1
1 47 22464
2 47 22464
3 47 1 22464 1
1 47 23353
2 47 23353
3 47 1 23353 1
1 47 24170
2 47 24170
3 47 1 24170 1
1 47 26742
2 47 26742
3 47 1 26742 1
1 48 43
2 48 43
3 48 1 43 1
1 48 1862
2 48 1862
3 48 1 1862 1
1 48 4673
2 48 4673
3 48 1 4673 1
1 48 4966
2 48 4966
3 48 1 4966 1
1 48 7022
2 48 7022
3 48 1 7022 1
1 48 7266
2 48 7266
3 48 1 7266 1
1 48 11735
2 48 11735
3 48 1 11735 1
1 48 12769
2 48 12769
3 48 1 12769 1
1 48 13563
2 48 13563
3 48 1 13563 1
1 48 16470
2 48 16470
3 48 1 16470 1
1 48 17081
2 48 17081
3 48 1 17081 1
1 48 17442
2 48 17442
3 48 1 17442 1
1 48 18494
2 48 18494
3 48 1 18494 1
1 48 18739
2 48 18739
3 48 1 18739 1
1 48 22326
2 48 22326
3 48 1 22326 1
1 48 23747
2 48 23747
3 48 1 23747 1
1 48 25395
2 48 25395
3 48 1 25395 1
1 48 27613
2 48 27613
3 48 1 27613 1
1 48 28595
2 48 28595
3 48 1 28595 1
1 49 2813
2 49 2813
3 49 1 2813 1
1 49 4284
2 49 4284
3 49 1 4284 1
1 49 4414
2 49 4414
3 49 1 4414 1
1 49 5503
2 49 5503
3 49 1 5503 1
1 49 6708
2 49 6708
3 49 1 6708 1
1 49 9320
2 49 9320
3 49 1 9320 1
1 49 10677
2 49 10677
3 49 1 10677 1
1 49 11341
2 49 11341
3 49 1 11341 1
1 49 12543
2 49 12543
3 49 1 12543 1
1 49 14079
2 49 14079
3 49 1 14079 1
1 49 16312
2 49 16312
3 49 1 16312 1
1 49 17070
2 49 17070
3 49 1 17070 1
1 49 18979
2 49 18979
3 49 1 18979 1
1 49 20291
2 49 20291
3 49 1 20291 1
1 49 20990
2 49 20990
3 49 1 20990 1
1 49 21846
2 49 21846
3 49 1 21846 1
1 49 23291
2 49 23291
3 49 1 23291 1
1 49 24951
2 49 24951
3 49 1 24951 1
1 49 26965
2 49 26965
3 49 1 26965 1
1 49 28866
2 49 28866
3 49 1 28866 1
1 50 2930
2 50 2930
3 50 1 2930 1
1 50 4518
2 50 4518
3 50 1 4518 1
1 50 5837
2 50 5837
3 50 1 5837 1
1 50 7035
2 50 7035
3 50 1 7035 1
1 50 8081
2 50 8081
3 50 1 8081 1
1 50 9632
2 50 9632
3 50 1 9632 1
1 50 13173
2 50 13173
3 50 1 13173 1
1 50 14198
2 50 14198
3 50 1 14198 1
1 50 17611
2 50 17611
3 50 1 17611 1
1 50 18226
2 50 18226
3 50 1 18226 1
1 50 18599
2 50 18599
3 50 1 18599 1
1 50 19315
2 50 19315
3 50 1 19315 1
1 50 20518
2 50 20518
3 50 1 20518 1
1 50 21332
2 50 21332
3 50 1 21332 1
1 50 24317
2 50 24317
3 50 1 24317 1
1 50 27565
2 50 27565
3 50 1 27565 1
1 51 326
2 51 326
3 51 1 326 1
1 51 2013
2 51 2013
3 51 1 2013 1
1 51 3166
2 51 3166
3 51 1 3166 1
1 51 4771
2 51 4771
3 51 1 4771 1
1 51 5373
2 51 5373
3 51 1 5373 1
1 51 5886
2 51 5886
3 51 1 5886 1
1 51 9988
2 51 9988
3 51 1 9988 1
1 51 13044
2 51 13044
3 51 1 13044 1
1 51 21429
2 51 21429
3 51 1 21429 1
1 51 23675
2 51 23675
3 51 1 23675 1
1 51 24982
2 51 24982
3 51 1 24982 1
1 51 25769
2 51 25769
3 51 1 25769 1
1 52 524
2 52 524
3 52 1 524 1
1 52 2977
2 52 2977
3 52 1 2977 1
1 52 3199
2 52 3199
3 52 1 3199 1
1 52 6845
2 52 6845
3 52 1 6845 1
1 52 7911
2 52 7911
3 52 1 7911 1
1 52 8943
2 52 8943
3 52 1 8943 1
1 52 10262
2 52 10262
3 52 1 10262 1
1 52 12893
2 52 12893
3 52 1 12893 1
1 52 14257
2 52 14257
3 52 1 14257 1
1 52 15524
2 52 15524
3 52 1 15524 1
1 52 17470
2 52 17470
3 52 1 17470 1
1 52 18553
2 52 18553
3 52 1 18553 1
1 52 19986
2 52 19986
3 52 1 19986 1
1 52 23998
2 52 23998
3 52 1 23998 1
1 52 25881
2 52 25881
3 52 1 25881 1
1 52 27266
2 52 27266
3 52 1 27266 1
1 53 26
2 53 26
3 53 1 26 1
1 53 738
2 53 738
3 53 1 738 1
1 53 786
2 53 786
3 53 1 786 1
1 53 1463
2 53 1463
3 53 1 1463 1
1 53 4981
2 53 4981
3 53 1 4981 1
1 53 7919
2 53 7919
3 53 1 7919 1
1 53 11134
2 53 11134
3 53 1 11134 1
1 53 14050
2 53 14050
3 53 1 14050 1
1 53 16716
2 53 16716
3 53 1 16716 1
1 53 18027
2 53 18027
3 53 1 18027 1
1 53 19640
2 53 19640
3 53 1 19640 1
1 53 20663
2 53 20663
3 53 1 20663 1
1 53 21455
2 53 21455
3 53 1 21455 1
1 53 23949
2 53 23949
3 53 1 23949 1
1 53 26749
2 53 26749
3 53 1 26749 1
1 54 468
2 54 468
3 54 1 468 1
1 54 1873
2 54 1873
3 54 1 1873 1
1 54 6647
2 54 6647
3 54 1 6647 1
1 54 10351
2 54 10351
3 54 1 10351 1
1 54 11395
2 54 11395
3 54 1 11395 1
1 54 12337
2 54 12337
3 54 1 12337 1
1 54 16117
2 54 16117
3 54 1 16117 1
1 54 17055
2 54 17055
3 54 1 17055 1
1 54 20096
2 54 20096
3 54 1 20096 1
1 54 21425
2 54 21425
3 54 1 21425 1
1 54 23538
2 54 23538
3 54 1 23538 1
1 54 26393
2 54 26393
3 54 1 26393 1
1 54 27124
2 54 27124
3 54 1 27124 1
1 55 434
2 55 434
3 55 1 434 1
1 55 4339
2 55 4339
3 55 1 4339 1
1 55 6659
2 55 6659
3 55 1 6659 1
1 55 7655
2 55 7655
3 55 1 7655 1
1 55 8332
2 55 8332
3 55 1 8332 1
1 55 8733
2 55 8733
3 55 1 8733 1
1 55 10309
2 55 10309
3 55 1 10309 1
1 55 11700
2 55 11700
3 55 1 11700 1
1 55 13170
2 55 13170
3 55 1 13170 1
1 55 13709
2 55 13709
3 55 1 13709 1
1 55 17241
2 55 17241
3 55 1 17241 1
1 55 17637
2 55 17637
3 55 1 17637 1
1 55 19382
2 55 19382
3 55 1 19382 1
1 55 20079
2 55 20079
3 55 1 20079 1
1 55 22269
2 55 22269
3 55 1 22269 1
1 55 22346
2 55 22346
3 55 1 22346 1
1 55 24085
2 55 24085
3 55 1 24085 1
1 55 25290
2 55 25290
3 55 1 25290 1
1 55 26885
2 55 26885
3 55 1 26885 1
1 55 27739
2 55 27739
3 55 1 27739 1
1 56 779
2 56 779
3 56 1 779 1
1 56 1682
2 56 1682
3 56 1 1682 1
1 56 1953
2 56 1953
3 56 1 1953 1
1 56 3341
2 56 3341
3 56 1 3341 1
1 56 4143
2 56 4143
3 56 1 4143 1
1 56 6362
2 56 6362
3 56 1 6362 1
1 56 8440
2 56 8440
3 56 1 8440 1
1 56 10724
2 56 10724
3 56 1 10724 1
1 56 13031
2 56 13031
3 56 1 13031 1
1 56 14042
2 56 14042
3 56 1 14042 1
1 56 14185
2 56 14185
3 56 1 14185 1
1 56 14497
2 56 14497
3 56 1 14497 1
1 56 15755
2 56 15755
3 56 1 15755 1
1 56 18904
2 56 18904
3 56 1 18904 1
1 56 19756
2 56 19756
3 56 1 19756 1
1 56 21809
2 56 21809
3 56 1 21809 1
1 56 22361
2 56 22361
3 56 1 22361 1
1 56 22980
2 56 22980
3 56 1 22980 1
1 56 23014
2 56 23014
3 56 1 23014 1
1 56 25446
2 56 25446
3 56 1 25446 1
1 56 26361
2 56 26361
3 56 1 26361 1
1 56 26871
2 56 26871
3 56 1 26871 1
1 56 27946
2 56 27946
3 56 1 27946 1
1 56 28329
2 56 28329
3 56 1 28329 1
1 57 2421
2 57 2421
3 57 1 2421 1
1 57 3585
2 57 3585
3 57 1 3585 1
1 57 6652
2 57 6652
3 57 1 6652 1
1 57 8105
2 57 8105
3 57 1 8105 1
1 57 9600
2 57 9600
3 57 1 9600 1
1 57 12305
2 57 12305
3 57 1 12305 1
1 57 14176
2 57 14176
3 57 1 14176 1
1 57 16527
2 57 16527
3 57 1 16527 1
1 57 19867
2 57 19867
3 57 1 19867 1
1 57 20665
2 57 20665
3 57 1 20665 1
1 57 24192
2 57 24192
3 57 1 24192 1
1 57 24629
2 57 24629
3 57 1 24629 1
1 57 27357
2 57 27357
3 57 1 27357 1
1 57 27641
2 57 27641
3 57 1 27641 1
1 57 28879
2 57 28879
3 57 1 28879 1
1 58 3502
2 58 3502
3 58 1 3502 1
1 58 4881
2 58 4881
3 58 1 4881 1
1 58 7558
2 58 7558
3 58 1 7558 1
1 58 8024
2 58 8024
3 58 1 8024 1
1 58 8613
2 58 8613
3 58 1 8613 1
1 58 10413
2 58 10413
3 58 1 10413 1
1 58 12651
2 58 12651
3 58 1 12651 1
1 58 14351
2 58 14351
3 58 1 14351 1
1 58 15973
2 58 15973
3 58 1 15973 1
1 58 17048
2 58 17048
3 58 1 17048 1
1 58 17834
2 58 17834
3 58 1 17834 1
1 58 19204
2 58 19204
3 58 1 19204 1
1 58 20491
2 58 20491
3 58 1 20491 1
1 58 22184
2 58 22184
3 58 1 22184 1
1 58 23910
2 58 23910
3 58 1 23910 1
1 58 25618
2 58 25618
3 58 1 25618 1
1 58 28269
2 58 28269
3 58 1 28269 1
1 58 28531
2 58 28531
3 58 1 28531 1
1 59 1125
2 59 1125
3 59 1 1125 1
1 59 2536
2 59 2536
3 59 1 2536 1
1 59 2860
2 59 2860
3 59 1 2860 1
1 59 4572
2 59 4572
3 59 1 4572 1
1 59 5052
2 59 5052
3 59 1 5052 1
1 59 5778
2 59 5778
3 59 1 5778 1
1 59 6526
2 59 6526
3 59 1 6526 1
1 59 8108
2 59 8108
3 59 1 8108 1
1 59 9967
2 59 9967
3 59 1 9967 1
1 59 11268
2 59 11268
3 59 1 11268 1
1 59 12093
2 59 12093
3 59 1 12093 1
1 59 12526
2 59 12526
3 59 1 12526 1
1 59 14403
2 59 14403
3 59 1 14403 1
1 59 14525
2 59 14525
3 59 1 14525 1
1 59 15424
2 59 15424
3 59 1 15424 1
1 59 17469
2 59 17469
3 59 1 17469 1
1 59 18725
2 59 18725
3 59 1 18725 1
1 59 19785
2 59 19785
3 59 1 19785 1
1 59 21911
2 59 21911
3 59 1 21911 1
1 59 22628
2 59 22628
3 59 1 22628 1
1 59 23213
2 59 23213
3 59 1 23213 1
1 59 25127
2 59 25127
3 59 1 25127 1
1 59 26605
2 59 26605
3 59 1 26605 1
1 60 162
2 60 162
3 60 1 162 1
1 60 689
2 60 689
3 60 1 689 1
1 60 3108
2 60 3108
3 60 1 3108 1
1 60 4731
2 60 4731
3 60 1 4731 1
1 60 8825
2 60 8825
3 60 1 8825 1
1 60 9260
2 60 9260
3 60 1 9260 1
1 60 10654
2 60 10654
3 60 1 10654 1
1 60 11624
2 60 11624
3 60 1 11624 1
1 60 12302
2 60 12302
3 60 1 12302 1
1 60 14659
2 60 14659
3 60 1 14659 1
1 60 16317
2 60 16317
3 60 1 16317 1
1 60 17622
2 60 17622
3 60 1 17622 1
1 60 18514
2 60 18514
3 60 1 18514 1
1 60 18635
2 60 18635
3 60 1 18635 1
1 60 19423
2 60 19423
3 60 1 19423 1
1 60 20734
2 60 20734
3 60 1 20734 1
1 60 21116
2 60 21116
3 60 1 21116 1
1 60 23178
2 60 23178
3 60 1 23178 1
1 60 24760
2 60 24760
3 60 1 24760 1
1 60 27055
2 60 27055
3 60 1 27055 1
1 60 27426
2 60 27426
3 60 1 27426 1
1 60 27891
2 60 27891
3 60 1 27891 1
1 30 89
2 30 89
3 30 1 89 1
1 30 493
2 30 493
3 30 1 493 1
1 30 1241
2 30 1241
3 30 1 1241 1
1 30 2583
2 30 2583
3 30 1 2583 1
1 30 3402
2 30 3402
3 30 1 3402 1
1 30 4194
2 30 4194
3 30 1 4194 1
1 30 4648
2 30 4648
3 30 1 4648 1
1 30 5233
2 30 5233
3 30 1 5233 1
1 30 6985
2 30 6985
3 30 1 6985 1
1 30 7819
2 30 7819
3 30 1 7819 1
1 30 8795
2 30 8795
3 30 1 8795 1
1 30 9776
2 30 9776
3 30 1 9776 1
1 30 10986
2 30 10986
3 30 1 10986 1
1 30 12105
2 30 12105
3 30 1 12105 1
1 30 12462
2 30 12462
3 30 1 12462 1
1 30 13958
2 30 13958
3 30 1 13958 1
1 30 15036
2 30 15036
3 30 1 15036 1
1 30 15291
2 30 15291
3 30 1 15291 1
1 30 19475
2 30 19475
3 30 1 19475 1
1 30 20917
2 30 20917
3 30 1 20917 1
1 30 21224
2 30 21224
3 30 1 21224 1
1 30 22185
2 30 22185
3 30 1 22185 1
1 30 24784
2 30 24784
3 30 1 24784 1
1 30 26754
2 30 26754
3 30 1 26754 1
1 30 27037
2 30 27037
3 30 1 27037 1
1 30 27444
2 30 27444
3 30 1 27444 1
1 30 28547
2 30 28547
3 30 1 28547 1
1 31 360
2 31 360
3 31 1 360 1
1 31 3124
2 31 3124
3 31 1 3124 1
1 31 4215
2 31 4215
3 31 1 4215 1
1 31 5057
2 31 5057
3 31 1 5057 1
1 31 5978
2 31 5978
3 31 1 5978 1
1 31 6835
2 31 6835
3 31 1 6835 1
1 31 7824
2 31 7824
3 31 1 7824 1
1 31 9663
2 31 9663
3 31 1 9663 1
1 31 9898
2 31 9898
3 31 1 9898 1
1 31 10767
2 31 10767
3 31 1 10767 1
1 31 11651
2 31 11651
3 31 1 11651 1
1 31 12654
2 31 12654
3 31 1 12654 1
1 31 13197
2 31 13197
3 31 1 13197 1
1 31 13815
2 31 13815
3 31 1 13815 1
1 31 15163
2 31 15163
3 31 1 15163 1
1 31 16073
2 31 16073
3 31 1 16073 1
1 31 17623
2 31 17623
3 31 1 17623 1
1 31 19258
2 31 19258
3 31 1 19258 1
1 31 21631
2 31 21631
3 31 1 21631 1
1 31 22683
2 31 22683
3 31 1 22683 1
1 31 25447
2 31 25447
3 31 1 25447 1
1 31 27656
2 31 27656
3 31 1 27656 1
1 31 28382
2 31 28382
3 31 1 28382 1
1 32 154
2 32 154
3 32 1 154 1
1 32 396
2 32 396
3 32 1 396 1
1 32 1154
2 32 1154
3 32 1 1154 1
1 32 2060
2 32 2060
3 32 1 2060 1
1 32 2711
2 32 2711
3 32 1 2711 1
1 32 3510
2 32 3510
3 32 1 3510 1
1 32 6220
2 32 6220
3 32 1 6220 1
1 32 7498
2 32 7498
3 32 1 7498 1
1 32 8055
2 32 8055
3 32 1 8055 1
1 32 8663
2 32 8663
3 32 1 8663 1
1 32 9144
2 32 9144
3 32 1 9144 1
1 32 9685
2 32 9685
3 32 1 9685 1
1 32 10388
2 32 10388
3 32 1 10388 1
1 32 10951
2 32 10951
3 32 1 10951 1
1 32 12437
2 32 12437
3 32 1 12437 1
1 32 14298
2 32 14298
3 32 1 14298 1
1 32 16618
2 32 16618
3 32 1 16618 1
1 32 16785
2 32 16785
3 32 1 16785 1
1 32 17010
2 32 17010
3 32 1 17010 1
1 32 18594
2 32 18594
3 32 1 18594 1
1 32 19215
2 32 19215
3 32 1 19215 1
1 32 19797
2 32 19797
3 32 1 19797 1
1 32 21053
2 32 21053
3 32 1 21053 1
1 32 22348
2 32 22348
3 32 1 22348 1
1 32 23884
2 32 23884
3 32 1 23884 1
1 32 25793
2 32 25793
3 32 1 25793 1
1 32 26951
2 32 26951
3 32 1 26951 1
1 32 27446
2 32 27446
3 32 1 27446 1
1 32 27836
2 32 27836
3 32 1 27836 1
1 32 28354
2 32 28354
3 32 1 28354 1
1 32 28773
2 32 28773
3 32 1 28773 1
1 33 875
2 33 875
3 33 1 875 1
1 33 1438
2 33 1438
3 33 1 1438 1
1 33 2270
2 33 2270
3 33 1 2270 1
1 33 2791
2 33 2791
3 33 1 2791 1
1 33 5794
2 33 5794
3 33 1 5794 1
1 33 6452
2 33 6452
3 33 1 6452 1
1 33 7321
2 33 7321
3 33 1 7321 1
1 33 7719
2 33 7719
3 33 1 7719 1
1 33 8504
2 33 8504
3 33 1 8504 1
1 33 10269
2 33 10269
3 33 1 10269 1
1 33 10368
2 33 10368
3 33 1 10368 1
1 33 11037
2 33 11037
3 33 1 11037 1
1 33 11433
2 33 11433
3 33 1 11433 1
1 33 12452
2 33 12452
3 33 1 12452 1
1 33 12646
2 33 12646
3 33 1 12646 1
1 33 13001
2 33 13001
3 33 1 13001 1
1 33 14092
2 33 14092
3 33 1 14092 1
1 33 15881
2 33 15881
3 33 1 15881 1
1 33 16865
2 33 16865
3 33 1 16865 1
1 33 17405
2 33 17405
3 33 1 17405 1
1 33 19513
2 33 19513
3 33 1 19513 1
1 33 20541
2 33 20541
3 33 1 20541 1
1 33 21152
2 33 21152
3 33 1 21152 1
1 33 21432
2 33 21432
3 33 1 21432 1
1 33 21803
2 33 21803
3 33 1 21803 1
1 33 22405
2 33 22405
3 33 1 22405 1
1 33 23251
2 33 23251
3 33 1 23251 1
1 33 27494
2 33 27494
3 33 1 27494 1
1 33 27841
2 33 27841
3 33 1 27841 1
1 34 452
2 34 452
3 34 1 452 1
1 34 1175
2 34 1175
3 34 1 1175 1
1 34 1669
2 34 1669
3 34 1 1669 1
1 34 2995
2 34 2995
3 34 1 2995 1
1 34 3612
2 34 3612
3 34 1 3612 1
1 34 4162
2 34 4162
3 34 1 4162 1
1 34 4439
2 34 4439
3 34 1 4439 1
1 34 4825
2 34 4825
3 34 1 4825 1
1 34 5290
2 34 5290
3 34 1 5290 1
1 34 6685
2 34 6685
3 34 1 6685 1
1 34 7122
2 34 7122
3 34 1 7122 1
1 34 7822
2 34 7822
3 34 1 7822 1
1 34 9395
2 34 9395
3 34 1 9395 1
1 34 9793
2 34 9793
3 34 1 9793 1
1 34 11509
2 34 11509
3 34 1 11509 1
1 34 12463
2 34 12463
3 34 1 12463 1
1 34 12674
2 34 12674
3 34 1 12674 1
1 34 13005
2 34 13005
3 34 1 13005 1
1 34 14386
2 34 14386
3 34 1 14386 1
1 34 15374
2 34 15374
3 34 1 15374 1
1 34 16000
2 34 16000
3 34 1 16000 1
1 34 17704
2 34 17704
3 34 1 17704 1
1 34 18213
2 34 18213
3 34 1 18213 1
1 34 19976
2 34 19976
3 34 1 19976 1
1 34 20565
2 34 20565
3 34 1 20565 1
1 34 22634
2 34 22634
3 34 1 22634 1
1 34 22866
2 34 22866
3 34 1 22866 1
1 34 24255
2 34 24255
3 34 1 24255 1
1 34 24801
2 34 24801
3 34 1 24801 1
1 34 26036
2 34 26036
3 34 1 26036 1
1 34 27079
2 34 27079
3 34 1 27079 1
1 34 28170
2 34 28170
3 34 1 28170 1
1 35 240
2 35 240
3 35 1 240 1
1 35 3135
2 35 3135
3 35 1 3135 1
1 35 3365
2 35 3365
3 35 1 3365 1
1 35 5070
2 35 5070
3 35 1 5070 1
1 35 7153
2 35 7153
3 35 1 7153 1
1 35 8474
2 35 8474
3 35 1 8474 1
1 35 8793
2 35 8793
3 35 1 8793 1
1 35 9556
2 35 9556
3 35 1 9556 1
1 35 10514
2 35 10514
3 35 1 10514 1
1 35 12329
2 35 12329
3 35 1 12329 1
1 35 12816
2 35 12816
3 35 1 12816 1
1 35 14312
2 35 14312
3 35 1 14312 1
1 35 15847
2 35 15847
3 35 1 15847 1
1 35 17077
2 35 17077
3 35 1 17077 1
1 35 17473
2 35 17473
3 35 1 17473 1
1 35 18354
2 35 18354
3 35 1 18354 1
1 35 18764
2 35 18764
3 35 1 18764 1
1 35 19072
2 35 19072
3 35 1 19072 1
1 35 19395
2 35 19395
3 35 1 19395 1
1 35 20831
2 35 20831
3 35 1 20831 1
1 35 21530
2 35 21530
3 35 1 21530 1
1 35 21904
2 35 21904
3 35 1 21904 1
1 35 22035
2 35 22035
3 35 1 22035 1
1 35 22434
2 35 22434
3 35 1 22434 1
1 35 22805
2 35 22805
3 35 1 22805 1
1 35 23539
2 35 23539
3 35 1 23539 1
1 35 23778
2 35 23778
3 35 1 23778 1
1 35 25425
2 35 25425
3 35 1 25425 1
1 35 26848
2 35 26848
3 35 1 26848 1
1 35 27318
2 35 27318
3 35 1 27318 1
1 35 28549
2 35 28549
3 35 1 28549 1
1 36 638
2 36 638
3 36 1 638 1
1 36 3884
2 36 3884
3 36 1 3884 1
1 36 5791
2 36 5791
3 36 1 5791 1
1 36 6542
2 36 6542
3 36 1 6542 1
1 36 7038
2 36 7038
3 36 1 7038 1
1 36 8058
2 36 8058
3 36 1 8058 1
1 36 9774
2 36 9774
3 36 1 9774 1
1 36 10435
2 36 10435
3 36 1 10435 1
1 36 11225
2 36 11225
3 36 1 11225 1
1 36 12861
2 36 12861
3 36 1 12861 1
1 36 14735
2 36 14735
3 36 1 14735 1
1 36 15824
2 36 15824
3 36 1 15824 1
1 36 15981
2 36 15981
3 36 1 15981 1
1 36 18063
2 36 18063
3 36 1 18063 1
1 36 18999
2 36 18999
3 36 1 18999 1
1 36 19460
2 36 19460
3 36 1 19460 1
1 36 19559
2 36 19559
3 36 1 19559 1
1 36 20543
2 36 20543
3 36 1 20543 1
1 36 22568
2 36 22568
3 36 1 22568 1
1 36 23373
2 36 23373
3 36 1 23373 1
1 36 24061
2 36 24061
3 36 1 24061 1
1 36 24664
2 36 24664
3 36 1 24664 1
1 36 25419
2 36 25419
3 36 1 25419 1
1 36 25707
2 36 25707
3 36 1 25707 1
1 36 26364
2 36 26364
3 36 1 26364 1
1 36 26809
2 36 26809
3 36 1 26809 1
1 37 116
2 37 116
3 37 1 116 1
1 37 361
2 37 361
3 37 1 361 1
1 37 811
2 37 811
3 37 1 811 1
1 37 1194
2 37 1194
3 37 1 1194 1
1 37 2039
2 37 2039
3 37 1 2039 1
1 37 2715
2 37 2715
3 37 1 2715 1
1 37 3967
2 37 3967
3 37 1 3967 1
1 37 7227
2 37 7227
3 37 1 7227 1
1 37 8462
2 37 8462
3 37 1 8462 1
1 37 8895
2 37 8895
3 37 1 8895 1
1 37 10981
2 37 10981
3 37 1 10981 1
1 37 11117
2 37 11117
3 37 1 11117 1
1 37 12033
2 37 12033
3 37 1 12033 1
1 37 12211
2 37 12211
3 37 1 12211 1
1 37 14756
2 37 14756
3 37 1 14756 1
1 37 15602
2 37 15602
3 37 1 15602 1
1 37 16606
2 37 16606
3 37 1 16606 1
1 37 17053
2 37 17053
3 37 1 17053 1
1 37 17864
2 37 17864
3 37 1 17864 1
1 37 18133
2 37 18133
3 37 1 18133 1
1 37 18569
2 37 18569
3 37 1 18569 1
1 37 20195
2 37 20195
3 37 1 20195 1
1 37 21328
2 37 21328
3 37 1 21328 1
1 37 22381
2 37 22381
3 37 1 22381 1
1 37 22406
2 37 22406
3 37 1 22406 1
1 37 23746
2 37 23746
3 37 1 23746 1
1 37 24886
2 37 24886
3 37 1 24886 1
1 37 25798
2 37 25798
3 37 1 25798 1
1 37 27981
2 37 27981
3 37 1 27981 1
1 37 28195
2 37 28195
3 37 1 28195 1
1 38 1061
2 38 1061
3 38 1 1061 1
1 38 1304
2 38 1304
3 38 1 1304 1
1 38 3938
2 38 3938
3 38 1 3938 1
1 38 4562
2 38 4562
3 38 1 4562 1
1 38 4962
2 38 4962
3 38 1 4962 1
1 38 5357
2 38 5357
3 38 1 5357 1
1 38 6290
2 38 6290
3 38 1 6290 1
1 38 7746
2 38 7746
3 38 1 7746 1
1 38 9051
2 38 9051
3 38 1 9051 1
1 38 9418
2 38 9418
3 38 1 9418 1
1 38 10403
2 38 10403
3 38 1 10403 1
1 38 12902
2 38 12902
3 38 1 12902 1
1 38 13637
2 38 13637
3 38 1 13637 1
1 38 13860
2 38 13860
3 38 1 13860 1
1 38 14851
2 38 14851
3 38 1 14851 1
1 38 15334
2 38 15334
3 38 1 15334 1
1 38 15933
2 38 15933
3 38 1 15933 1
1 38 16806
2 38 16806
3 38 1 16806 1
1 38 18838
2 38 18838
3 38 1 18838 1
1 38 19991
2 38 19991
3 38 1 19991 1
1 38 21003
2 38 21003
3 38 1 21003 1
1 38 21523
2 38 21523
3 38 1 21523 1
1 38 22232
2 38 22232
3 38 1 22232 1
1 38 22368
2 38 22368
3 38 1 22368 1
1 38 23412
2 38 23412
3 38 1 23412 1
1 38 25589
2 38 25589
3 38 1 25589 1
1 38 27242
2 38 27242
3 38 1 27242 1
1 38 28191
2 38 28191
3 38 1 28191 1
1 38 28253
2 38 28253
3 38 1 28253 1
1 38 28281
2 38 28281
3 38 1 28281 1
1 39 190
2 39 190
3 39 1 190 1
1 39 806
2 39 806
3 39 1 806 1
1 39 1549
2 39 1549
3 39 1 1549 1
1 39 2097
2 39 2097
3 39 1 2097 1
1 39 4060
2 39 4060
3 39 1 4060 1
1 39 4508
2 39 4508
3 39 1 4508 1
1 39 4602
2 39 4602
3 39 1 4602 1
1 39 5660
2 39 5660
3 39 1 5660 1
1 39 5866
2 39 5866
3 39 1 5866 1
1 39 6609
2 39 6609
3 39 1 6609 1
1 39 8557
2 39 8557
3 39 1 8557 1
1 39 12447
2 39 12447
3 39 1 12447 1
1 39 14039
2 39 14039
3 39 1 14039 1
1 39 14579
2 39 14579
3 39 1 14579 1
1 39 15047
2 39 15047
3 39 1 15047 1
1 39 15921
2 39 15921
3 39 1 15921 1
1 39 16678
2 39 16678
3 39 1 16678 1
1 39 18130
2 39 18130
3 39 1 18130 1
1 39 18848
2 39 18848
3 39 1 18848 1
1 39 19157
2 39 19157
3 39 1 19157 1
1 39 19829
2 39 19829
3 39 1 19829 1
1 39 20370
2 39 20370
3 39 1 20370 1
1 39 21581
2 39 21581
3 39 1 21581 1
1 39 21998
2 39 21998
3 39 1 21998 1
1 39 22298
2 39 22298
3 39 1 22298 1
1 39 22519
2 39 22519
3 39 1 22519 1
1 39 23775
2 39 23775
3 39 1 23775 1
1 39 24040
2 39 24040
3 39 1 24040 1
1 39 25642
2 39 25642
3 39 1 25642 1
1 39 25848
2 39 25848
3 39 1 25848 1
1 39 26322
2 39 26322
3 39 1 26322 1
1 39 27497
2 39 27497
3 39 1 27497 1
1 39 28449
2 39 28449
3 39 1 28449 1
1 40 733
2 40 733
3 40 1 733 1
1 40 1809
2 40 1809
3 40 1 1809 1
1 40 3000
2 40 3000
3 40 1 3000 1
1 40 4371
2 40 4371
3 40 1 4371 1
1 40 5089
2 40 5089
3 40 1 5089 1
1 40 5623
2 40 5623
3 40 1 5623 1
1 40 6342
2 40 6342
3 40 1 6342 1
1 40 7775
2 40 7775
3 40 1 7775 1
1 40 9990
2 40 9990
3 40 1 9990 1
1 40 10278
2 40 10278
3 40 1 10278 1
1 40 10592
2 40 10592
3 40 1 10592 1
1 40 12298
2 40 12298
3 40 1 12298 1
1 40 13755
2 40 13755
3 40 1 13755 1
1 40 14315
2 40 14315
3 40 1 14315 1
1 40 16229
2 40 16229
3 40 1 16229 1
1 40 16907
2 40 16907
3 40 1 16907 1
1 40 17342
2 40 17342
3 40 1 17342 1
1 40 19690
2 40 19690
3 40 1 19690 1
1 40 21191
2 40 21191
3 40 1 21191 1
1 40 21722
2 40 21722
3 40 1 21722 1
1 40 22882
2 40 22882
3 40 1 22882 1
1 40 23115
2 40 23115
3 40 1 23115 1
1 40 24290
2 40 24290
3 40 1 24290 1
1 40 24438
2 40 24438
3 40 1 24438 1
1 40 25596
2 40 25596
3 40 1 25596 1
1 40 28070
2 40 28070
3 40 1 28070 1
1 40 28885
2 40 28885
3 40 1 28885 1
1 41 300
2 41 300
3 41 1 300 1
1 41 571
2 41 571
3 41 1 571 1
1 41 969
2 41 969
3 41 1 969 1
1 41 1302
2 41 1302
3 41 1 1302 1
1 41 2029
2 41 2029
3 41 1 2029 1
1 41 4693
2 41 4693
3 41 1 4693 1
1 41 5783
2 41 5783
3 41 1 5783 1
1 41 6126
2 41 6126
3 41 1 6126 1
1 41 6570
2 41 6570
3 41 1 6570 1
1 41 6753
2 41 6753
3 41 1 6753 1
1 41 8988
2 41 8988
3 41 1 8988 1
1 41 9214
2 41 9214
3 41 1 9214 1
1 41 9594
2 41 9594
3 41 1 9594 1
1 41 10775
2 41 10775
3 41 1 10775 1
1 41 11420
2 41 11420
3 41 1 11420 1
1 41 12374
2 41 12374
3 41 1 12374 1
1 41 13134
2 41 13134
3 41 1 13134 1
1 41 13425
2 41 13425
3 41 1 13425 1
1 41 13968
2 41 13968
3 41 1 13968 1
1 41 15112
2 41 15112
3 41 1 15112 1
1 41 15958
2 41 15958
3 41 1 15958 1
1 41 17310
2 41 17310
3 41 1 17310 1
1 41 19587
2 41 19587
3 41 1 19587 1
1 41 21927
2 41 21927
3 41 1 21927 1
1 41 22498
2 41 22498
3 41 1 22498 1
1 41 22888
2 41 22888
3 41 1 22888 1
1 41 23498
2 41 23498
3 41 1 23498 1
1 41 24376
2 41 24376
3 41 1 24376 1
1 41 24786
2 41 24786
3 41 1 24786 1
1 41 25065
2 41 25065
3 41 1 25065 1
1 41 26495
2 41 26495
3 41 1 26495 1
1 41 26687
2 41 26687
3 41 1 26687 1
1 41 27100
2 41 27100
3 41 1 27100 1
1 41 28367
2 41 28367
3 41 1 28367 1
1 42 850
2 42 850
3 42 1 850 1
1 42 1188
2 42 1188
3 42 1 1188 1
1 42 1800
2 42 1800
3 42 1 1800 1
1 42 2175
2 42 2175
3 42 1 2175 1
1 42 3039
2 42 3039
3 42 1 3039 1
1 42 4111
2 42 4111
3 42 1 4111 1
1 42 5466
2 42 5466
3 42 1 5466 1
1 42 5700
2 42 5700
3 42 1 5700 1
1 42 6028
2 42 6028
3 42 1 6028 1
1 42 8873
2 42 8873
3 42 1 8873 1
1 42 10399
2 42 10399
3 42 1 10399 1
1 42 13593
2 42 13593
3 42 1 13593 1
1 42 15941
2 42 15941
3 42 1 15941 1
1 42 16819
2 42 16819
3 42 1 16819 1
1 42 18850
2 42 18850
3 42 1 18850 1
1 42 19047
2 42 19047
3 42 1 19047 1
1 42 20006
2 42 20006
3 42 1 20006 1
1 42 21048
2 42 21048
3 42 1 21048 1
1 42 21386
2 42 21386
3 42 1 21386 1
1 42 21694
2 42 21694
3 42 1 21694 1
1 42 23354
2 42 23354
3 42 1 23354 1
1 42 23807
2 42 23807
3 42 1 23807 1
1 42 25940
2 42 25940
3 42 1 25940 1
1 43 422
2 43 422
3 43 1 422 1
1 43 2592
2 43 2592
3 43 1 2592 1
1 43 3232
2 43 3232
3 43 1 3232 1
1 43 4496
2 43 4496
3 43 1 4496 1
1 43 5081
2 43 5081
3 43 1 5081 1
1 43 6665
2 43 6665
3 43 1 6665 1
1 43 7500
2 43 7500
3 43 1 7500 1
1 43 8243
2 43 8243
3 43 1 8243 1
1 43 8403
2 43 8403
3 43 1 8403 1
1 43 9057
2 43 9057
3 43 1 9057 1
1 43 10720
2 43 10720
3 43 1 10720 1
1 43 10936
2 43 10936
3 43 1 10936 1
1 43 11124
2 43 11124
3 43 1 11124 1
1 43 12391
2 43 12391
3 43 1 12391 1
1 43 14474
2 43 14474
3 43 1 14474 1
1 43 15151
2 43 15151
3 43 1 15151 1
1 43 16148
2 43 16148
3 43 1 16148 1
1 43 18140
2 43 18140
3 43 1 18140 1
1 43 19643
2 43 19643
3 43 1 19643 1
1 43 20422
2 43 20422
3 43 1 20422 1
1 43 21782
2 43 21782
3 43 1 21782 1
1 43 23780
2 43 23780
3 43 1 23780 1
1 43 24163
2 43 24163
3 43 1 24163 1
1 43 25235
2 43 25235
3 43 1 25235 1
1 43 26134
2 43 26134
3 43 1 26134 1
1 43 27874
2 43 27874
3 43 1 27874 1
1 43 28575
2 43 28575
3 43 1 28575 1
1 44 529
2 44 529
3 44 1 529 1
1 44 1726
2 44 1726
3 44 1 1726 1
1 44 2765
2 44 2765
3 44 1 2765 1
1 44 4064
2 44 4064
3 44 1 4064 1
1 44 6094
2 44 6094
3 44 1 6094 1
1 44 7115
2 44 7115
3 44 1 7115 1
1 44 7846
2 44 7846
3 44 1 7846 1
1 44 8069
2 44 8069
3 44 1 8069 1
1 44 9381
2 44 9381
3 44 1 9381 1
1 44 10513
2 44 10513
3 44 1 10513 1
1 44 12326
2 44 12326
3 44 1 12326 1
1 44 13473
2 44 13473
3 44 1 13473 1
1 44 14751
2 44 14751
3 44 1 14751 1
1 44 16139
2 44 16139
3 44 1 16139 1
1 44 16321
2 44 16321
3 44 1 16321 1
1 44 17628
2 44 17628
3 44 1 17628 1
1 44 18749
2 44 18749
3 44 1 18749 1
1 44 20654
2 44 20654
3 44 1 20654 1
1 44 21713
2 44 21713
3 44 1 21713 1
1 44 22223
2 44 22223
3 44 1 22223 1
1 44 23522
2 44 23522
3 44 1 23522 1
1 44 24092
2 44 24092
3 44 1 24092 1
1 44 24857
2 44 24857
3 44 1 24857 1
1 44 26368
2 44 26368
3 44 1 26368 1
1 44 26976
2 44 26976
3 44 1 26976 1
1 44 27912
2 44 27912
3 44 1 27912 1
1 44 28699
2 44 28699
3 44 1 28699 1
1 45 833
2 45 833
3 45 1 833 1
1 45 2355
2 45 2355
3 45 1 2355 1
1 45 2609
2 45 2609
3 45 1 2609 1
1 45 4300
2 45 4300
3 45 1 4300 1
1 45 5796
2 45 5796
3 45 1 5796 1
1 45 6576
2 45 6576
3 45 1 6576 1
1 45 7165
2 45 7165
3 45 1 7165 1
1 45 8275
2 45 8275
3 45 1 8275 1
1 45 8857
2 45 8857
3 45 1 8857 1
1 45 10089
2 45 10089
3 45 1 10089 1
1 45 11269
2 45 11269
3 45 1 11269 1
1 45 11451
2 45 11451
3 45 1 11451 1
1 45 12395
2 45 12395
3 45 1 12395 1
1 45 13296
2 45 13296
3 45 1 13296 1
1 45 14930
2 45 14930
3 45 1 14930 1
1 45 16092
2 45 16092
3 45 1 16092 1
1 45 17769
2 45 17769
3 45 1 17769 1
1 45 18643
2 45 18643
3 45 1 18643 1
1 45 19328
2 45 19328
3 45 1 19328 1
1 45 19617
2 45 19617
3 45 1 19617 1
1 45 21122
2 45 21122
3 45 1 21122 1
1 45 21466
2 45 21466
3 45 1 21466 1
1 45 22705
2 45 22705
3 45 1 22705 1
1 45 22893
2 45 22893
3 45 1 22893 1
1 45 23091
2 45 23091
3 45 1 23091 1
1 45 24354
2 45 24354
3 45 1 24354 1
1 45 24769
2 45 24769
3 45 1 24769 1
1 45 25860
2 45 25860
3 45 1 25860 1
1 45 25998
2 45 25998
3 45 1 25998 1
1 45 26645
2 45 26645
3 45 1 26645 1
1 45 27146
2 45 27146
3 45 1 27146 1
1 45 28849
2 45 28849
3 45 1 28849 1
1 46 1030
2 46 1030
3 46 1 1030 1
1 46 1581
2 46 1581
3 46 1 1581 1
1 46 3422
2 46 3422
3 46 1 3422 1
1 46 4900
2 46 4900
3 46 1 4900 1
1 46 5501
2 46 5501
3 46 1 5501 1
1 46 7099
2 46 7099
3 46 1 7099 1
1 46 7597
2 46 7597
3 46 1 7597 1
1 46 9200
2 46 9200
3 46 1 9200 1
1 46 10195
2 46 10195
3 46 1 10195 1
1 46 11194
2 46 11194
3 46 1 11194 1
1 46 12870
2 46 12870
3 46 1 12870 1
1 46 13764
2 46 13764
3 46 1 13764 1
1 46 13813
2 46 13813
3 46 1 13813 1
1 46 14231
2 46 14231
3 46 1 14231 1
1 46 14839
2 46 14839
3 46 1 14839 1
1 46 15308
2 46 15308
3 46 1 15308 1
1 46 17328
2 46 17328
3 46 1 17328 1
1 46 18364
2 46 18364
3 46 1 18364 1
1 46 18566
2 46 18566
3 46 1 18566 1
1 46 19205
2 46 19205
3 46 1 19205 1
1 46 19841
2 46 19841
3 46 1 19841 1
1 46 20269
2 46 20269
3 46 1 20269 1
1 46 21684
2 46 21684
3 46 1 21684 1
1 46 22401
2 46 22401
3 46 1 22401 1
1 46 22784
2 46 22784
3 46 1 22784 1
1 46 22907
2 46 22907
3 46 1 22907 1
1 46 23652
2 46 23652
3 46 1 23652 1
1 46 24249
2 46 24249
3 46 1 24249 1
1 46 24758
2 46 24758
3 46 1 24758 1
1 46 26711
2 46 26711
3 46 1 26711 1
1 46 27575
2 46 27575
3 46 1 27575 1
1 46 28529
2 46 28529
3 46 1 28529 1
1 47 138
2 47 138
3 47 1 138 1
1 47 1132
2 47 1132
3 47 1 1132 1
1 47 1913
2 47 1913
3 47 1 1913 1
1 47 2859
2 47 2859
3 47 1 2859 1
1 47 4006
2 47 4006
3 47 1 4006 1
1 47 4842
2 47 4842
3 47 1 4842 1
1 47 5486
2 47 5486
3 47 1 5486 1
1 47 6008
2 47 6008
3 47 1 6008 1
1 47 7117
2 47 7117
3 47 1 7117 1
1 47 7501
2 47 7501
3 47 1 7501 1
1 47 8001
2 47 8001
3 47 1 8001 1
1 47 8128
2 47 8128
3 47 1 8128 1
1 47 9578
2 47 9578
3 47 1 9578 1
1 47 11842
2 47 11842
3 47 1 11842 1
1 47 12978
2 47 12978
3 47 1 12978 1
1 47 13907
2 47 13907
3 47 1 13907 1
1 47 14554
2 47 14554
3 47 1 14554 1
1 47 15818
2 47 15818
3 47 1 15818 1
1 47 17408
2 47 17408
3 47 1 17408 1
1 47 18307
2 47 18307
3 47 1 18307 1
1 47 18969
2 47 18969
3 47 1 18969 1
1 47 19486
2 47 19486
3 47 1 19486 1
1 47 20896
2 47 20896
3 47 1 20896 1
1 47 21721
2 47 21721
3 47 1 21721 1
1 47 21948
2 47 21948
3 47 1 21948 1
1 47 22114
2 47 22114
3 47 1 22114 1
1 47 22764
2 47 22764
3 47 1 22764 1
1 47 23148
2 47 23148
3 47 1 23148 1
1 47 23595
2 47 23595
3 47 1 23595 1
1 47 24031
2 47 24031
3 47 1 24031 1
1 47 24952
2 47 24952
3 47 1 24952 1
1 47 26472
2 47 26472
3 47 1 26472 1
1 47 27063
2 47 27063
3 47 1 27063 1
1 47 28632
2 47 28632
3 47 1 28632 1
1 47 28665
2 47 28665
3 47 1 28665 1
1 48 435
2 48 435
3 48 1 435 1
1 48 725
2 48 725
3 48 1 725 1
1 48 2032
2 48 2032
3 48 1 2032 1
1 48 2395
2 48 2395
3 48 1 2395 1
1 48 2667
2 48 2667
3 48 1 2667 1
1 48 4736
2 48 4736
3 48 1 4736 1
1 48 5231
2 48 5231
3 48 1 5231 1
1 48 5703
2 48 5703
3 48 1 5703 1
1 48 7474
2 48 7474
3 48 1 7474 1
1 48 8309
2 48 8309
3 48 1 8309 1
1 48 8744
2 48 8744
3 48 1 8744 1
1 48 9706
2 48 9706
3 48 1 9706 1
1 48 10039
2 48 10039
3 48 1 10039 1
1 48 10598
2 48 10598
3 48 1 10598 1
1 48 12408
2 48 12408
3 48 1 12408 1
1 48 14130
2 48 14130
3 48 1 14130 1
1 48 14313
2 48 14313
3 48 1 14313 1
1 48 15118
2 48 15118
3 48 1 15118 1
1 48 15749
2 48 15749
3 48 1 15749 1
1 48 18488
2 48 18488
3 48 1 18488 1
1 48 18524
2 48 18524
3 48 1 18524 1
1 48 19474
2 48 19474
3 48 1 19474 1
1 48 19925
2 48 19925
3 48 1 19925 1
1 48 20551
2 48 20551
3 48 1 20551 1
1 48 21025
2 48 21025
3 48 1 21025 1
1 48 21883
2 48 21883
3 48 1 21883 1
1 48 22945
2 48 22945
3 48 1 22945 1
1 48 23804
2 48 23804
3 48 1 23804 1
1 48 24273
2 48 24273
3 48 1 24273 1
1 48 25082
2 48 25082
3 48 1 25082 1
1 48 26548
2 48 26548
3 48 1 26548 1
1 48 27962
2 48 27962
3 48 1 27962 1
1 48 28238
2 48 28238
3 48 1 28238 1
1 48 28299
2 48 28299
3 48 1 28299 1
1 48 28721
2 48 28721
3 48 1 28721 1
1 49 1675
2 49 1675
3 49 1 1675 1
1 49 2626
2 49 2626
3 49 1 2626 1
1 49 3140
2 49 3140
3 49 1 3140 1
1 49 4144
2 49 4144
3 49 1 4144 1
1 49 5471
2 49 5471
3 49 1 5471 1
1 49 5881
2 49 5881
3 49 1 5881 1
1 49 7064
2 49 7064
3 49 1 7064 1
1 49 7650
2 49 7650
3 49 1 7650 1
1 49 9582
2 49 9582
3 49 1 9582 1
1 49 10254
2 49 10254
3 49 1 10254 1
1 49 10519
2 49 10519
3 49 1 10519 1
1 49 10989
2 49 10989
3 49 1 10989 1
1 49 12257
2 49 12257
3 49 1 12257 1
1 49 14415
2 49 14415
3 49 1 14415 1
1 49 14690
2 49 14690
3 49 1 14690 1
1 49 15358
2 49 15358
3 49 1 15358 1
1 49 16454
2 49 16454
3 49 1 16454 1
1 49 17101
2 49 17101
3 49 1 17101 1
1 49 18945
2 49 18945
3 49 1 18945 1
1 49 20597
2 49 20597
3 49 1 20597 1
1 49 20852
2 49 20852
3 49 1 20852 1
1 49 21997
2 49 21997
3 49 1 21997 1
1 49 22473
2 49 22473
3 49 1 22473 1
1 49 23840
2 49 23840
3 49 1 23840 1
1 49 24522
2 49 24522
3 49 1 24522 1
1 49 25889
2 49 25889
3 49 1 25889 1
1 49 26270
2 49 26270
3 49 1 26270 1
1 49 27660
2 49 27660
3 49 1 27660 1
1 50 719
2 50 719
3 50 1 719 1
1 50 1970
2 50 1970
3 50 1 1970 1
1 50 2273
2 50 2273
3 50 1 2273 1
1 50 3466
2 50 3466
3 50 1 3466 1
1 50 4085
2 50 4085
3 50 1 4085 1
1 50 4142
2 50 4142
3 50 1 4142 1
1 50 4769
2 50 4769
3 50 1 4769 1
1 50 8085
2 50 8085
3 50 1 8085 1
1 50 8526
2 50 8526
3 50 1 8526 1
1 50 9083
2 50 9083
3 50 1 9083 1
1 50 9506
2 50 9506
3 50 1 9506 1
1 50 10110
2 50 10110
3 50 1 10110 1
1 50 11375
2 50 11375
3 50 1 11375 1
1 50 11518
2 50 11518
3 50 1 11518 1
1 50 12381
2 50 12381
3 50 1 12381 1
1 50 14237
2 50 14237
3 50 1 14237 1
1 50 15354
2 50 15354
3 50 1 15354 1
1 50 16893
2 50 16893
3 50 1 16893 1
1 50 17760
2 50 17760
3 50 1 17760 1
1 50 18533
2 50 18533
3 50 1 18533 1
1 50 18540
2 50 18540
3 50 1 18540 1
1 50 19485
2 50 19485
3 50 1 19485 1
1 50 20025
2 50 20025
3 50 1 20025 1
1 50 20885
2 50 20885
3 50 1 20885 1
1 50 21082
2 50 21082
3 50 1 21082 1
1 50 22524
2 50 22524
3 50 1 22524 1
1 50 23717
2 50 23717
3 50 1 23717 1
1 50 24727
2 50 24727
3 50 1 24727 1
1 50 25101
2 50 25101
3 50 1 25101 1
1 50 26174
2 50 26174
3 50 1 26174 1
1 50 26830
2 50 26830
3 50 1 26830 1
1 50 27342
2 50 27342
3 50 1 27342 1
1 50 28158
2 50 28158
3 50 1 28158 1
1 50 28650
2 50 28650
3 50 1 28650 1
1 51 135
2 51 135
3 51 1 135 1
1 51 1185
2 51 1185
3 51 1 1185 1
1 51 2408
2 51 2408
3 51 1 2408 1
1 51 3947
2 51 3947
3 51 1 3947 1
1 51 4607
2 51 4607
3 51 1 4607 1
1 51 5280
2 51 5280
3 51 1 5280 1
1 51 6600
2 51 6600
3 51 1 6600 1
1 51 11412
2 51 11412
3 51 1 11412 1
1 51 12677
2 51 12677
3 51 1 12677 1
1 51 13174
2 51 13174
3 51 1 13174 1
1 51 13679
2 51 13679
3 51 1 13679 1
1 51 14769
2 51 14769
3 51 1 14769 1
1 51 15552
2 51 15552
3 51 1 15552 1
1 51 16045
2 51 16045
3 51 1 16045 1
1 51 16947
2 51 16947
3 51 1 16947 1
1 51 17964
2 51 17964
3 51 1 17964 1
1 51 18801
2 51 18801
3 51 1 18801 1
1 51 19383
2 51 19383
3 51 1 19383 1
1 51 20710
2 51 20710
3 51 1 20710 1
1 51 20847
2 51 20847
3 51 1 20847 1
1 51 21890
2 51 21890
3 51 1 21890 1
1 51 23122
2 51 23122
3 51 1 23122 1
1 51 24196
2 51 24196
3 51 1 24196 1
1 51 24292
2 51 24292
3 51 1 24292 1
1 51 25190
2 51 25190
3 51 1 25190 1
1 51 25947
2 51 25947
3 51 1 25947 1
1 51 26795
2 51 26795
3 51 1 26795 1
1 51 27326
2 51 27326
3 51 1 27326 1
1 51 27411
2 51 27411
3 51 1 27411 1
1 51 27526
2 51 27526
3 51 1 27526 1
1 51 27892
2 51 27892
3 51 1 27892 1
1 52 1146
2 52 1146
3 52 1 1146 1
1 52 1447
2 52 1447
3 52 1 1447 1
1 52 1936
2 52 1936
3 52 1 1936 1
1 52 2787
2 52 2787
3 52 1 2787 1
1 52 4701
2 52 4701
3 52 1 4701 1
1 52 5730
2 52 5730
3 52 1 5730 1
1 52 6305
2 52 6305
3 52 1 6305 1
1 52 8176
2 52 8176
3 52 1 8176 1
1 52 8262
2 52 8262
3 52 1 8262 1
1 52 8997
2 52 8997
3 52 1 8997 1
1 52 10404
2 52 10404
3 52 1 10404 1
1 52 11233
2 52 11233
3 52 1 11233 1
1 52 12409
2 52 12409
3 52 1 12409 1
1 52 13911
2 52 13911
3 52 1 13911 1
1 52 15173
2 52 15173
3 52 1 15173 1
1 52 15726
2 52 15726
3 52 1 15726 1
1 52 16205
2 52 16205
3 52 1 16205 1
1 52 16747
2 52 16747
3 52 1 16747 1
1 52 17125
2 52 17125
3 52 1 17125 1
1 52 18824
2 52 18824
3 52 1 18824 1
1 52 19246
2 52 19246
3 52 1 19246 1
1 52 20651
2 52 20651
3 52 1 20651 1
1 52 20782
2 52 20782
3 52 1 20782 1
1 52 21240
2 52 21240
3 52 1 21240 1
1 52 23922
2 52 23922
3 52 1 23922 1
1 52 24592
2 52 24592
3 52 1 24592 1
1 52 25629
2 52 25629
3 52 1 25629 1
1 52 26351
2 52 26351
3 52 1 26351 1
1 52 27051
2 52 27051
3 52 1 27051 1
1 52 27905
2 52 27905
3 52 1 27905 1
1 53 1473
2 53 1473
3 53 1 1473 1
1 53 2588
2 53 2588
3 53 1 2588 1
1 53 4345
2 53 4345
3 53 1 4345 1
1 53 4443
2 53 4443
3 53 1 4443 1
1 53 5769
2 53 5769
3 53 1 5769 1
1 53 8111
2 53 8111
3 53 1 8111 1
1 53 8757
2 53 8757
3 53 1 8757 1
1 53 9204
2 53 9204
3 53 1 9204 1
1 53 10825
2 53 10825
3 53 1 10825 1
1 53 11171
2 53 11171
3 53 1 11171 1
1 53 12590
2 53 12590
3 53 1 12590 1
1 53 12919
2 53 12919
3 53 1 12919 1
1 53 13246
2 53 13246
3 53 1 13246 1
1 53 13703
2 53 13703
3 53 1 13703 1
1 53 14150
2 53 14150
3 53 1 14150 1
1 53 16974
2 53 16974
3 53 1 16974 1
1 53 17202
2 53 17202
3 53 1 17202 1
1 53 20026
2 53 20026
3 53 1 20026 1
1 53 20785
2 53 20785
3 53 1 20785 1
1 53 21897
2 53 21897
3 53 1 21897 1
1 53 22750
2 53 22750
3 53 1 22750 1
1 53 23536
2 53 23536
3 53 1 23536 1
1 53 24553
2 53 24553
3 53 1 24553 1
1 53 25625
2 53 25625
3 53 1 25625 1
1 53 27057
2 53 27057
3 53 1 27057 1
1 53 28846
2 53 28846
3 53 1 28846 1
1 54 1619
2 54 1619
3 54 1 1619 1
1 54 2339
2 54 2339
3 54 1 2339 1
1 54 5377
2 54 5377
3 54 1 5377 1
1 54 5750
2 54 5750
3 54 1 5750 1
1 54 6980
2 54 6980
3 54 1 6980 1
1 54 7345
2 54 7345
3 54 1 7345 1
1 54 8634
2 54 8634
3 54 1 8634 1
1 54 9109
2 54 9109
3 54 1 9109 1
1 54 10274
2 54 10274
3 54 1 10274 1
1 54 10779
2 54 10779
3 54 1 10779 1
1 54 10969
2 54 10969
3 54 1 10969 1
1 54 11534
2 54 11534
3 54 1 11534 1
1 54 12095
2 54 12095
3 54 1 12095 1
1 54 12628
2 54 12628
3 54 1 12628 1
1 54 14410
2 54 14410
3 54 1 14410 1
1 54 15472
2 54 15472
3 54 1 15472 1
1 54 19665
2 54 19665
3 54 1 19665 1
1 54 20834
2 54 20834
3 54 1 20834 1
1 54 21601
2 54 21601
3 54 1 21601 1
1 54 22549
2 54 22549
3 54 1 22549 1
1 54 23580
2 54 23580
3 54 1 23580 1
1 54 25745
2 54 25745
3 54 1 25745 1
1 54 26667
2 54 26667
3 54 1 26667 1
1 54 27219
2 54 27219
3 54 1 27219 1
1 54 27585
2 54 27585
3 54 1 27585 1
1 54 27691
2 54 27691
3 54 1 27691 1
1 54 27828
2 54 27828
3 54 1 27828 1
1 54 28331
2 54 28331
3 54 1 28331 1
1 55 83
2 55 83
3 55 1 83 1
1 55 1810
2 55 1810
3 55 1 1810 1
1 55 2160
2 55 2160
3 55 1 2160 1
1 55 4264
2 55 4264
3 55 1 4264 1
1 55 4676
2 55 4676
3 55 1 4676 1
1 55 5166
2 55 5166
3 55 1 5166 1
1 55 5235
2 55 5235
3 55 1 5235 1
1 55 5956
2 55 5956
3 55 1 5956 1
1 55 6998
2 55 6998
3 55 1 6998 1
1 55 8870
2 55 8870
3 55 1 8870 1
1 55 9086
2 55 9086
3 55 1 9086 1
1 55 10088
2 55 10088
3 55 1 10088 1
1 55 10661
2 55 10661
3 55 1 10661 1
1 55 10938
2 55 10938
3 55 1 10938 1
1 55 11724
2 55 11724
3 55 1 11724 1
1 55 11901
2 55 11901
3 55 1 11901 1
1 55 12791
2 55 12791
3 55 1 12791 1
1 55 13632
2 55 13632
3 55 1 13632 1
1 55 14910
2 55 14910
3 55 1 14910 1
1 55 17968
2 55 17968
3 55 1 17968 1
1 55 18463
2 55 18463
3 55 1 18463 1
1 55 19496
2 55 19496
3 55 1 19496 1
1 55 22306
2 55 22306
3 55 1 22306 1
1 55 23074
2 55 23074
3 55 1 23074 1
1 55 23814
2 55 23814
3 55 1 23814 1
1 55 24286
2 55 24286
3 55 1 24286 1
1 55 24807
2 55 24807
3 55 1 24807 1
1 55 26387
2 55 26387
3 55 1 26387 1
1 55 27388
2 55 27388
3 55 1 27388 1
1 55 28683
2 55 28683
3 55 1 28683 1
1 56 459
2 56 459
3 56 1 459 1
1 56 871
2 56 871
3 56 1 871 1
1 56 1987
2 56 1987
3 56 1 1987 1
1 56 2742
2 56 2742
3 56 1 2742 1
1 56 3914
2 56 3914
3 56 1 3914 1
1 56 5006
2 56 5006
3 56 1 5006 1
1 56 10329
2 56 10329
3 56 1 10329 1
1 56 11568
2 56 11568
3 56 1 11568 1
1 56 13739
2 56 13739
3 56 1 13739 1
1 56 15206
2 56 15206
3 56 1 15206 1
1 56 15785
2 56 15785
3 56 1 15785 1
1 56 17844
2 56 17844
3 56 1 17844 1
1 56 18256
2 56 18256
3 56 1 18256 1
1 56 18404
2 56 18404
3 56 1 18404 1
1 56 19561
2 56 19561
3 56 1 19561 1
1 56 20892
2 56 20892
3 56 1 20892 1
1 56 21698
2 56 21698
3 56 1 21698 1
1 56 24321
2 56 24321
3 56 1 24321 1
1 56 26555
2 56 26555
3 56 1 26555 1
1 56 27010
2 56 27010
3 56 1 27010 1
1 56 27992
2 56 27992
3 56 1 27992 1
1 56 28717
2 56 28717
3 56 1 28717 1
1 57 129
2 57 129
3 57 1 129 1
1 57 366
2 57 366
3 57 1 366 1
1 57 1358
2 57 1358
3 57 1 1358 1
1 57 2525
2 57 2525
3 57 1 2525 1
1 57 4669
2 57 4669
3 57 1 4669 1
1 57 5142
2 57 5142
3 57 1 5142 1
1 57 6000
2 57 6000
3 57 1 6000 1
1 57 6984
2 57 6984
3 57 1 6984 1
1 57 8366
2 57 8366
3 57 1 8366 1
1 57 8838
2 57 8838
3 57 1 8838 1
1 57 9630
2 57 9630
3 57 1 9630 1
1 57 10302
2 57 10302
3 57 1 10302 1
1 57 10996
2 57 10996
3 57 1 10996 1
1 57 12040
2 57 12040
3 57 1 12040 1
1 57 13133
2 57 13133
3 57 1 13133 1
1 57 14043
2 57 14043
3 57 1 14043 1
1 57 14583
2 57 14583
3 57 1 14583 1
1 57 15410
2 57 15410
3 57 1 15410 1
1 57 17156
2 57 17156
3 57 1 17156 1
1 57 17818
2 57 17818
3 57 1 17818 1
1 57 19291
2 57 19291
3 57 1 19291 1
1 57 20578
2 57 20578
3 57 1 20578 1
1 57 22526
2 57 22526
3 57 1 22526 1
1 57 23588
2 57 23588
3 57 1 23588 1
1 57 24219
2 57 24219
3 57 1 24219 1
1 57 24531
2 57 24531
3 57 1 24531 1
1 57 27639
2 57 27639
3 57 1 27639 1
1 57 28559
2 57 28559
3 57 1 28559 1
1 58 1314
2 58 1314
3 58 1 1314 1
1 58 2556
2 58 2556
3 58 1 2556 1
1 58 2673
2 58 2673
3 58 1 2673 1
1 58 3300
2 58 3300
3 58 1 3300 1
1 58 4485
2 58 4485
3 58 1 4485 1
1 58 4921
2 58 4921
3 58 1 4921 1
1 58 5439
2 58 5439
3 58 1 5439 1
1 58 6863
2 58 6863
3 58 1 6863 1
1 58 8836
2 58 8836
3 58 1 8836 1
1 58 9645
2 58 9645
3 58 1 9645 1
1 58 10082
2 58 10082
3 58 1 10082 1
1 58 10287
2 58 10287
3 58 1 10287 1
1 58 11298
2 58 11298
3 58 1 11298 1
1 58 11400
2 58 11400
3 58 1 11400 1
1 58 12259
2 58 12259
3 58 1 12259 1
1 58 12926
2 58 12926
3 58 1 12926 1
1 58 13344
2 58 13344
3 58 1 13344 1
1 58 16831
2 58 16831
3 58 1 16831 1
1 58 17226
2 58 17226
3 58 1 17226 1
1 58 18016
2 58 18016
3 58 1 18016 1
1 58 18707
2 58 18707
3 58 1 18707 1
1 58 19399
2 58 19399
3 58 1 19399 1
1 58 19810
2 58 19810
3 58 1 19810 1
1 58 20571
2 58 20571
3 58 1 20571 1
1 58 21036
2 58 21036
3 58 1 21036 1
1 58 22366
2 58 22366
3 58 1 22366 1
1 58 22927
2 58 22927
3 58 1 22927 1
1 58 23033
2 58 23033
3 58 1 23033 1
1 58 23448
2 58 23448
3 58 1 23448 1
1 58 23753
2 58 23753
3 58 1 23753 1
1 58 25524
2 58 25524
3 58 1 25524 1
1 58 26227
2 58 26227
3 58 1 26227 1
1 58 27201
2 58 27201
3 58 1 27201 1
1 58 27546
2 58 27546
3 58 1 27546 1
1 58 28496
2 58 28496
3 58 1 28496 1
1 58 28801
2 58 28801
3 58 1 28801 1
1 59 544
2 59 544
3 59 1 544 1
1 59 2528
2 59 2528
3 59 1 2528 1
1 59 3090
2 59 3090
3 59 1 3090 1
1 59 4541
2 59 4541
3 59 1 4541 1
1 59 5131
2 59 5131
3 59 1 5131 1
1 59 5673
2 59 5673
3 59 1 5673 1
1 59 6547
2 59 6547
3 59 1 6547 1
1 59 6957
2 59 6957
3 59 1 6957 1
1 59 8571
2 59 8571
3 59 1 8571 1
1 59 10256
2 59 10256
3 59 1 10256 1
1 59 11382
2 59 11382
3 59 1 11382 1
1 59 11826
2 59 11826
3 59 1 11826 1
1 59 12160
2 59 12160
3 59 1 12160 1
1 59 14979
2 59 14979
3 59 1 14979 1
1 59 15234
2 59 15234
3 59 1 15234 1
1 59 17742
2 59 17742
3 59 1 17742 1
1 59 17969
2 59 17969
3 59 1 17969 1
1 59 18878
2 59 18878
3 59 1 18878 1
1 59 19158
2 59 19158
3 59 1 19158 1
1 59 19974
2 59 19974
3 59 1 19974 1
1 59 21477
2 59 21477
3 59 1 21477 1
1 59 22202
2 59 22202
3 59 1 22202 1
1 59 22928
2 59 22928
3 59 1 22928 1
1 59 25053
2 59 25053
3 59 1 25053 1
1 59 25361
2 59 25361
3 59 1 25361 1
1 59 26703
2 59 26703
3 59 1 26703 1
1 59 27629
2 59 27629
3 59 1 27629 1
1 59 28876
2 59 28876
3 59 1 28876 1
1 60 1533
2 60 1533
3 60 1 1533 1
1 60 2093
2 60 2093
3 60 1 2093 1
1 60 2322
2 60 2322
3 60 1 2322 1
1 60 3378
2 60 3378
3 60 1 3378 1
1 60 4801
2 60 4801
3 60 1 4801 1
1 60 5805
2 60 5805
3 60 1 5805 1
1 60 6565
2 60 6565
3 60 1 6565 1
1 60 7896
2 60 7896
3 60 1 7896 1
1 60 8573
2 60 8573
3 60 1 8573 1
1 60 9226
2 60 9226
3 60 1 9226 1
1 60 11147
2 60 11147
3 60 1 11147 1
1 60 12307
2 60 12307
3 60 1 12307 1
1 60 14521
2 60 14521
3 60 1 14521 1
1 60 14946
2 60 14946
3 60 1 14946 1
1 60 16012
2 60 16012
3 60 1 16012 1
1 60 17038
2 60 17038
3 60 1 17038 1
1 60 18964
2 60 18964
3 60 1 18964 1
1 60 19412
2 60 19412
3 60 1 19412 1
1 60 20484
2 60 20484
3 60 1 20484 1
1 60 20816
2 60 20816
3 60 1 20816 1
1 60 21878
2 60 21878
3 60 1 21878 1
1 60 22905
2 60 22905
3 60 1 22905 1
1 60 24643
2 60 24643
3 60 1 24643 1
1 60 25464
2 60 25464
3 60 1 25464 1
1 60 26427
2 60 26427
3 60 1 26427 1
1 60 27743
2 60 27743
3 60 1 27743 1
1 60 28294
