2595
0
982
982
1716
1294
2112
1736
911
1968
666
983
824
860
942
86
1988
1062
1686
1942
0
2190
1742
1764
916
1912
1858
1522
2403
1072
1188
2637
0
1200
824
0
1742
1332
956
1684
1496
985
637
2154
1556
892
832
1804
871
1570
983
2180
882
997
2868
1918
831
2106
383
2172
1564
0
994
1406
1392
971
1108
1870
1596
1472
968
1766
1908
934
1502
920
904
1870
1546
1212
902
2817
934
888
2286
1332
983
702
1222
762
1938
1658
990
1856
1920
942
1194
996
2706
1222
2394
997
997
1062
994
983
1536
1264
1772
1064
1222
1558
554
1870
942
986
1442
1776
1600
438
2355
1546
1982
1980
442
1764
904
1698
2936
1772
1809
993
1938
1852
1720
816
1582
1332
1542
1804
1350
707
1820
1556
1604
967
0
1582
960
123
929
1274
2268
1756
1558
1994
1968
984
1602
1998
993
1142
2160
920
1910
913
792
999
988
882
976
1134
1784
895
1968
997
1402
997
983
1856
1832
1584
1976
1434
942
1784
2787
816
802
1262
926
1488
1822
816
1386
1520
1642
2946
813
2802
891
2895
1766
2196
942
2706
1776
1566
1276
982
935
986
983
862
888
785
1560
1742
1830
651
1866
1100
1472
934
1980
982
955
1502
1188
1126
746
1984
300
1806
1974
780
1612
1332
906
1822
997
1798
2400
993
1566
1220
1844
1520
1736
911
882
2370
1546
782
839
2358
1404
1428
999
2493
895
1274
0
1590
955
2730
1776
1400
992
2778
1972
1686
1632
983
929
1930
1602
28
1764
1878
1594
997
2595
1486
1582
0
932
1596
1534
1308
1424
1602
1794
1608
1730
2547
813
1912
888
906
997
1604
1986
1838
983
1542
1812
756
1078
916
1868
1040
976
991
997
955
971
1318
1518
983
1078
520
849
1074
1596
2259
1587
1440
1276
713
0
1596
945
1942
982
816
969
1812
2541
1604
1812
0
1098
1992
762
1632
1772
997
1234
996
792
2160
976
1966
1542
799
1992
1732
831
2952
991
993
903
1496
1968
1564
892
1496
1965
1206
1870
1474
1776
1566
1736
982
1220
983
1662
778
1840
2151
807
1414
488
993
885
1560
1720
955
1472
983
1072
1966
1750
986
1662
1490
2349
1122
624
865
1560
1964
785
969
882
1368
976
1276
1596
917
1622
1596
858
1964
976
1604
875
906
1966
1833
1668
1582
1730
1222
702
996
1858
1296
1602
997
911
2196
1852
959
1520
1856
1964
1498
1274
882
1122
1838
1404
1988
1938
2958
549
734
734
997
1866
0
1662
37
1980
1402
999
53
952
1698
1434
772
1122
738
997
1678
1188
1658
760
1149
1684
942
1938
1764
760
1784
827
1804
1582
956
0
942
1472
1856
487
1472
906
1720
976
1912
996
1276
1564
959
1870
1404
997
1052
1806
955
1174
1992
1188
1918
996
1540
1764
906
1188
1856
1602
151
1108
992
1911
1212
0
1098
1798
833
1368
1806
1524
997
1564
1492
1662
1278
983
1806
1602
1820
1737
952
2418
801
1966
1464
1534
178
2655
1866
942
986
911
971
831
807
720
862
1746
868
993
1754
1664
929
960
1881
1488
416
1870
1370
1994
529
1776
1584
1064
680
649
926
1868
955
1632
2613
782
926
1196
882
1812
0
1658
1742
1794
1126
955
1368
1806
2658
483
1776
983
1942
991
942
3492
888
983
791
1786
1698
1414
1558
1058
1386
1126
935
1116
1938
1472
886
983
1386
1820
991
1078
2991
1464
993
848
1624
1006
982
830
982
988
1556
1038
2265
983
997
1304
1964
1696
1772
1572
896
1694
1912
936
1404
1560
1972
1274
1868
1966
3644
1338
997
1878
1602
2457
990
1689
1868
1270
1896
1594
1424
1302
1812
935
1166
2802
1966
971
1884
1822
1582
1632
1582
256
990
0
1596
1808
1642
994
1536
1720
1870
926
1510
1968
1400
988
1404
1694
1888
986
1126
1602
2604
996
1126
1134
1852
986
1064
1188
3068
730
1596
150
0
1992
1730
1866
2070
903
911
955
1782
888
1200
1988
1994
903
1354
1512
1758
1664
2991
438
1512
1274
1976
780
1806
616
708
1866
969
1830
830
983
2181
1994
1044
1768
1852
721
1034
1518
862
1492
852
971
1682
916
1582
1838
1572
911
1720
1426
1604
2778
2343
984
1934
1426
1888
1502
993
2778
1472
983
1798
1756
1590
2805
788
955
1911
1332
1350
344
1116
1870
1686
1464
983
786
748
799
1784
