1439262
999575
996446
999781
1781112
1899656
1863342
999836
1467804
1045210
1369482
977451
1810068
1690532
1833362
997972
999777
994067
999401
1862076
999808
1828976
1434620
1803122
997566
930224
999260
1951809
1743550
2595867
1530034
1863342
1747720
998966
995711
2379870
1944524
1744742
1400390
1938944
1940978
999454
1599204
1854124
1280398
999793
1469904
999260
2742573
3726684
1637300
1781112
997441
1646790
1797990
999689
1256086
1959708
1674192
1676282
1747720
999169
1800912
1418390
1414978
996446
1086974
949403
1901824
1830466
1826566
997700
1219462
1662668
1662668
1667814
997362
1951208
998735
999808
1669512
1377450
1956466
999575
1395490
999256
998826
1461856
2058720
1945360
1286106
1993316
1995184
999686
999128
1369482
1422264
1012988
1854880
2632908
1790320
1830126
1632734
999474
1369482
1830466
999237
1075144
996868
1414978
1647226
998834
1068188
1648582
999836
2198154
1882810
1326746
1646790
1586794
996868
2772912
1910316
999639
1828716
1905008
999572
1816150
1450944
999454
998190
1502408
1736230
1631046
999572
998834
1956466
996837
997972
1489544
996104
1466440
1926566
996757
1414978
1213620
1667762
1067858
999546
1995558
1502958
1722567
995383
1653800
1248814
995772
999971
997176
1940978
994100
1489544
1945360
1919834
995441
1349050
1247931
999256
1995558
999572
999761
1470820
994961
2793114
1589960
2914494
1967952
998482
999454
999793
1527282
1817144
2356449
2724225
1207890
999546
1470820
998190
1000908
1781112
1557686
999349
1942731
1828976
1433940
1695368
1850232
1067858
998190
1938944
1785586
1160916
2449707
2490126
999809
999524
1605748
2134713
999518
1414978
2449292
1695368
1416620
1070082
2379870
994975
941784
1755536
1211334
999572
1120984
1940444
1854124
999454
2620824
999508
999639
1414978
997449
1321682
997438
1821516
1635840
999546
1696212
1211334
1883604
1892896
1658204
998270
1647226
1826566
1352130
1724760
1767376
1695368
999809
999836
997513
996046
993709
1352212
1873221
1093944
1963722
999917
999349
1295154
1882516
999041
1854124
998609
999975
995416
2987871
2490126
1828716
1321596
998948
1938944
1461856
2915049
1688655
1414978
1942996
999474
999165
999836
999041
998190
999781
1792594
997700
1434620
1902950
996319
1766054
999762
999762
1253352
998799
999286
998653
1833362
1758486
1792594
1863342
1341958
3060342
1016926
1417900
1736442
993119
2021976
1695368
1395490
1218894
999165
981943
1695368
998959
999546
999437
1803122
999917
1860748
999975
1991914
999180
1854880
1755536
1911274
1433940
988889
1521098
1893334
996689
1901824
999777
1470820
1969066
999860
3449520
998963
1602282
1403852
1991914
2908416
996497
999508
1090560
998910
1935218
1569616
996538
1907958
1690532
1394414
994439
1286106
999971
2297721
2343891
997371
992869
2911467
2290923
974732
1920597
1434620
1758486
994153
1128324
1131530
1465436
1893334
1779268
2924928
1826566
998507
1995558
1810068
998092
1987260
998910
1470820
1623106
1057428
999572
998966
1732778
1854124
1523894
1518046
1502408
1502958
1319362
1291236
2646567
1423142
1926242
2582628
1369482
2769267
992695
999769
999639
999793
1784472
1791288
990782
1658576
1297972
1326746
1832528
1730578
999180
1861150
1519482
993709
999975
1945360
1502958
1995184
1641128
1701994
1583860
1154898
1990352
1355956
997171
999836
1395432
1461856
999128
1450878
999639
1710574
915715
1893334
996842
1952142
1088570
1935218
1014904
1993316
1846316
1901824
1898614
1433940
1218894
1907958
1063800
995425
1942996
999572
1319362
1167568
999500
918471
1262622
1647990
999809
2203296
1775356
2617113
1262036
1414978
998201
954160
1951208
1972820
1012988
1434620
1128324
1899730
999975
1559136
999808
1956240
2343819
998942
999639
1551100
1649866
1792594
1395432
1956466
1631444
999256
1893334
1120984
1286106
1200608
1820566
1406780
1862076
2447166
1189850
1481454
1748618
1830466
999762
980199
2715102
999237
1453838
999777
998109
1016926
1469684
953128
1521098
2724225
1599204
1792594
999769
1871804
1897978
1956466
1665472
1944524
1434620
2583258
999437
1743310
814080
1341958
995721
992844
1501704
1569982
998959
1893104
1403852
1406780
997754
1810068
1220084
1336050
999183
1469904
1993618
1690532
1662134
1662134
997513
1551100
1658204
1767376
1662046
995876
1521098
1470820
999836
1803537
1067858
1690532
998035
1299648
1422264
996868
2204526
1067858
1190276
1658204
1307668
1899656
1951208
999639
997371
1882516
2449101
999793
1218116
998572
1940978
1952142
1846178
1286106
1088570
1944524
2010693
2791122
2252556
1744742
1211334
1897978
2343891
1469904
999769
996910
1901824
2198154
999973
1486911
999762
1237000
1774918
999793
1915542
1012988
996446
1901824
1178986
995711
1263512
1280398
1951208
1406780
1307668
988110
1470820
1648582
1599204
998653
2083752
1817144
1940978
1935218
1194634
1154898
1837910
1919834
1092806
997043
1557686
997810
1326746
1495000
1487136
964306
1461856
1893104
999572
1417900
1218894
1846178
1487136
1861150
1701994
1060376
1993316
1638074
998834
995884
1641128
1487136
998109
1908394
3162408
1434620
1945360
1862076
1605748
999286
1489236
998910
1701994
999437
999169
999301
2823774
999256
2934360
1614912
1995558
997628
1414978
1860748
1589960
1727508
1727508
988089
1993316
1638074
2371806
999260
1701994
1662668
999793
997371
997700
1893054
1226588
2918040
1586580
2985069
1466440
1502408
1990352
1012988
999260
1394414
999546
996384
941230
1945488
2847921
911055
1589960
998941
999508
1990046
1305516
1695368
999777
1970943
2487864
1793376
1766054
2777937
985531
1470820
1394414
1956466
1394414
1299648
999437
999247
1839476
1502408
999971
1995558
1993316
999971
1899656
1434620
1967952
1893334
1372480
1710574
999247
3259240
999575
1350678
1226046
995007
997449
2840001
999437
1839476
999917
999977
1286106
1721752
1466440
999836
997043
1797990
1778154
999546
1862076
1669512
994902
1945360
999447
1414978
999808
1651246
1521098
1532420
1242638
1956466
1993316
999777
1995184
1767376
1755536
1487136
1991914
998826
1945360
999793
1016926
999524
1646790
1458492
1487476
998834
999183
999575
999686
801211
1581788
2204526
1959708
1942996
999686
1651246
2582472
996124
1481454
992232
999572
1993316
1938944
1882810
1944524
1423142
991731
999860
1929348
995198
2336529
1648582
1963684
1945488
999572
1954846
2380191
999918
1797990
1908394
1647226
997695
995939
1863342
1744742
998966
999572
999836
1938944
1926242
1863342
1232520
1218894
998270
999533
999301
994384
1690532
1736230
1991914
1487136
1256616
1893104
1944524
988587
998942
2737371
1899730
975174
999524
1902306
1979043
1970943
1990046
2501037
1028150
1766054
1600466
1945360
1755536
1967952
1335990
1963722
1963722
1450944
998941
1744742
1727508
965601
1651246
1813522
1755536
998063
999836
1599204
2861937
1863957
1725244
1839476
999256
996871
998572
1641128
1940444
999256
999357
1854124
1621240
1137642
1920597
2312649
2470839
1305886
1956240
1495000
1194634
999836
1581788
998507
2637729
1213620
1899656
998941
2839808
1949952
1945488
999917
1907958
998834
1422264
999437
1623106
1242638
999437
1433928
998948
1901824
1959708
2204526
995939
1372480
2835800
1434620
2745486
999761
999971
1626888
1394414
1843716
1862076
1646790
988085
2601135
1541766
1778154
1557686
1863342
999454
1492252
1891864
999575
1926566
1403852
1434620
999256
1160066
1418390
999524
1213620
2440332
987853
1470820
2824200
1297972
1660084
1830466
1732778
982830
2158893
1112502
1747720
1854880
999860
1599204
999301
1882516
1781112
1608664
998963
1958829
1469904
1839476
1016926
1767376
1341958
938664
1550308
998799
1963684
1092806
1434620
997201
1854880
1723828
1501704
999256
999437
999437
2883231
1200608
996782
1557686
982165
1686105
998866
1850232
1723828
991996
999474
2750043
1743550
1369482
1711262
1956240
1681476
997375
995441
1559420
1784472
999474
991791
1369482
1926566
1581788
1860748
989705
1766054
1826566
1489544
1560634
1938944
999808
1766054
999237
999575
998609
2750043
1787342
1461856
1237190
1747720
1905008
1755272
2301405
1826566
975947
1690532
1669512
996446
1319362
999518
1028150
1263512
1908394
1569616
996837
1767376
1434620
1992852
2470185
1120984
1662270
999975
988150
999546
996467
1882516
1469684
999546
1820566
1863342
1647226
1821208
999791
991815
1766054
1985619
999524
1779588
1369482
999625
2026017
1749633
2635926
3951492
1638074
1797990
2093148
1589960
1648582
2924928
1463368
2211147
1862076
1690532
1088570
1088570
997371
1092806
2614965
991791
999437
1839476
1501704
1067858
1883604
1945360
1395432
1088570
1326746
998507
996782
999973
1791288
998942
1757284
1564608
1470820
1423142
999128
1902306
1658204
1262036
2150910
999546
999357
999793
999349
999575
1690980
2367810
1695368
1695368
999809
1561032
1721752
1766054
1732778
998098
1040688
1653800
1851958
994444
998942
1424270
1541766
999793
1518046
999777
999777
999572
1949952
1489544
1898614
1422264
999437
1791288
2312649
1938944
999977
999024
1557686
1944524
1468864
1774918
1839476
999474
1755536
998637
1830466
1450944
1557686
1908394
1469684
1975746
999836
992218
1658576
1862076
1747720
1919834
1768479
1956466
996284
997754
1926566
1501704
1638074
1626888
999474
1850232
1755272
998942
997700
1649866
1826566
1747720
999836
1477034
1237190
999187
999053
988764
999836
999973
1727508
999437
1725310
998959
999809
1956466
998834
1662134
1959708
998190
1000908
1701994
2934360
1732778
999781
997371
988139
1154898
1103304
1701994
2614965
1891864
1641128
1926242
999762
997972
1839476
998959
999625
1477034
1828716
1942996
2552991
1898614
3352564
1860748
999793
2663034
1305886
999973
1641128
1561032
1641128
1502408
1901824
2793114
996586
999808
1406199
1952142
1956240
1457944
1945360
2339130
1882800
1232520
2277069
1417900
999508
1893334
1748618
1821208
997754
1647226
1286106
1417900
999639
1643226
997426
999524
1830324
999349
999474
999836
1711262
999437
996761
1758486
999474
1730578
998866
1695368
1952142
1942996
979841
1942996
1897978
1828382
1956240
1959708
2131525
998480
2474799
1871804
1704428
1898614
997287
987052
1732778
1954846
992869
1882516
999454
760565
1501704
1944524
1335070
1952142
1781112
1632734
3899904
1826566
1905008
1902306
1951208
1926242
1395432
1696212
999860
1665472
1792594
1298906
1901824
3980704
2793114
1956240
1766054
1891864
1898614
1675302
1755272
1092806
2823774
999437
1253352
1118238
3125188
999546
999524
1562546
1905008
2662377
999572
1827174
999971
1088570
1218894
995939
1975746
1297972
1001463
1662134
1695368
1002454
999575
1828976
2541129
1959708
3549836
1414978
1995184
999454
1690532
1263512
999809
2501721
1414978
996047
1489544
1935218
1259848
903565
1090560
1028150
2230704
1160066
965126
998961
1701994
1322682
1000908
999454
1589960
1935218
2343819
1181242
1690532
999575
1321596
999256
2150892
1573934
1417900
999256
999572
994444
999918
1828976
996761
1907958
1851958
1658576
1993618
1936854
999761
999546
2343819
997972
1469684
1990082
2556642
1218116
999808
1468864
1846178
1495000
1462464
1727508
999247
999836
1668753
2176317
999575
1515698
1088570
1189662
1926566
1487136
1732778
997095
999793
999154
2367810
998098
1380830
999380
980327
1127934
1461856
1730578
997426
1755506
1597308
1534540
999762
999169
1781112
1417900
1450944
1487136
999474
1767376
1675064
996809
1450944
1704428
998834
2206230
1557686
1569616
1922154
1791288
1882516
1897978
1710574
1778154
1534540
995939
1696212
999096
1821516
999575
1935218
1213620
999500
1854124
1040688
1461856
1854124
999575
1967952
997513
1755480
1647990
1951208
1392076
999575
1092806
997371
1729976
1929159
1764100
2474799
1954846
2839656
998963
1629620
1892896
1949952
1744742
1599204
996046
2745699
999575
