2385438
3257196
2253462
1975828
1759860
1766124
1927066
1815810
1973608
1992026
2463273
1764786
3459856
1436742
976762
925515
1909380
1992396
1844856
2810028
1992598
1235336
1630629
1843350
1981048
1964768
2251668
1741694
1917639
999815
1403334
997199
1867670
2404764
1944722
995276
2693934
2610309
1997288
920741
2804181
2251719
2848566
2510745
1954342
1577056
2074842
2454333
1328584
1453646
1682294
2709136
1912128
2525802
2010057
1771452
996291
1994142
1863166
1960522
2251668
1615792
2823486
2786541
1479214
2136918
2879082
998063
2516496
2875908
1489548
1229600
1407386
952690
2709603
1783140
1979502
1828934
1309086
2014830
1479168
2365584
1988632
2978889
1997288
1994840
2212899
1670624
2871078
2768757
2648007
2211009
1945672
1961478
991137
1998520
2032122
723986
683681
989850
1737902
1485124
1960812
1883942
991198
1954362
960983
2337924
2877861
1844576
1143516
1681982
1154888
2412762
1427564
1707798
1985276
1977498
2754375
2588493
2957634
1825502
2771916
2554842
3863420
2626422
2468052
1607370
998686
1674910
2907381
1815144
1403202
1945346
1655562
1980064
1945712
2546265
2314308
990120
1868104
2665518
994361
2139357
2771916
1412878
2086080
2818812
995012
2838360
1475298
1616918
1436928
2868168
2455458
2877723
999466
1235172
1842822
1883942
1985504
1922130
1952190
1611792
2413176
2297262
2003910
2218365
1984628
2234010
1974804
1273360
2498004
1964932
1994998
1966172
2317500
982838
2308785
999025
2212947
1759276
1781786
1849624
1721554
1909796
1976558
2917083
990762
2317698
1963250
1855878
1957014
1966250
997379
2142438
1178586
1696107
1988722
1986018
1968562
1626884
2216031
2566722
2707842
996675
2868570
1906736
880105
1908660
990767
1995628
1960522
1966360
2243715
2130846
1771452
2595975
2312664
2947380
2383659
1043340
1945346
1948632
2808963
1071538
1873584
3921980
1316850
1942090
2799234
2919378
2757594
999340
2652864
1931710
1855754
1766124
1721082
1960522
1818381
3739844
2690757
1973266
1973608
2900400
1050408
2673933
1656982
1757524
1991620
2146734
1974804
2018742
1748678
1977352
1869428
2035758
1485006
2049201
1840750
2427948
1934668
2641911
2013519
2613771
1921570
2008155
1976558
2951742
2535681
2284788
1806974
2206233
1916458
1977498
2272689
1905236
1922798
2871234
1908948
1929938
1387020
1691174
1922798
2322195
997434
2448813
1878640
2513468
1886420
941363
1783392
1909750
1311864
1948770
1942722
1860318
2809851
2317635
1809066
2702628
2685969
1865844
2410104
1202392
2926158
1599830
2836128
1959612
3891344
1977498
2980980
1387030
2421288
2629977
998409
1995256
1848290
2026254
2971572
998546
3287296
1687200
2127396
1879208
2031852
2360775
1981048
2652453
3540520
1237168
1964730
2887935
3529000
1914052
1984628
1479638
998345
2584196
1992396
2119287
1914052
3548740
2623017
2591511
998345
999013
1976558
1620864
1737448
1816382
2468085
1952792
2835030
1731294
2485959
2877723
2003910
2639946
2802156
1974894
2697357
1938118
1992396
3459856
1262878
1872622
2031852
1760828
1991730
2976942
2918568
1808320
1935900
2232663
2079748
999793
2729115
1648508
1995256
3787340
3723732
995862
1940517
2454102
2958756
2982969
999546
1646180
1795238
1876424
2830308
1987320
989328
1350616
1476356
1244178
1961414
1997288
1197262
1557398
3355436
1972504
1783838
1304988
1997670
997814
2838868
2061930
1846606
2863701
994758
990425
2882355
1955894
1975862
1776818
999947
1755126
2216556
2261784
2631984
1994840
2087703
1414212
1251236
1997288
1811244
1857694
2286243
2372691
1954342
1975278
2342094
2421096
1974804
2943544
1907504
998644
1558386
3301048
1974894
4961382
2699439
1973608
1943332
3919968
1922130
2636286
998564
2998344
994094
998686
1863166
1111629
1677046
2190384
1983902
1878640
2447721
1967608
2440797
1909134
1869428
2951742
1719848
2455338
2546232
999858
1945712
1715506
2142555
3619144
2153406
1312918
980568
1361336
2828631
995320
1757524
1677046
1992466
2986998
996245
1980064
1871704
2322195
1741272
2899050
1704842
2442105
1822418
1957014
986252
3264784
979912
1547200
2197551
2086080
1633338
2517438
1973608
2212899
1988216
1773142
2983551
1894479
1840750
1961414
1961478
2160252
2713599
1950772
2978256
1762040
1802760
1979256
1988216
1965386
1540382
1921208
1866762
1815798
2152569
2768127
2536947
1762452
2321436
2913378
1871298
1773030
1947812
1957808
1825624
1475266
1359896
1994142
999793
1814380
1754382
1802760
1872120
1303990
995891
2120682
1589106
2969253
2472532
1998722
2641242
2434008
1899336
2461863
1811438
2429508
1795956
2988699
2216556
1332052
2729115
996482
1351758
2611908
2990301
1947572
2243715
2168322
1590292
2588505
1988646
1993316
2709111
2981367
2405310
2593218
1872622
2358822
984490
1687200
1719848
997814
1067292
1945964
1899626
2594463
1731528
1997288
2148488
1913698
1964920
1934668
1759356
1475416
2604759
1994142
1440282
2456448
1836526
1672856
1830480
2159436
1946889
1819250
1754134
2514210
2586432
2282010
1881832
1194726
988544
2588505
2505936
1936718
1964186
1931112
2450007
1745974
1665418
1224430
2563134
2108874
1937946
1617114
1674910
1892871
2490345
1974804
1313758
979346
2868168
2283495
1840750
1815144
1914156
989497
1839684
1947866
1802760
1695698
1935648
1985962
995157
1959664
1886420
1820230
1908124
1988728
1985962
2076420
3108328
1950618
2568280
1953820
1741694
3389236
2944875
1905032
1995628
1900356
2838360
1954112
1631954
2571861
879235
2486067
2723697
1820854
2365584
999639
3262716
2750298
1984628
1099068
1575494
1245240
1889564
2480691
1947812
2003910
1846311
1959664
997084
2943249
1708929
1331780
2762772
1678776
2455828
2770326
1886998
1616730
3817320
997937
994648
1790640
991186
2939976
1836393
1988632
2444220
990553
1899336
1892240
1975886
1986056
1853278
1540972
2448813
1935900
1192053
2564589
2432010
1992598
982365
2355432
1144462
1979256
3182308
2727315
978193
1819250
2306208
2947152
1547200
1961414
1909796
1857694
1842620
1920504
2135952
2688771
993144
999931
1992598
1172818
1986548
2998128
1931112
1359896
1750948
2421610
1851924
1948770
1750948
2410104
1979256
1541890
2463273
999411
993362
1986548
997769
1660024
1992598
2580978
1802288
2047914
2159436
1849760
797689
1849624
1945712
2055798
1598734
1130738
1953820
2658438
1848508
2361696
1994398
998162
2789064
2305905
2862522
1988216
1606898
1992466
2814636
2887761
2842316
2593815
2730345
1969058
1963454
1692350
997814
2197551
2039844
2072877
2032122
2713803
999546
1983428
1973608
2148756
1942090
2486283
2418693
1913698
967173
1742514
1998480
2489205
1954112
1959664
967607
2122656
1572724
2116278
2799849
1843350
2675757
2804181
2874687
1696020
1903533
1986548
1948770
2954307
1899626
2257724
1417340
1976778
2200098
1922946
1962166
2789430
2597640
2813226
2833452
1760828
1947866
1933786
1918904
1690490
1871704
1986966
1970962
3423476
1938254
2832195
1876470
1650408
1964768
1755524
2591568
2548599
2009643
1444390
1992692
1938058
1298234
1909796
1368256
1882324
2881812
2221146
2549871
2514855
2834964
973941
883392
1292098
1120358
1836250
1672856
1554164
2109465
1942508
1889782
1954342
1957406
1931112
1964730
1971322
1960522
1871704
1849760
1979256
2606919
1961414
1672856
2689722
997777
1847944
3746468
1983428
2595636
3330836
1557398
2940783
1848674
1908710
1905032
1945316
2728875
2926158
1945712
1966360
2794056
1759276
1606898
1795956
1990970
1606736
1237072
2829639
1948646
1895350
1952190
1980990
1991064
1673830
1969058
1990518
1944216
2505696
1055760
1994998
1665418
1836250
1882536
1942090
2634471
2218149
2045901
1974804
2286879
3020688
1876424
1848550
2429892
1747796
1984628
1960522
1871570
1921472
998162
1948632
1945143
2723697
1484002
1332052
999664
1623258
1896074
2991213
2454333
1689676
1802760
1942090
2015871
838832
1908124
2114526
1683868
2962341
2223624
1869428
2234010
2412305
1383094
1540382
1952792
2674398
1944722
1092346
1888968
2380205
1871298
1426520
1980574
2567526
1930820
2613849
2236557
2967120
2352072
990518
1957808
1872870
1999830
1966108
1975500
1738732
2510844
1982714
1978656
991057
2896413
1945964
1826504
1899336
989582
1964768
994399
1672856
1985962
1962166
1925194
1266802
1811244
1971322
2974362
2279592
3205364
1786042
1793148
1819250
1992394
2064861
997769
2849439
2598183
986412
1993316
1983428
993523
1992692
2712459
1872642
1959984
2593383
1964932
1541776
1692068
2433138
2116278
1948770
1869922
2289378
1944722
1975886
1991540
1493550
1869454
1938118
3529000
1912510
2461863
998250
1979134
3508065
1565010
1889976
1601606
2967441
1753748
1981048
2296467
1954186
1787943
1262968
1998520
1923788
997199
2314062
2582331
1878640
2219457
2058444
1813450
1673830
1406142
2848500
1912128
1819250
1746340
1790640
1961414
997199
1912510
3143208
1946828
1988632
1819866
1959612
997814
1992078
1731760
1959984
1964186
3017832
1795956
2860599
2812551
1878640
2931168
1954186
1864884
1929464
1916686
2804883
1871298
1964730
998638
1860318
1978656
1985926
1961478
1484002
1876470
1745974
2406884
2606919
1539240
1964730
1939354
998188
1926210
1839684
1897851
611310
996696
1909796
1754134
1851924
1748678
1086694
1656124
1525722
1955894
1257246
997937
1647188
1945712
2648007
2049201
1899336
996084
2992884
1922798
2361696
1741694
1811438
2499933
1270906
909970
2499033
1945964
1977498
4858330
2156001
1992598
1533578
1066692
1905236
1849760
2723703
1966172
2407020
996954
989227
2059914
1795956
1668008
1916458
1445210
3949704
1872622
2563599
1970962
2135952
1878640
1619672
1991332
1954112
1964768
1973266
2563599
2704140
2621694
1966360
3775588
1724550
1987394
2170191
2579856
1942722
986029
1766124
1130738
2717157
2429529
2961612
989850
2808963
1966360
1683868
1903824
984831
1792890
1887088
1879208
1915698
1990054
1672856
1507504
2988897
1708110
2624832
1945778
2325140
3956564
1815144
992037
1981304
1753748
2372691
1886998
1836250
999931
1975278
1723774
997420
2947095
2191533
1933786
1960522
1959984
995157
1565238
1912020
1938254
1892871
997129
1921570
1189932
1984628
2956443
2685960
2116887
1656978
2453352
3150988
2590077
1811244
1801514
2723715
1986548
1704858
2989974
1484282
1246234
2855736
2350590
3307588
1983428
1860318
2959899
1999430
2969253
1390308
2474142
2608962
2988591
1867670
