7599614
13692242
10027226
11352480
7467966
9135400
7976560
5649581
10969972
11865386
9440124
8544294
8610075
10509708
6786017
7129386
4984165
7297424
6783064
7599780
3884608
8677638
5434710
4947131
11384244
11542752
7299168
7904347
9116380
8862140
8975565
6435499
2990835
7566232
5504212
8515152
8720568
10569330
10591020
2258424
7114450
8145180
7743615
8946594
7751560
10708500
7887312
9375410
11684748
7389126
7468893
7755288
8017551
14326950
5277678
9917350
7253624
9866560
10195679
5464552
7341880
9468940
10361681
8012400
10422423
8782371
6665008
10564928
10754864
8464968
11292600
10460978
8340420
7985616
11489880
6340495
6340495
4711920
7659920
9641820
8865130
8922906
9046206
7610620
6460408
7307292
7132904
9431390
13517756
8306016
8782140
10214280
12211696
5893410
8019153
7296678
7489272
8675622
10951017
11313458
4051020
6920892
7365690
7290231
10105447
13632206
5778906
7702992
10813880
13413512
4075092
9112940
7598336
7237040
10658904
9336900
6273414
9211098
6960191
7640192
10754084
7931844
7514496
4672495
8867340
6857445
3741096
9381110
9193570
4728995
8366440
7889632
8083278
10612860
5481684
10373594
5926158
5365689
7862510
6949992
13307984
12319958
10279044
3378616
10478100
11583568
6914796
12509081
6565958
9093051
6598880
5992992
5222028
6634341
8826021
10384476
8753157
8798796
6527142
8084769
6741192
9057890
8657064
4716095
5183142
6625976
4207572
10498851
7075104
7998024
7465048
4781225
7921560
4262658
9649140
8456724
6763127
7754080
5804568
7010944
7531112
8744740
10213584
7167880
11785956
13880963
8889280
11909436
14897680
10331387
5531687
7591380
10632768
5817270
11316648
6469918
9057850
11863704
8135050
11411892
9821724
7018560
1999810
7934531
7892568
6808406
6630012
9606432
13572045
5834868
7788000
9976373
9475830
9213576
6919728
8969895
9639800
7986192
6981366
4412050
9439595
9293944
7978280
7710420
8706860
7275400
8801307
9937550
6395298
9724780
10158876
13423424
5555106
7021288
5801976
7403520
7792520
8695449
3569025
13445470
8644338
9552048
6487488
5819418
10249044
5297264
9848390
6523755
9981870
6968976
11458452
11906128
4393374
5980394
10598291
3918125
8365630
9779170
10423200
6949005
999747
6920494
8225532
4893537
5778906
6807267
9566100
10076651
8270626
9636350
8106620
13678042
9311050
8911809
8456724
8509910
7373824
7518100
8819748
8782371
9170280
8711010
9468940
8143065
7214856
9579900
10781430
5076260
15022688
1868652
7732980
7499856
4761780
11061408
7754336
10477224
8305344
7200666
8334117
9544634
9752119
8709250
9862040
9759497
10121969
4113380
8874180
6061972
8953848
9818900
11719668
7837080
8627000
9127514
5376014
10182516
13106590
7569024
13222832
6564838
7939863
5860374
6904184
9252111
5429964
5600518
8251793
9982740
8722683
9266910
11931296
6288840
10858980
11220024
7998024
11408735
7282304
5877588
10449274
8644032
9900140
3670940
10150063
10017315
5026808
6489700
9095284
8461710
7611984
8317904
8494050
6685434
11951641
10730423
8784225
5689712
9457790
6913396
7200207
8133156
7231048
14574384
6922872
8847720
6341170
7755288
9571380
5895972
9588670
9272640
9599160
11091288
11851294
10780418
9868580
9201780
9815290
9370760
4751658
13450416
10655392
9904310
10041472
9181230
10303062
6609240
9717288
5681364
9027100
4431395
12625249
10617278
3556224
6942376
9812218
6153000
7780584
10310663
7732638
6979490
7465104
8983791
9366570
6424145
8653590
7488576
10006020
9201780
8762760
9564357
7948464
7223296
7838325
6194832
8829099
6965456
9581148
8485875
6290528
9796900
7068424
9268347
8671329
12889425
10423200
7653128
10109246
6960191
8230764
8842815
9767290
7920352
7757640
13809656
12681409
8046300
10869468
9165180
7688124
6168184
8367462
7982091
10993103
8567766
7212159
9322599
9662532
912278
12221066
10522996
10632820
10711019
8494050
6057611
7749520
10307528
10369821
9185450
6864440
7999240
7068424
998482
10023299
10649772
6895917
9651770
6226168
10109056
8515152
8189739
6685434
7728028
5766234
3033572
7792944
8346060
6846665
10781430
8424867
9283656
8894997
10538568
7354060
6262991
999984
7426896
10193601
2396154
7732980
12444614
7754712
5391270
9295273
9451002
10721689
7738824
7797592
10300724
10853216
9654524
9545448
11055005
8782371
7774713
8233227
9695240
6969464
9190764
7726272
8067136
7517088
7522410
10087990
7987648
9719083
5963280
4154196
9628608
10851456
4728995
8899902
9680187
8375820
7754712
8712369
9342570
8067850
11532468
7535979
5220832
6869751
6986217
5356337
3751008
7123592
10535508
10591560
10139008
9070501
5985924
12539280
9919692
8675541
8840106
7273143
4444055
6793339
4912300
7939863
7209530
6904184
8224713
9229992
9420020
5750082
8460826
10035157
7933792
7453096
7743816
6526408
5315094
7982091
5473668
9428750
8659790
8373402
999973
9533888
9977700
7496793
5046671
8696736
10929138
10196989
8189739
14242991
6424145
5561766
10317934
5112975
9286200
7650488
9953538
10451115
7535808
9686720
6656202
6048456
11527272
9406452
7341024
12432420
7940160
8787620
8371755
9606060
12006260
2527520
6326131
5982420
9819520
5609457
10460901
7362108
9609320
9711520
8779437
8147796
9622964
6987600
7767207
6960272
8379945
9947760
9522744
6841056
8844050
9681516
14941875
2877272
10264044
5741556
8488251
7939624
9493253
8725905
13090028
10876372
10492317
5802965
12914369
6056211
6982304
9611280
7303824
8459800
10603780
6600125
9714390
8720532
7813870
5723082
4495476
5243292
7829991
10038756
9117780
7021260
7961136
6953821
8859950
11448576
5570080
7086792
11719668
7660570
8674083
3124520
6727273
7594808
6456443
7984248
8823740
12644688
6355701
7984248
6901902
6521459
11117508
8990952
6132994
7840304
5771646
9655540
6725600
10849630
9350600
7080824
8729604
2983968
13869604
7767207
8079610
7692584
5733658
6798064
8999330
7260120
9605780
7009136
11570104
4554495
8751010
9879562
7655408
13672946
10689684
9272000
9482890
10646724
7940336
6022030
11569440
9137140
8606205
8993850
7899156
5433858
8526397
9900440
6436528
9427110
7958976
8152101
12050110
6921775
5075406
5169857
9048030
9781120
9121920
6666891
7433973
2960300
5895972
5542110
8210583
10908964
13525834
6535480
5826912
10173834
6941552
5837335
8974575
9604820
3999604
8417178
9029180
9636770
7352240
9751944
8835530
7939624
7312390
11762205
11709828
8420895
7493136
7788357
4836715
7220851
7893248
8420895
8222526
4834025
12835472
8571717
8956278
11350326
7493990
8645454
7493256
8381214
7615792
5828039
8066223
14746080
4845935
6798064
8675622
8652460
7560032
8877636
11239704
6727273
7865656
7499856
4943095
7976700
12180476
3894432
7635528
11672505
8256919
7864640
4682980
6675000
13313874
7829991
7711461
8689986
6491520
8134929
7650488
11627376
10035058
8940627
4934946
11709168
9522744
6777248
3594180
9127514
5741556
6473810
8840106
6825393
9755889
7788357
5689734
11098395
9655540
6900872
9121920
8511561
8971209
7381864
5971365
10618839
7821720
5210653
11294328
7666100
6723136
11009904
8019153
7499856
8720532
9781541
8837010
13890285
7809912
7383563
9050604
8858490
9795980
14704480
7493136
8615547
7746440
9095284
4463034
8079291
7726272
7910880
9655200
8101984
8913879
9008516
8089542
7579944
7787214
7923064
9984560
8410710
6055497
9283120
10422423
7758790
6756225
6456443
5390812
7630776
8111052
8367462
5459850
5775732
8938340
8899425
7517088
9233250
6676929
9115660
7484733
6375803
4493940
7341880
5587890
5704086
5365746
7086792
6815480
7307793
6565958
8913447
6878888
9105930
9751944
6889816
9697524
8694870
11998812
9301524
8530632
9181230
6830733
6825393
11476080
7691660
8604981
8538508
11279372
7898949
7821152
5681364
6543232
11450700
8914914
15779264
4542232
5703648
8957799
10793676
10145421
8907514
6962128
2895471
10836441
6373640
10797534
3690285
9461280
8120835
4845935
9822170
8657469
13893744
7034510
8307639
8547854
8488251
5886066
12973674
7698576
8001924
9323890
8424648
8599080
9172200
6978112
7891968
8782371
7709400
5708682
10669516
7883880
11868416
11378640
5764633
6877220
10084701
5719154
11239704
6854632
8889628
9738597
10608552
8934435
10935192
7496384
7680032
7263747
12914239
7982712
9144863
7250464
9048360
9117120
7517088
12238057
8840106
5822243
5931852
9679770
8246960
6831426
9434960
9505452
6854632
9888150
8133690
8757369
9436250
9929810
6509871
9210929
6227048
5465516
10471714
2030860
9704770
4180315
10575149
1999210
10751928
9571380
8095410
7594928
9259176
9931130
8803008
13844745
2994093
10476543
12587008
7359880
8400403
9161540
7857736
7941720
9248300
8749314
8705620
6782615
16129718
7889632
7999240
9635280
7339734
7886304
13596772
10090964
10095085
9917240
5669517
10923855
7864640
11374176
7734573
6085464
9434660
7788000
8991590
6459131
9461386
10603608
10736275
6295695
8334880
7058992
8916624
6873456
7129936
9946560
7759602
6908112
14954175
10151317
7232517
7695528
6000160
9910200
9237270
7156900
9810110
6877220
6648544
5670024
10726035
5933250
6770169
5828039
6997235
7525400
7294704
8751960
6336220
9822170
3797312
8041419
11692345
6293602
7495308
8090250
2073258
8162487
8141670
4306485
9361850
9205350
8899902
8959923
9608000
7980390
7166295
7891000
4741408
7636352
8673401
10393405
9802390
7089822
9274122
7998024
9423840
9823517
8306016
9379940
6872496
8910792
7984248
8998693
10724210
3870440
6905472
7918352
6163119
14146528
6810576
8278587
8440506
7080824
10927433
8286210
4388305
7099506
11394708
9904310
6153266
6992640
5817717
8677782
6565958
7283864
6313839
9138290
9237270
10646922
9871190
11188668
12489672
7883880
6892683
6490400
8767440
10753572
5793120
7923064
9914550
4794335
10883917
7783317
5730144
6504381
