8938962
1952870
11900612
5660694
5207384
5632026
12086724
4177884
14262898
12823110
3342756
6659261
11510805
5707938
12142575
1959488
16662160
15196590
13735440
11296124
8752995
15347740
8130465
12674090
5621736
2829201
1752134
7761042
6889015
7972780
10743948
12632165
10525229
12869663
6604143
5979798
4552995
12675132
4466305
6186061
10620918
13203611
1975008
15498944
8220842
7873160
4998225
14601795
11510805
1993266
12232290
5645984
7594192
24292684
12695904
13877550
12357592
15240840
12924618
8833572
11587548
12072671
12573977
11783635
13203611
8657361
1752134
19043954
13708992
15240840
14532858
7381165
999311
17706700
11586456
10067928
3560960
11138556
15004640
14840205
4625220
5927852
6110398
11422515
8797086
13261272
9993242
13951700
17446947
12674090
12861511
2619912
4732200
15043744
10882817
6555078
15883678
15576250
12027210
17614740
12839238
1980998
12820515
9170790
12632165
4826815
999742
1752134
3911776
11660460
13716722
14530260
2924030
8652600
10067055
1116782
23904045
19036686
6889015
11364168
999742
9442840
7873160
8734869
13877550
8793655
12426928
14954526
8953848
17512668
12674090
16064226
15889440
12924618
9841450
999199
3642396
13225436
5741034
999016
1992502
12394690
11830854
15598880
16539020
14826768
12632165
5393232
9046470
14404760
26422110
13242912
11975348
5434992
13308176
11620028
14728590
12735329
6569728
1536816
15347740
2544588
12461085
2361360
12571776
4669775
15002936
1692576
8094490
9619290
9058540
7889808
11675112
1452780
16085214
22377298
3828880
11675112
10905432
3491656
1907962
998779
2943429
11587548
16492397
13555808
6531112
3242304
3183228
14954526
11776102
3745488
11113344
999642
8066640
13946220
15177552
999619
10724230
3538228
7246832
21469557
11675112
12072671
15240840
2929305
11428104
1987142
15171769
5982066
4052880
11685600
16094563
12280762
8350992
18849633
9115766
4920725
15547280
999828
18503400
18677140
15829052
25904760
2810868
6458384
3653016
12571776
999586
13877550
4666278
10497604
9960024
2766474
12924618
12924618
11765196
10212543
18503400
999311
15547280
5621736
15043744
9594840
15883678
12674090
1980998
12869077
999586
8826381
10461920
1991088
9738760
7864424
15383079
14269935
15045966
10620918
3907810
6197640
14483070
15240840
2986632
13555485
13189722
16089300
9487548
13555808
12255351
3362128
5595144
7284512
7435672
6698524
7631352
3772268
12632165
13877550
10743948
19036686
14059120
12674090
2766474
19864368
11031632
11845974
6373948
14954526
5671566
999642
12861511
16357757
4625220
12142575
11653524
1875108
1991088
1536816
12674090
6697873
6785840
15940886
15427664
12394690
10696392
16416520
7873160
15547280
12390000
3694086
12349755
7634070
7633639
25312895
2720340
6186061
999742
15891488
2882700
4451200
14239110
5502474
7798752
3986532
10832041
1975008
11586456
16287966
8764200
999742
25965495
10743948
13471888
15196590
6797560
11975348
7761042
14418060
999970
13881265
12551280
15547280
4684780
1975008
12674090
12632165
13900095
23129250
12632165
5955472
2339526
17963990
17660020
5999517
11587548
13225436
13318606
7852064
13561576
11975348
8566002
12839238
6797560
11266784
8859670
10554324
14660000
17540553
12924618
12551280
7589510
8245190
13255845
3412990
5418942
13850858
13877550
22246267
12924618
13877550
12632165
7551261
12973422
1914820
4950925
6863031
16539742
11460555
4794065
4889720
8543445
8236200
6587539
8610349
6428023
2325492
15598880
5646462
9999682
12964284
8432604
999586
12573977
5550264
2512269
12810720
9458834
13187408
2782170
13358136
12769397
11681436
5157258
3496746
7780440
7547592
6697873
8077095
14826768
15240840
999547
12674090
6186061
10832041
16196002
1817076
11510805
10848486
13374192
14276060
6265904
1907962
11510805
15196590
4615900
4219050
8181558
11421336
7713420
11765196
2947804
5674032
5225490
7889808
13735440
7940790
13258196
12551280
999828
2179170
1854780
12674090
7435672
11796636
3560960
15035630
7259976
14755350
14710635
8764884
7551261
14840205
1273054
11751671
11681436
4834722
1752134
4297715
11675112
14697810
7655456
14898270
4994815
1769802
1928426
10688755
7404319
18089672
6310928
9446740
2428386
11885720
11557548
13743750
11975348
10058616
19498600
3095072
12869663
6997515
12924618
10973610
11363768
12086724
7473392
12280762
14418060
16638754
7866000
2541807
4317985
10030620
11968236
11586456
1536816
13881620
8535923
10336590
6186061
4669775
12924618
12632165
13561576
3747824
11681436
9996450
15883678
17512668
12924618
6262072
12461085
14769616
10187760
13800612
19288302
7869520
12397220
12632165
5951296
7227080
10825595
11675112
5784324
15196590
2623302
8973099
6863031
17387958
12827500
13203611
3807260
3870048
6863031
2971497
14050491
6373948
18367469
14770965
7046811
12632165
10905432
6662446
11669182
18463740
6954808
14523588
8972757
17512668
17041302
14840205
7838235
14706495
10526252
2908431
12073392
12734700
2939232
5621736
11920103
6531112
11675112
15240840
3454388
10526252
7048249
4178445
15227303
1838912
5621736
22377298
3988044
4998225
3422020
11296124
6373948
7458856
6978811
14059120
13850858
11681436
9848619
9517820
6322099
999906
3961996
5040552
9505840
6823908
14601795
16248519
15171769
11968236
6889015
22133375
12898587
2810868
14683600
9909360
11557548
9739928
6889015
2428386
4684780
5919252
13379640
2810868
12924618
4011790
12839238
14577492
4480460
8973099
10388714
14756896
1636556
7780440
13068426
6698524
4585395
5722857
7614224
2720340
12764778
17706700
15227303
15883678
12674090
9711270
4826815
5908386
19041760
14826768
18404996
12551280
7780440
12551280
12810720
13242912
3589300
13561665
2986632
13242912
9363720
11681436
10784763
14580353
14826768
11765196
14661252
10286001
12661960
17010358
16513134
12217710
5927852
8413434
1109046
6531112
13951700
18940280
16382095
15547280
14661252
5961264
1907962
5961426
10973610
10870248
12027210
13074264
4932710
7761042
12461085
11624208
11586456
11999700
12632165
3242304
10928984
12492600
13826064
10973610
1959488
12505077
12632165
14551456
4372170
6867371
7973703
9294590
14134635
13877550
17131272
12810720
8938962
12266475
999742
16615818
6763380
5418942
4920725
12695540
10743948
11953984
13611390
12369344
13112040
4552995
7227080
15694000
16059458
6340824
13555808
12823110
12255351
10464619
12674090
7309280
8973099
15230538
4585395
11383164
14479960
2856895
12632165
12956229
14748132
12551280
7099794
15881853
12839238
8837230
12394690
11706996
7972835
14893431
2563347
11012700
999619
14660000
12373114
12632165
8764884
7864424
4045320
7991704
5246604
14059120
12487664
3747824
21516480
8764884
999928
14097945
11206284
4826815
15598880
5919252
7713420
11267060
8972757
2998935
10097376
16287966
12632165
1709462
15240840
4715335
7784556
4327482
2040255
18502080
11144004
13762742
14059120
1851430
4919060
16064226
12584910
13538256
7969032
10703712
2442651
5888216
5319570
7592520
2810868
6662705
4984865
8350992
8832324
11959170
4920725
5621736
10723284
8857305
12551280
8921066
4494360
1273054
2766474
7873160
5359566
9710800
12027210
3360844
11031408
18592035
14474352
12632165
12551280
11934000
12551280
15504228
4585395
7843464
9544220
6797560
14994386
5743332
14697810
16467628
14007855
999311
19310760
3422020
5632026
11987556
16653060
7843464
10915151
13877550
16467628
999642
2947804
2132508
4625220
16539742
13318606
12383934
14412060
16273998
7864424
19931000
16089300
14532858
18864675
13555808
8566002
9787512
3911776
17963990
8973099
14601795
10620918
14428680
999311
5341440
11248835
3148480
5539080
7280240
9492740
2810868
4569817
5998059
8479107
5705304
9446740
5705304
7725960
5144972
12823110
13225436
2668515
3772268
1671462
5888216
2233920
11586456
16467628
12072671
5886318
12869663
7790400
13813825
12573977
14670896
5919252
7221276
16584911
7889808
13203611
10743948
2872230
6616827
4940236
12810720
12839238
14661252
999742
7873160
6186061
20342364
1565862
12573977
12764778
13137623
11754778
1056934
12551280
7376976
14303715
12823110
14845270
7460192
12394690
15710496
12224592
4898720
10388714
11706996
15727890
13258196
1956936
14954526
11012700
3275715
15724368
4625220
13258196
1838912
7933717
2040255
8859670
10464619
11257363
11968236
1769802
13469742
4671955
1709462
9717050
7878591
6616827
10722204
18733822
3772268
2933832
8652600
12551280
12810720
5294720
14279312
8195076
14954526
13225436
5997870
999828
19548336
12632165
20342364
12142575
2991033
6830559
10985793
12331761
11171112
9921200
16709994
14826768
10383912
11012700
13762742
14325264
15835520
9046470
13242912
999828
1737753
7044831
999280
1536816
11296124
20526511
17041302
14412060
3988044
19673786
8933694
7083584
13068426
13876560
12142575
3148480
11364168
9999682
3256868
10016204
5508540
13198052
16467628
12632165
14478192
11675112
5646462
14418060
13877550
4625220
4466305
2989899
11698128
10913320
13846738
5646462
12924618
9427180
7761042
3961996
10967121
4466305
11513808
12394690
4451200
11510805
6186061
5666143
2514159
12810720
21073750
9996450
6864963
2521596
2233920
17522154
3342756
10787799
4279570
4843788
7742250
12674090
9766080
10696518
12551280
12551280
5583690
17410122
999280
7381165
5393232
9811736
11510805
7843464
1950568
16467628
4451200
3987474
10154880
5926962
2233308
14211324
1568774
1838912
15498944
6840624
9266190
7381165
6797560
12383924
5595144
12838488
8972757
21073750
3183228
2962512
12394690
9875760
3946168
11681436
12027210
7866000
5908386
15547280
7551261
1060710
4451200
12541257
13561576
18633471
12476646
22377298
9862260
13778340
8973099
9470140
12142575
19310760
12461085
9965500
12973422
1907962
1709462
1907962
9749300
15883678
11975348
2801865
11681436
3815924
17512668
9115766
16539742
12665058
13611390
9105640
22156488
8953848
18462395
16064226
2521596
5539080
999742
13242912
999586
3272644
1987142
1907962
16064226
12632165
7713420
18940280
11698128
2991033
11428104
998832
998779
11681436
3988044
6954997
8973099
16064226
6231680
13611390
3040944
15580800
10638165
4715335
11510805
13746684
11796636
17614740
8070228
13762742
3932148
11845974
4856694
15595694
12657554
10489632
3491656
15230538
15598880
4926496
12632165
9585450
7761042
2353161
3350232
10391414
11133162
12810720
2233920
15158220
5555868
5621736
3360844
4080510
12551280
2908431
12072671
7860640
2252368
18463740
15126140
999642
10896834
5848060
20692050
11138556
15498944
8823897
15983408
14428935
7936960
5821860
18503400
11545313
3350232
2902536
11995368
5769976
2693145
5723886
1907962
12632165
12869077
16357757
9893470
15572080
21418968
3264155
4159350
11765196
5926962
11113344
4327482
11885720
10705805
14770965
14994386
13012426
12773698
19036686
15152224
5697188
15547280
9568390
1875108
15475766
4794065
16627296
12632165
7227080
9997870
10388714
12072671
12674090
12266475
12632165
8972757
7973760
9748440
3422020
8966920
8543466
5010864
15710496
17410122
18949612
12869663
16287966
11363768
24054420
14593890
8657361
12674090
11012400
11681436
16185496
2766474
3650968
6380168
12551280
5783688
14994386
13225436
13561576
2668515
18523670
1337922
7099794
12566422
9672290
11510805
3870048
19046840
12848150
7878591
11264052
12952080
6905794
10369898
5714723
7873160
4965995
22377298
15547280
14601795
9932481
15330454
15083046
11968236
15227303
10263734
14826768
12674090
11278356
1992502
3372344
15050695
5651086
1692576
11391288
8684698
21230170
18940280
21313479
13555808
14258760
16492500
2943429
12027210
7843464
6659261
11975348
4219050
3264155
7654712
3529680
5886318
14661252
14325264
13268490
2758368
12491830
14631696
999742
13172236
10703121
3148480
16662160
14516703
9993242
9734530
24905504
9896144
5878521
12674090
9997870
11383164
1993266
15728848
18915520
1907962
5645984
13046145
12823110
20692050
7878591
5997870
15171769
16776278
12678480
11278356
15171769
11999700
11249616
12848150
6558692
10639519
998832
12073392
2293272
14178636
11363768
5041266
9058540
3772268
14601795
12551280
12217710
12142575
9424932
2988753
999746
11586456
2971497
13281720
2317890
6252827
14706495
22721736
15383079
7889808
15471484
26772423
12102038
10596900
12426700
999669
13611390
12546268
25592956
8130465
12102038
7973703
13032224
10554324
12237904
1980998
10193403
17652762
19815075
7695432
6905794
12839238
15091740
1906560
12756096
18503400
7246832
7997160
15694179
2506380
11119966
3434560
13347726
7284512
14007855
10863336
6543782
13877550
19019873
21261816
12920190
11930425
17512668
1559684
6842178
14392260
12343539
1073668
7945744
12823110
22943125
4219050
17365971
15598880
11975348
12810720
2442651
9568390
6643455
10187760
1110858
7866000
14770965
15347740
6428023
7994030
2782170
999016
12551280
12473292
6774688
15547280
20342364
11675112
8966920
3590860
7146711
5988120
12924618
7848424
12764778
12955150
10150464
9717050
1992502
14276670
6876252
12193080
13611390
5697188
4671955
1536816
8837230
10391414
6867371
10443204
17319978
8770058
2233920
12674090
11494805
13258196
3918976
18377351
4666278
6785840
2541807
5805072
3735820
11191642
12142575
8764884
4552995
10882817
12632165
15785333
13225436
15547280
999642
21516480
6276844
14412060
12632165
6785840
1838912
15383079
13850858
8797390
9836900
4159350
12924618
1907962
12114130
7940790
10927957
6719363
2766474
8808867
17660020
12632165
8130465
13280358
13187408
11681436
17606787
15388633
5480853
12027093
999297
14285130
13242912
15147824
2933832
8235126
8837230
14762076
11267060
12632165
12027210
1021556
2810868
12551280
19002627
6774688
3873121
17751052
15728848
10639519
16287966
11510805
16809426
13666521
14813640
13968878
15598880
12073392
12112624
16085214
4856694
12632165
9022428
11364168
16287966
11586456
6186061
10236765
13242912
3491656
15725958
5544468
13877550
14059120
8953848
2861943
5463594
999979
17905615
1952870
6867371
6867371
13074264
12415888
12632165
15478092
13258196
9672290
12343539
14826768
8479107
11699160
16416520
13666521
3911776
15240840
13467006
12674090
6526499
14601795
13877550
12599685
2943429
9247248
7956494
11809740
9011015
3988044
10114260
16287966
8770058
17041302
15724368
2541807
2949111
16467628
28214854
13850858
11776102
12632165
6143921
6262072
12367277
12082967
10140732
12924618
12476790
6164935
999311
13225436
7827590
15498944
14304616
12075030
4984865
6373948
5181582
14706495
12390000
13225436
10048077
6531112
19036686
10620918
13555808
8041638
8476644
4297715
7889808
2040255
999619
17512668
999742
6749491
14279312
14661252
15940886
7589510
15171769
1838912
7889808
3360844
1991088
9807090
14840205
9219743
4756615
7843464
3350232
10215337
12551280
18151368
13046145
1875108
11090480
15050695
3960740
2222442
2989899
3642396
11765196
999586
6459233
19864368
999651
4774842
9720953
9294590
15547280
13900095
13351100
2902536
7381165
13877550
15598880
1907962
13850858
15547280
9749300
11557548
10341945
7594192
9921200
18503400
5157258
11920103
11681436
9621240
13611390
7761042
11975348
6746245
7551261
10067928
7739046
8972757
999311
1907962
11776102
12573977
5237484
2233920
20309023
8972757
15083046
12924618
12823110
10240126
11765196
11741385
18780535
13203611
21279038
6726370
8299098
13581974
5979300
5128386
12142575
17284272
3063104
12723919
17395061
1838912
17408750
5961426
16416520
999586
12632165
16539020
18377351
16492500
12394690
15227303
14631696
5997870
16186075
9848619
15547280
16287966
12632165
12861511
12280762
13611390
14623950
12986519
999016
13611390
10456424
3350232
14840205
13258196
14762076
12632165
12674090
12394690
8734869
6558692
1999290
1682472
10067928
16539742
3642396
12654889
1606450
1907962
2766474
11675112
999297
16094563
13372200
5849823
19043954
13877550
14661252
12086724
12224592
1838912
999651
14325264
14530260
7225256
15240840
2512269
2442651
13242912
11119966
5203544
1713348
19815075
5651086
12266475
12674090
13850858
14271616
15710496
16836579
13189722
8317860
12924618
5583690
18740187
3722460
11601212
5646462
999311
11415348
12494398
17462538
7225256
7848424
5660694
2553264
16802262
12379824
16467628
15710496
10434567
12632165
13169945
13112040
17614740
12674090
12810720
999828
11765196
4552995
2668515
5646462
15598880
10784763
15598880
18377351
2563347
999742
14948250
13308570
12632165
8252379
9710657
9836900
6373948
13850858
10620918
13951700
18463740
9667200
15725958
15838864
16064226
11681436
17614740
13247520
12916423
5826480
13946220
4693355
4722720
12848150
12266475
12551280
13203611
1854780
5646462
11364168
4093642
15547280
11885720
12924618
10168788
12823110
11707864
12779689
10688755
10973610
3722460
2939232
9705230
12632165
23841027
3873121
13517532
7878591
1928426
4843788
7889808
8066640
15240840
17647794
4327482
11171112
12632165
15576250
10187760
3960740
12573977
5014134
12823110
3961996
16085214
13877550
12674090
5741034
11572314
7509368
12632165
13318606
18299451
11650106
11681436
4985055
5434992
4756615
6889015
1109046
10187760
5875479
12632165
1769802
12862848
14813640
4219050
4727532
14042000
5539080
17626980
13203611
18345222
17395061
7173536
9154041
9517780
7610584
6867371
8181558
3747824
5539080
1779010
13242912
3095072
8184096
3095072
15274347
1060710
1338978
11586456
15498944
11884644
2620572
10316415
5886318
17387958
2538864
6164935
15598880
13318606
9424932
17408750
17547192
5555868
13687506
7551261
14821794
12994695
10369898
9825871
3828880
7972780
17512668
1817076
12632165
12176402
13189722
6785840
7969032
1338978
2619912
13242912
13951700
12461085
11558106
6867371
14530260
11404195
9518150
12823110
6867371
11510805
14059120
12632165
1817076
10620918
10620918
3747824
12632165
5953928
5646462
6710150
17512668
10863336
14412060
12394690
12839238
9170790
9572937
12461085
1779010
13137623
3590860
14601795
12760149
14885118
7439780
11885720
12674090
14661252
14479960
6186061
11620028
15883678
7367256
14483070
3362128
6817404
2233920
10058616
15598880
12675132
2892639
16627296
10915151
18871500
13877550
13242912
24096339
8561907
16064226
7246832
11958708
9960024
8990667
13905052
13242912
10272427
14686210
18503400
12394690
14601795
14706495
12823110
7614224
11830854
7969032
14755350
21418968
998832
12632165
3400425
11669182
9997870
6514305
7246832
9011015
12247599
9734530
12280762
6558692
12632165
5979300
10554324
21233301
12551280
5646462
5998059
6698524
3982176
14949344
12675132
8764884
15881853
3412990
15171769
11975348
1993266
9013692
1110858
1868800
12396009
16711901
7994030
13259628
2565460
2924030
13137623
18741597
8220842
12632165
15598880
12349755
22689210
14774868
10442014
3735820
13611390
11681436
14412060
7843464
6698524
15427664
8808867
7812864
12973422
15330454
17319978
1021556
1904804
2521596
6911400
8658408
12810720
5894232
15145110
11681436
7589510
999970
3496746
6604143
14826768
12632165
12848150
10140732
8007732
12551280
16287966
17993266
9528948
14840205
2872230
14661252
16064226
15547280
999016
11681436
13628342
14228955
4826815
11206284
17540553
4552995
17121641
4447744
15319363
12551280
15547280
3830820
2361360
4681860
14966338
9710800
9284130
8195076
19694620
12473292
4998225
2999752
7631352
11510805
6898704
9729260
10240126
12702774
11510805
10114260
12823110
11460555
999828
14770965
11660460
14478192
8739720
18075251
999742
2442651
7848424
9143268
1752134
14478192
13203611
1769802
13859006
999970
20342364
11660460
4494360
12823110
13778340
9993242
12632165
16089300
7647200
10784763
17123922
1769802
12461085
10961706
998784
999742
12924618
1987142
8973099
9893470
999297
15240840
4724190
7889808
6997515
6867371
8826381
1993266
15598880
13386855
12869663
13951700
12551280
11134656
10030620
7975784
12262657
14059120
13386855
17660020
3688632
11557548
9046908
4826815
6543782
11765196
2861943
11699160
15710496
11494805
13746684
999952
4635780
1907962
11872164
13762742
5410704
14755350
13293042
15963863
6631544
10926256
12924618
13900095
14040780
3095072
12461085
3996488
15881853
13954042
12551280
7878591
4585395
15547280
8764200
10178760
17512668
15383079
11534094
13877550
8610349
17512668
15835520
12823110
7614224
9738760
11364168
18503400
7843464
12632165
12250285
20945936
14210045
8652600
11586456
17620068
2442651
15628040
1914820
20271027
12390000
999311
10759866
11406340
1907962
12632165
4889720
12127375
10139570
1928426
13877550
11460555
999619
999642
12102038
12331936
11510805
15460922
12632165
12632165
13957622
11119966
11930425
9585450
5166828
3590860
17365971
11606085
3988044
15598880
6698524
14826768
14325264
9905207
6893117
5821860
998784
9999682
14949344
9996450
17522154
11679060
14840205
6846390
5707938
7440785
13258196
4994815
11830854
6587539
17462538
7852064
6262072
15547280
18377351
12072671
6428023
12551280
13877415
4826815
5953928
13611390
14755350
8764884
16539742
10743948
13203611
3264155
1999290
10434567
12347916
6186061
8972757
13032224
5964378
10097376
14661252
10787799
9424932
4090805
14418060
4920725
12541257
13555808
11884644
10087909
15598880
12674090
15083046
2943429
21660808
15330454
8876034
9787630
999828
13762742
2872230
999586
12056587
3183228
17408750
6976431
12952963
5621736
3456540
11119966
7347501
12551280
8289430
13151115
7848424
1907962
13865418
15547280
6528672
16287966
6207944
12848150
3870048
15177552
8753990
11364168
14412060
12723004
2521596
6340824
999640
13877550
14412060
9830530
7878591
16287966
14279312
9357424
15380538
15498944
13850858
12632165
12924618
13561576
11383164
999642
4983165
15883678
8752995
11012400
17522154
14412060
11745916
16220502
1663569
12759040
12102038
11510805
14949344
2986632
10581219
15927956
10938824
7614224
14949344
12764778
1875108
9492740
15598880
15171769
12838488
8566335
4759075
12810720
999941
12494398
13386855
4011790
25569378
12584910
4981255
16539742
9996450
5786166
3264155
10388714
1692576
6797560
2040255
15846192
14949344
12541257
6697873
12551280
5979300
2619912
9169310
12102038
1991088
5508540
16416520
3242304
11930425
11510805
12246146
16534008
4466305
4625220
12551280
12674090
12960649
4995610
11922528
4756615
7892336
1903630
11391288
4994815
15240840
14770965
3272644
16064226
8563392
12632165
11863586
22377298
9739928
21863432
10620918
7148136
12909856
15291010
999906
13561665
8853210
10639519
11765196
4756615
12920190
9641164
15598880
9284868
1838912
3148480
12632165
15595694
13046145
7864424
15097200
15504228
2249262
19548336
4666278
10707983
4998225
11809740
1779010
999642
7346312
9725550
8764200
10915151
4995610
13765875
5393232
12072671
999235
12674090
1737753
7346312
10743948
4552995
5639912
5979798
10146525
14661252
11765196
14802576
4590450
9046908
7945744
11681436
13581974
17041302
12343539
11510805
10743948
14001885
2892639
14802576
12112624
12027210
5241498
18503400
21073750
12421332
8972757
3694086
12573977
3924572
