8304950
9848920
14672376
7464015
4434024
1774090
16027920
3928735
9986688
5906724
2191116
3986768
6851404
9427363
3967356
7907382
6367984
8826237
7707330
3922772
1796366
2664267
10605644
8975890
9911610
6976844
1732440
12119211
9600760
14280176
999372
5542566
11652564
10234763
11122920
999701
11363190
6894244
13648488
3718304
10576753
3934888
12328575
11180000
1987656
9119310
999936
4118365
4506425
9615230
3247876
15387678
7766037
10428374
3814520
1760078
5237652
13254300
3844336
999819
5948082
5452566
8795934
1928508
999726
3940380
5452566
3911440
3940380
8874018
9263360
6716809
8518491
1965436
11698704
4770090
10237326
9002961
6938127
9968050
4962175
5865270
3934888
7930776
3980404
7779186
9672960
2886009
4719552
5951034
2263848
10281370
9470725
2191116
7464492
12673596
999465
4434024
10013190
4904490
3116372
1990590
8401896
1865835
8628880
3538785
7783712
5980830
10833812
1886236
1898654
10435579
10624991
8865870
4913590
2777352
4574620
3975312
17861274
8824070
999900
1780256
4574620
3847576
2191116
5437668
10428374
999402
11885146
8176230
3235756
3235756
6797399
2670384
999874
12177581
3992676
5111688
5717154
2123271
12878282
3667488
2668405
2933364
2471019
10890480
999372
13190400
2771676
3963732
6864851
999900
4954665
6878200
8990377
999815
1877058
8518491
6902014
5828868
3811436
7540976
1999252
6734063
16409556
5771364
11376408
9342289
9578880
1955576
2548902
5828868
3847576
4748685
5880174
3667488
999055
4943140
13677958
13581168
2386677
9219090
12078820
4318155
5989014
1356110
2548902
5828868
4125552
5950476
3736004
6220809
10319544
6800346
1987656
9099700
999819
5771364
9119310
7761060
6838979
4930010
1760078
6307400
6560225
10752995
9064520
11182899
6338948
2757705
1794538
9491768
2757705
7815976
9367370
5355186
9773260
2734364
11893932
6930602
6036380
7497400
7888016
11073636
1702620
6110594
4709350
3526764
2636832
8694306
5724108
7497400
6361915
999874
12673596
4422890
7493896
999936
9263360
3864225
5707540
12010292
5585724
999372
2420457
2693511
4602480
9773260
10581351
14092170
10780319
3811436
1895242
6938127
7132680
5828868
4248660
11855103
2640117
6367984
4422890
8166447
6765514
4263558
999372
3895465
5173028
4318155
7920180
11698704
7888016
9619410
12817854
5585724
3714010
2983292
5826342
4719670
999941
4962175
12914784
13152692
5489544
12486825
7662200
7960728
7493896
6317213
9055640
4024335
6916840
2691807
6930602
11037810
4770090
7468352
7250496
10888596
9911610
5799012
1294994
4719955
8747334
18081910
7941663
1394122
13827056
9028670
9207939
6461028
5906724
999941
8970228
8694306
1877058
17237320
3300400
3714010
999874
11186745
6538007
6976844
8166447
6374074
3922772
999641
9600760
5452566
11122920
4719670
2990415
2984769
1955576
10552320
2829354
5452566
2848377
15932862
1995864
8970228
10560836
8874018
4422890
4692840
7237568
17307414
12053587
15650432
7233680
2803977
16440888
7519380
12483360
3230008
4943140
2885538
7017228
5984778
10276440
11741868
999936
999892
12213214
999900
8628880
10771068
5372536
5237652
14401140
11798020
999816
10281370
4969140
3247876
6237147
13319280
999989
4770090
7979283
8743302
2624892
9675588
6202140
10319544
3676940
999819
6084081
3474648
14358784
12316108
5902332
2885538
10760310
3979692
5865270
8327760
3526764
2955604
1409016
10888596
6842815
8628880
6374074
15405536
999726
3986768
4574620
1962600
4214225
10435579
6607538
4764295
2530161
6670013
9873479
9665020
2062776
3934888
11180000
9180990
4855285
10915223
2777352
10013190
6418104
1477802
5895600
5221812
4770090
15000919
7500072
6894244
6591221
7251616
6962416
999224
999874
4031970
10663142
10860564
5873448
11390218
11037810
7779304
1962600
999969
15823416
9063120
8770370
999900
7820360
4146108
8687490
8277600
999154
5828868
10681517
7930776
999900
6528032
4959195
5437668
4855285
10701537
8747334
6538007
8575407
8412030
7439319
5950476
5651220
2548902
6838979
8972184
11037810
4714555
7355763
2998878
9600760
11213200
1385838
5948082
3219468
13620138
2711877
6860203
2885538
9028670
10443972
10013190
999900
8772017
3230076
2998878
3987220
3987220
5631408
10956829
7537224
8739513
5267232
8772017
9105360
2803977
10606687
9480340
4422890
2553930
8852620
