3384
3692
2229
1878
3344
3620
785
52
1820
4460
1820
962
2508
1737
987
2252
1779
1964
3568
2832
2703
1928
964
1854
2679
1692
2583
2781
3344
3984
2499
763
2832
3856
2958
2975
1740
2088
2403
676
1992
1482
1014
1120
3000
1764
1562
1928
2988
572
1836
1434
5358
3332
2949
3184
2696
1964
1923
1198
1940
1160
1534
1212
4610
2364
456
1989
3315
3270
560
910
2955
892
2955
1488
2988
1086
1784
2108
2391
1692
0
3360
1982
1722
1584
1923
2275
970
2697
0
2145
2187
3568
2784
2035
3084
2715
1928
632
2391
2916
996
1797
3332
1566
1264
2144
2835
2732
3944
1074
1786
4746
2400
3848
1400
1556
1974
2949
2961
2832
543
1464
2388
0
1718
2691
1242
936
2910
2910
1198
836
616
3604
3000
2946
1764
957
2316
2538
2727
2391
3104
2088
2585
2727
1350
2988
1818
1965
2892
3585
892
4360
0
3488
2796
3640
2825
2640
1984
1992
1940
2499
2772
1928
4458
987
3410
2008
1928
1784
2946
2781
4300
2992
1614
2958
1602
3444
314
2499
3436
1336
2975
892
3572
3000
1940
3588
3636
2772
1356
2650
1611
3332
2238
1694
2499
2975
2772
3940
2252
1694
1692
1420
1846
1586
1666
3196
3440
2766
1258
3708
1054
2403
964
927
1923
959
2694
1964
1940
1964
1176
1980
2538
2508
1170
1862
1570
1864
3488
3068
2244
1972
2415
2000
3556
1846
1980
1940
1252
1940
2754
2709
2496
1784
1030
1940
1400
1992
1666
3688
2955
3010
1216
2538
2886
1082
2036
2499
2380
2910
2505
1252
4465
2760
1180
2372
2349
1779
2151
2946
2796
1612
4025
2496
914
2061
934
4165
2793
818
2088
2892
2025
1928
2319
2925
2046
2616
1784
2643
1776
3380
1964
2910
2415
3104
2544
4360
1356
1966
1614
0
2430
2946
560
2223
1784
2988
3728
3025
2508
2787
3600
1924
1784
1614
2046
1582
1054
2508
1776
2496
4470
1592
1252
3984
2430
1534
2403
1888
2728
2564
1264
2781
3784
1614
914
1820
2280
2892
1744
1818
1980
2790
2148
1546
1320
3588
1314
1556
2244
1836
2379
2000
2691
4000
1566
2320
932
2403
290
3856
2508
1269
1264
2301
1779
1720
1998
1818
1527
3068
1784
2085
2832
1966
2795
2496
2988
1966
2415
2730
3000
1350
932
1846
1010
2229
2559
996
1040
3620
2730
1791
2160
2781
3628
760
3435
2252
1885
1851
2268
3332
2640
3696
3328
2085
1666
3000
2955
2000
3690
3052
2442
2164
1534
996
3256
1584
2541
2028
2499
3680
3708
2640
3556
1614
2754
2955
1190
1932
2667
1928
2916
77
1992
2289
2787
970
1419
1818
1854
2679
3130
1820
1980
763
3415
1716
2769
2679
2538
3300
2442
2553
3960
2946
2637
2710
2787
1602
2728
1868
2781
1694
1482
2838
975
1336
959
1252
1940
2970
927
1750
1918
2958
2403
3184
1556
1734
1854
985
2910
2877
3085
663
1581
1786
1070
2176
1666
2508
1534
898
4810
2940
1320
1972
1844
3888
1264
3388
1872
986
4300
2577
1786
2176
1680
52
2454
2730
2380
2832
2236
1950
2223
1629
1940
2958
1888
1784
2320
3948
1791
1694
2721
700
2910
1184
2664
2391
4260
3776
4000
4110
2679
972
1692
2676
2900
1836
1060
2781
1212
2694
1966
1864
1784
3552
2349
2334
1928
3932
2583
4190
2892
3440
606
1082
2970
1482
3184
2985
2496
1252
3620
2499
1784
683
1798
1878
2970
3516
2781
2796
1970
2664
2958
178
2958
3392
2832
1784
3000
2214
3575
3414
1798
2208
2769
2000
3680
2280
2499
1040
2643
2391
2691
2730
968
2910
2276
2148
2988
2910
1820
1570
2727
2289
2730
1718
2391
2886
2985
2538
882
1860
1840
3516
2886
1992
985
3052
2955
1820
756
2214
3536
2499
1692
2640
2168
2925
3724
2832
1560
2223
2769
1762
1000
2415
2049
2727
1980
2496
2637
2796
2499
1666
1784
1923
2276
3880
3944
2946
2238
5082
1126
1264
2940
1264
3392
1964
2664
167
3220
2372
2319
1862
4615
1126
2196
2496
2244
3528
2766
4405
3540
1854
3220
769
3884
3628
2772
1928
2793
909
2022
3696
2972
3124
2049
1779
1940
2877
2988
2832
1989
1701
4440
3944
740
2925
2925
2640
2910
2652
1666
2730
2415
2214
3404
964
2637
1612
1820
2892
2120
1424
1264
2496
1072
2703
3540
2916
2244
2727
1692
2712
2000
2564
1568
1694
1716
2088
2559
2760
4295
2877
2538
3556
833
1998
2616
3944
4200
2886
3188
2961
1964
2793
3584
2961
904
1846
1126
3744
2754
1854
2012
2391
1592
3628
1576
1720
2832
2187
1862
3440
1940
3640
4360
2787
2364
3736
1590
1776
3692
3588
814
3928
972
2748
2640
2616
1998
3856
1584
2055
991
1666
1964
1584
2886
2415
2214
1768
2877
3588
1950
2585
1584
2528
1940
3560
1494
4165
2958
1992
2583
2301
2958
2196
3000
2244
987
2925
959
2136
2403
1944
2100
2970
2712
3568
3000
2877
1940
1786
1430
2163
1692
1666
1784
2712
4460
2499
3696
2496
3568
220
1666
4360
1872
2772
3645
1740
1784
2727
3890
2442
0
1664
2260
2952
970
1784
0
2916
2320
1126
3524
1538
2838
2223
1924
3744
3636
2499
175
985
1356
1692
1442
1862
2910
1623
2214
4465
1892
1026
2499
2886
1000
4000
1720
2877
700
1797
2946
1964
2000
1854
2727
1614
2499
1000
2916
2635
1786
2972
3612
3332
964
1534
818
1326
892
1784
2391
2504
2553
2910
1348
2301
3412
1212
2703
4485
1974
983
1940
3636
2583
1798
892
1964
2499
1534
2442
2403
2289
2838
1551
2910
2910
710
2508
2691
1846
596
3692
2625
2295
4025
1784
892
2085
1784
2400
2886
1923
1750
2992
5579
1784
763
1252
4300
2727
1906
2505
991
2910
990
2877
2559
3572
2787
3932
2793
3944
2000
57
3944
1190
2877
2528
1846
2160
3572
2984
3605
2499
2787
2781
2910
1666
2720
983
1044
2676
3000
3572
4878
1566
375
957
2958
924
2320
2504
985
1872
833
1070
1440
1784
1326
1750
1872
1818
1704
1126
1252
1785
2916
2504
1924
2508
2916
2380
959
3170
2781
4550
2442
2955
1972
1844
3352
2955
1568
983
1000
1694
1556
3092
769
1896
2676
2679
2000
1784
3328
1840
2925
1364
1944
3660
990
1694
2787
2508
836
1270
1974
1854
2946
2163
1546
4420
2688
745
394
1992
1696
3890
2800
2564
1718
3604
1716
2712
1718
2727
2916
2886
2664
663
2742
1972
1992
3690
4446
3572
3944
2301
2442
2538
996
3480
2585
1980
1546
2415
1614
3628
2372
2694
2004
2910
1980
1778
1098
861
3258
3188
2728
2721
3620
2992
1942
1348
3944
1116
1964
3444
2949
2988
1924
2616
3104
1854
1784
3708
4000
868
1614
2958
1784
1534
2790
1666
2715
3692
2036
2972
3848
1862
3068
4795
1972
1896
2769
2292
1398
4395
2583
2088
2772
1692
4670
3488
1546
2925
3556
2244
1176
2564
1784
3588
2016
1864
3052
2541
1854
2196
1370
2808
1896
2391
2145
2910
4710
2442
2541
3188
2000
2892
1878
2538
1840
2528
1126
2355
2187
2910
1356
2637
1784
2136
3592
4050
0
1980
1776
2838
990
3436
1344
3616
2499
848
0
3436
1584
1928
2046
1611
3890
2130
2672
3924
3332
1966
1030
1392
1494
2046
1020
2379
3776
2925
3384
1972
746
4165
1940
985
0
1000
3188
1944
2508
1794
2499
3932
1992
1737
2187
2585
2766
1689
1784
5304
2754
1758
1836
2838
2468
2859
2664
1602
962
3436
1176
1862
1779
2754
2676
0
1696
2124
1212
957
2442
2946
1440
1989
3728
3000
2664
632
5586
1176
1928
2800
3252
1720
0
4319
3436
1144
700
2900
2781
1918
1430
1818
2538
2144
1784
1216
2596
1966
1060
5430
2214
2391
1928
1872
1948
2720
1184
2715
3378
2691
2355
2884
2372
1176
1744
2244
2055
1854
3220
1566
2355
3692
2880
6248
3000
3330
717
699
2004
1692
1862
1576
1940
2886
1892
1534
1566
2946
2740
1785
2652
3224
3672
0
2967
1972
3888
2877
2955
1054
1802
1980
2055
1944
4850
4550
899
2046
1998
1190
2000
2766
5388
998
0
1718
2892
3604
1918
1974
2000
3184
1784
1664
2916
1734
2016
2832
2415
909
1923
807
1966
2730
1784
2229
2625
1802
1966
3435
1776
3252
2085
4795
1779
2508
964
563
2640
1928
2886
4382
2664
429
975
1964
784
2355
2832
2900
3404
2691
0
1458
3160
6216
1820
1785
1392
1764
1966
2538
3480
827
985
2229
2720
1964
1614
2910
2925
80
1928
3940
1854
700
1818
957
892
1854
986
2796
2886
2364
2730
2538
1776
905
1664
3340
2301
2712
2877
2538
2730
572
1923
2538
3188
1170
807
2160
2793
3940
2769
1602
2397
1964
544
4110
3000
2748
2781
1846
1840
1964
28
2538
986
2832
1413
2958
282
1970
1779
660
5352
1924
1762
2985
2418
3000
3880
3708
2676
1854
2528
964
1326
3716
1450
1980
2961
2781
2972
2832
2000
2958
1786
2688
1701
2955
2961
2596
1176
1905
1972
2320
2766
1400
1784
1332
3172
2379
2496
2886
2925
3332
959
1970
2553
892
3888
2652
4820
1000
2784
2955
1980
1972
3332
1252
2676
1848
2637
2727
2727
1940
2415
1776
2730
2832
2508
931
778
1918
1776
2516
1964
3605
1796
2499
1940
1923
964
1785
2421
2946
2832
2012
2781
3955
3604
2886
959
2508
2096
1964
1924
2320
2000
3708
2229
2712
3640
2832
3220
986
1740
1666
996
2832
3940
2877
1974
852
2910
2877
1818
1320
2730
4720
2958
1758
4070
1786
1392
1836
2679
468
2892
2000
2499
2160
1584
2679
2793
3932
1928
2916
2652
1784
2715
1978
1800
2508
2268
2958
1694
2415
2715
744
1797
1818
2955
3404
1666
4000
2396
882
1122
3332
2694
2541
1190
3220
2499
2516
2694
2163
1992
3776
2720
2892
3388
1356
1810
3475
957
1862
5772
893
1694
2454
2910
1940
2832
2244
2496
1264
1858
3332
2288
2508
3880
1966
1992
2760
2781
1664
2664
1970
1950
1854
3888
1966
2805
1000
1942
2892
2355
1720
1940
1840
672
4660
3184
2925
4000
1482
2760
2499
700
1784
2910
3184
2832
909
2496
2754
1420
3572
3696
2637
2910
2244
3204
2769
1664
2235
2538
3640
1802
3636
1440
2973
2916
882
2403
1964
1044
635
1566
2910
2652
2691
2577
1104
1818
1014
2391
959
1654
1748
1420
2691
3604
3205
2124
1924
1972
3000
2730
1356
1932
1928
3328
1701
1808
1820
3880
683
4005
2252
2754
2454
1791
970
700
2403
2691
2640
3556
2925
1911
2289
2508
778
2415
1570
2055
2679
3880
1054
2355
2373
1950
1146
2676
1755
1612
1570
1797
2548
2355
3948
2679
2793
2391
1896
1851
1940
2781
3488
2244
2766
1584
2832
1848
3224
3332
1598
3152
2961
1944
1928
879
2884
2088
1020
3784
3488
3572
1084
1020
2583
2781
2403
1701
1944
1936
2840
1964
922
1854
1940
1992
1176
2676
2694
1854
2541
2229
1846
1424
1120
1527
2391
1846
2430
2730
2508
2877
1998
3168
2538
3330
2364
1398
3928
1044
3328
2496
1923
964
1864
3475
3572
1784
1854
3572
2553
0
959
2280
964
0
1404
2688
1966
1940
3132
2832
2553
2583
2055
3010
1320
1895
3984
2958
1586
1998
1614
1602
1370
1190
1190
2961
2781
4165
1776
4445
2000
2765
987
987
3256
4602
180
383
1779
1966
3000
1854
3708
2424
2505
1974
1764
2769
1566
1846
3332
2892
2697
1784
2832
2640
1798
2958
3000
3392
4860
2838
959
2637
2838
3332
983
2703
2307
2223
2958
700
959
1786
1264
2541
1614
2691
3856
637
2379
1896
2214
2163
634
2260
2496
2691
2301
1126
1786
3188
2910
785
1878
1846
1666
2415
2838
1964
2922
2760
3344
1868
2949
2886
2372
2730
1854
1784
2754
2730
2679
2016
4935
1940
2808
2553
2730
2252
1490
1750
1940
471
672
1820
2499
3944
1808
957
2946
2625
985
2391
2421
2000
1234
2754
2415
1972
2652
1950
1862
2766
1970
3944
2145
2319
2355
2884
1420
2499
1846
4165
2214
4050
1010
892
1670
1797
1928
3616
1300
5892
1846
2276
2886
2580
2596
3848
2925
796
3890
1160
2952
1923
1120
1420
2886
2787
1584
2973
3366
2772
1940
1784
2877
1964
1060
2442
3604
1610
3205
2766
1854
468
1784
1762
1923
4065
1264
2832
1212
1689
3184
3132
3568
1972
1814
2715
3702
3140
2679
6104
3880
2667
4255
2520
3728
1666
1534
2499
4235
2000
3932
1430
2046
827
2772
2964
2564
3300
3984
2155
1115
2860
1762
2679
2289
1784
2955
1190
2499
1722
893
334
1348
3488
2088
2688
1818
1785
1846
1784
2583
668
1846
2679
1950
1923
2205
758
2808
2958
3392
1694
1120
1964
1966
2442
1914
1370
4445
1846
3052
1190
3592
1336
1940
2454
2688
1176
2538
1818
1131
1820
2538
1704
3102
2727
5088
4638
2754
2319
4165
2175
1784
3404
4440
0
2892
1864
1176
1846
2508
2754
2528
1392
2691
1964
936
1696
483
5910
2691
2664
3444
3900
1950
0
805
1942
3915
3556
2545
2664
1924
2760
1966
3000
1620
1482
2970
2970
2583
3288
2499
2148
1264
0
1576
1173
3224
2781
2000
1752
2643
1940
2000
3435
2268
1744
2877
1131
2925
1694
833
2910
2148
2958
1680
540
2637
3592
2055
0
2499
4998
1942
3984
1784
2538
1131
5088
2538
1784
2808
2268
1694
3085
3690
936
1602
1784
3604
560
1718
2577
2955
2576
1848
1785
2541
2664
3716
2036
2508
1982
836
2886
2913
2916
1820
1802
3688
3130
1348
2564
1798
2289
3572
3435
982
2415
3105
1118
1982
3052
1978
2538
4578
3328
2703
1098
1844
909
1928
3784
6244
4830
687
964
3552
2946
2391
2000
4615
2229
2088
1836
3612
2223
2088
930
2860
1846
2538
0
3688
2280
2664
2319
970
8730
700
2252
996
4050
2184
2732
2748
2172
2541
983
2336
1264
990
2415
1974
1366
5754
4850
3636
1964
964
3692
2802
2877
2616
2196
2848
2877
1534
2780
2223
2910
2650
2952
959
996
970
4635
1966
1992
2910
2760
931
2910
3220
2454
972
2688
2892
1584
1400
1764
1784
2238
2355
1470
991
0
4884
1846
2679
2715
1755
1000
1846
1744
904
1846
2538
1694
2715
2508
922
1694
3262
2499
1902
139
2988
2120
1928
1791
1404
2664
2235
2832
2235
2319
1966
1923
2970
1798
3836
982
1404
1602
1966
970
3068
2715
2004
2955
2877
1264
3184
2496
3256
3252
2000
567
3588
884
3588
4615
3168
2900
2868
2892
1374
1692
1392
2553
1689
3488
2468
1776
700
2766
3436
2946
2262
2664
2832
1980
1854
2616
2238
1785
1846
3272
1818
2955
1972
3245
3444
2403
972
2403
2585
2496
1776
2637
2664
1252
2538
1696
2975
2694
936
1797
2373
3188
1940
2055
1940
2577
2664
1944
2892
1854
3384
4235
3572
2769
3000
1980
1854
3675
2508
1182
2691
3856
2793
909
2910
503
2910
3052
987
818
3552
2000
3944
3220
2838
785
3184
1924
2958
2391
1970
2120
1840
1486
1666
1672
4160
1972
1785
2100
2781
2886
2796
2748
962
2760
1614
2163
2913
1784
1144
1982
2055
2691
4165
3196
3716
1744
892
2292
2838
1390
2577
1720
2958
1980
2391
1980
1928
1018
927
991
1868
2640
2886
892
1552
1000
2730
2637
1798
2961
2781
1734
1868
1694
1038
3160
2784
1998
3692
1918
835
1740
0
1534
2748
1980
2643
2727
2781
3690
2577
1390
1556
2691
1689
964
1872
2112
1602
2949
2664
1918
3000
1924
1762
882
2832
1776
957
1744
1054
2884
3408
985
1846
2972
1992
1868
990
2925
1798
1694
2456
1784
4545
2925
2175
882
1785
1892
2958
1966
4180
2052
3940
1212
2860
1773
1784
899
889
3865
3204
2958
2196
1972
4405
1854
1854
2250
1184
962
1776
2832
2679
2312
2391
2176
1612
1798
2910
2046
1694
1974
1972
3556
763
1940
1862
4445
1797
2196
957
3620
1666
1950
3184
2355
3112
3068
1348
1768
1664
2528
3392
2848
2949
2421
2391
962
3444
1940
898
1360
2892
3328
2760
1992
1176
2499
1846
1932
3776
3736
1176
2516
4165
1348
2396
1980
986
1420
3944
543
3440
2832
2916
2772
0
2769
5820
1940
1928
801
1820
2535
2712
1785
983
989
2958
2940
2403
2910
2694
2163
178
2319
882
2640
3288
1692
1840
1798
1404
1924
1918
3516
2928
1720
2696
3488
1950
1758
904
2781
1928
3000
1194
3204
2664
2496
2046
2580
1734
1779
3715
2676
4641
1252
2916
1664
1602
1160
2008
3332
2535
1836
193
1980
2652
1966
2694
1992
2760
1779
1944
3592
3000
2163
1918
1184
3488
663
3188
2496
2664
2496
2499
2508
924
2583
1776
