1728
1830
562
911
1518
1774
2463
1718
1958
1556
893
799
987
1872
1714
2190
1328
1386
991
965
1978
1964
1964
969
979
1868
1288
1610
1386
644
1684
792
1958
343
1694
1390
1618
984
1830
2262
981
981
1974
1418
982
464
1628
325
1958
1724
1905
1782
1774
982
1622
936
1780
854
1478
1048
1924
1828
971
0
1546
2130
915
1596
917
2064
1410
1280
953
1342
974
982
1328
934
433
1784
1788
998
446
815
1958
388
1424
2127
2463
1758
1938
1938
2907
0
2769
1880
0
998
1155
985
1896
1910
1872
929
555
1910
2391
1974
1600
1912
1344
1892
1016
1882
2634
979
979
981
1964
1892
955
1012
985
1786
1630
979
2472
962
1410
979
1868
1712
879
717
1622
1502
766
1622
0
1452
1896
987
1638
850
1780
1776
981
1528
934
2238
1756
1938
946
3128
1856
1924
1998
717
3728
1452
965
1822
979
523
1262
979
1208
0
847
931
948
2784
1784
1828
1376
1964
1942
1110
1786
1650
1316
1724
1288
936
928
1596
1668
955
1230
853
1650
1352
1452
1828
1806
1744
963
1368
1766
1426
915
1882
1426
986
2589
984
1958
981
1758
982
1910
942
1980
911
1208
1116
1575
567
929
1932
1760
997
1630
792
1978
1938
1386
991
0
1938
831
2400
997
997
979
887
1280
987
1942
979
1960
1788
962
1796
1510
962
1390
821
1766
1074
1856
979
1724
936
946
1758
1950
1308
1738
707
1544
485
1744
2286
1614
979
2358
154
969
1426
1822
799
997
1844
1368
1714
1275
895
444
1854
1630
1766
922
1856
1506
0
987
917
869
863
1758
1926
1892
1332
790
1712
718
1420
969
1744
987
1236
1512
997
1942
794
1146
969
1152
298
979
987
991
2634
1152
1784
1008
991
1776
1964
991
987
1246
481
923
1524
1080
2178
1960
997
1570
1598
0
879
971
1146
966
1410
2382
1700
1882
1910
254
1844
987
1860
969
1846
1050
1278
1556
1610
1760
1156
1414
2694
1410
1094
812
991
979
997
2358
3820
1964
1796
1074
3928
985
1786
2673
946
966
1714
1710
872
1166
1942
2784
1532
1872
1324
934
1176
974
1476
1510
1856
981
1426
979
1896
1454
1858
1854
2079
979
1760
1260
627
751
973
1050
1964
2079
2571
1478
1110
1760
1760
1426
1862
1714
1958
1906
985
1124
1724
991
854
1790
1050
1198
579
997
1644
1964
1958
1832
1964
1454
3340
854
1710
1760
982
915
578
1588
1017
991
932
1528
892
1946
1074
1958
888
1890
1994
1788
1974
1624
1786
1860
1718
966
1062
2247
812
1638
1910
1738
1390
917
1004
1710
1402
986
1050
1376
1426
1182
1564
986
1580
1320
914
1410
2835
847
955
987
1712
879
989
0
1152
979
0
1012
426
1386
979
2400
1738
931
890
2127
982
437
20
1882
1784
1456
1588
815
1962
1552
2208
982
2121
1710
932
1262
1854
934
2253
986
1284
664
922
914
673
1050
981
702
1524
971
1596
1974
1848
987
1910
1570
1004
991
1256
1502
1706
969
567
1854
1524
982
1910
1760
1424
1570
987
1828
1284
659
1386
966
0
794
987
1900
1746
1942
1198
1434
989
876
2838
1910
383
982
1958
2262
1518
979
971
1598
1828
987
982
979
982
593
1570
1974
997
127
1386
1938
1040
1760
815
987
940
1946
974
1510
1510
1004
969
969
1614
1910
693
982
859
1906
1610
883
713
938
1336
1076
1756
1790
1420
971
825
1910
1176
1962
937
872
2283
1700
952
1182
537
660
888
735
966
923
1948
955
2115
1812
1134
936
1650
1924
982
1588
1402
987
975
0
989
1076
969
986
2865
1744
1112
1714
982
850
914
800
1912
1498
1556
985
1964
979
1724
890
1910
859
969
932
941
1414
824
1116
3970
979
1510
932
1714
1676
1760
1718
1578
1578
113
934
1036
1600
2397
1390
1434
0
1182
923
1052
1960
1880
987
969
946
979
1994
2680
1056
1580
991
1932
1938
1668
1048
979
2733
1418
1744
1498
1182
747
987
1524
973
863
1856
1964
1844
1714
911
1982
974
984
966
713
1434
520
1760
1410
1834
1982
807
966
1454
547
1712
1454
1492
1386
936
1684
1556
982
931
987
1146
1324
1492
932
1864
982
1328
1880
953
982
1236
1964
986
805
946
979
1434
1760
1407
981
1822
2127
1946
1884
2370
1665
1508
1724
986
1624
880
1806
965
895
887
1706
1712
936
1974
994
991
853
2793
1048
1982
1766
848
806
2151
1862
1720
1497
0
1610
652
888
1072
1964
1726
807
955
1318
1790
982
471
1570
757
859
1964
1746
0
979
969
1552
1882
1788
1182
936
1900
851
450
2946
1950
979
991
1050
2286
932
2580
1978
2580
872
1858
863
1410
1964
981
1566
1700
815
3988
808
1864
0
911
1116
1828
1258
1426
1064
1900
1700
1340
975
0
1443
979
1806
1080
1868
807
1892
1558
1468
991
1426
1774
1522
991
1546
1964
1856
2367
1052
893
942
1974
1614
989
1744
1828
1414
1760
1630
828
2109
1246
1892
912
893
2109
872
1872
1048
1786
824
1642
1806
1414
1506
953
1418
2412
1980
1328
966
1713
0
1598
936
1424
1074
946
1845
1910
1960
1890
797
1756
1746
892
975
501
1964
1353
1624
1532
1828
859
859
1864
1710
1610
903
863
966
946
0
989
1570
991
2571
1602
991
2919
1696
1124
1958
1892
973
3388
1578
1402
2649
2286
1924
997
2121
1760
1494
1970
1924
1262
985
1386
1080
1494
1804
2397
1280
1570
1576
358
1116
923
1398
1700
1758
1756
1454
946
1964
999
962
946
1518
1746
1744
985
298
1094
2004
1414
1718
1910
1830
831
593
953
1544
1946
1708
981
398
1932
953
1882
915
888
532
1600
0
1596
1822
2139
1760
1386
1896
1638
1464
942
2457
1946
982
2736
1828
982
1332
2694
1946
1152
1746
1892
1964
876
962
1288
2484
1570
2424
953
946
955
1614
1948
934
916
776
2694
997
1146
1502
1845
1050
1426
982
1410
1872
981
1958
1158
982
936
1908
985
946
799
2656
1892
1788
1758
1892
1410
979
982
937
800
1684
859
955
1556
1822
1724
872
880
997
1758
1528
1398
1910
547
1744
1524
941
1324
1970
807
1938
666
1118
2973
1758
1660
1758
1426
1924
955
1806
973
979
1452
1638
917
2886
1896
0
916
1994
936
1858
2394
917
1950
2808
862
931
979
963
938
503
393
1390
1756
969
702
1454
1426
1908
1676
145
1758
3416
991
161
1624
1872
982
1390
701
1862
980
1744
1694
971
1786
880
1572
717
887
1556
1828
1414
923
1774
749
950
1662
0
1052
936
340
1760
1760
890
1498
1556
699
1958
1718
1946
1812
1426
663
1665
1418
775
450
1158
1797
1858
2913
1328
1892
987
747
916
985
842
1790
1756
962
1410
1882
1410
1668
969
764
1828
1524
982
1386
1862
1050
1036
1756
915
1856
1884
1584
1048
2130
900
1926
1556
969
937
2946
1328
991
1434
1332
1152
1946
1868
1708
979
1544
971
1494
962
1712
1467
2640
1628
1668
1830
932
1992
233
1806
636
1970
982
928
946
1230
979
911
941
934
1570
305
2214
1518
1892
1376
1712
1910
2836
1684
969
1890
2670
1580
2190
1614
979
1774
1598
1832
1828
1720
982
1864
1680
1846
3404
850
659
1892
975
2187
2052
1048
1972
1340
1298
1700
1152
936
1964
464
1892
1677
1194
987
2427
1694
1064
997
1864
1714
0
982
1598
1892
2502
1332
1868
934
0
1176
1086
1094
834
2490
987
1977
997
1700
2919
1588
906
1508
1420
1834
946
658
1946
1230
893
1402
1344
1786
1192
955
1336
1970
798
1964
1978
1910
1386
1718
799
1744
1588
2955
702
1890
1896
991
1860
1080
1410
1458
1288
701
1040
784
1050
1258
2424
1052
991
1610
1774
1938
1958
1642
51
1828
1610
1676
962
1864
1624
973
1746
1470
911
1470
1420
979
991
1544
1974
1824
1938
1084
353
1982
2298
979
985
880
1012
1714
971
982
936
973
970
979
0
1420
1570
469
1872
1626
1578
934
869
1700
1884
981
2571
2457
966
982
1410
936
1498
1320
1708
2325
1910
962
1610
991
1498
979
932
2589
955
973
2280
1784
1230
1336
2097
1701
1608
567
1390
979
991
0
1328
1458
934
659
1004
1614
1960
1872
854
1572
1964
1946
1114
0
1970
238
1420
985
1700
640
979
788
1710
