11822469187137892
74974271911203860
49027696966727847
58504030015448111
18625031043663551
22700921264809372
16080491693343664
19746764898284058
48576116065038967
45382747579837002
13213538968300507
67087312812869678
65910844780949027
73605268718412927
68070017419424729
59754327217394556
61814594709143736
10312457295164501
109847301494519336
72076773969002478
14241596838379097
73431731309295419
12931501893300952
24048015625907861
20921161980263802
34397975575863372
69089913136757206
22594972521157046
3824367940849767
56950719232775886
53483218597959447
27903267454860955
72593801585644348
991662417429293
5663620451191893
64545138449605805
11666531961804994
4640052230911859
20399601814201343
3547931562003207
29173813557204541
48422789850216335
679157337033005
64640315017023431
7709771977639767
60757824287587627
10486337824445292
13992322785304944
9596194449030252
5140150075099090
14241293158554794
78793661709514244
44693229139099345
17719691029164871
18520011765710203
30012016313721365
16830390810296449
23012658464687765
8392963137525060
41367269344130129
14698500682709178
19355345779195392
25551296436669303
44684804658644266
63792973568554610
31677607963780900
7624713997511159
81807105027935871
22701916913452351
50623795973522776
49552166029733912
7464573199885622
98981372696169086
3140261472274833
3069008528050080
76159771008227587
21902309728110931
41143258202386169
10639902135467772
36241790332144426
49095912245080151
27624593064949400
25818546565944721
11544005756154413
3424012440385813
99263985139760507
48763135064139430
78010401455192124
45798626315216589
68756702698285126
88529824304671492
13076984537214538
63771600974334565
21847232376919129
64312030963624329
36848157973622793
12140403109044833
26397298819379544
717522728201137
63849558236682908
40477710416434243
60669205184477088
18941891301559102
34852302044451355
96070075783700564
34149572302807050
33041522997186995
82042316285924109
6542100100241484
79926392166174970
395870340304433
75505625002148751
60327518077848249
26634676256825722
55377995609519356
1702176403081358
79629812269990341
28681140774731590
16545445326704833
6472933875110533
37931449533420004
34236488872590674
36468899329030838
12406819351839462
10182660016986520
43859602237908647
3998079620687371
10122836432956301
9150856175427070
1525689848105176
9888177079404242
25013299341619012
27140877509601630
452776023789808
21548727041323074
64029122465887467
9866551032808185
62948130072021048
57097229750856378
58792023742516258
68248344770364044
32153459561650105
2617421033161995
37102590826219621
7308282091256924
63099588501871088
26872305677255764
66663900094442023
72324720121912157
4173880871551206
82959194976011186
72725932145237995
24143219720100784
2617046618997119
2286402477662294
2598586453551159
16505241550417932
11866327511378769
58867880736683260
10155227604200093
65259892923470980
34605131702100277
8991999525221409
13664810518671085
69668454613853201
8990269252136071
14771279683795675
21695783909159229
51059724748236238
35212543785168132
34751255461898275
98083618387273517
11298244572076348
24875420232152994
49758415498893859
26998283599379489
6033553776492111
15978252946026305
22033140032012658
31073192398180740
328986955510037
1489726716514504
21971374343197271
16572597829383678
12373178655823087
4171611256965365
17534739503194155
76387426458988411
73883351428802872
18620398616135524
39531065970382554
14740282258325462
17074205771156228
12086170052344384
29525410296273446
32840663407534433
7537000808527659
67843762969395288
27436421051885462
39035969595296358
13880282840780647
99839561699289554
24044865267367526
13191523271742858
27264292280891351
18481508746513588
3462031844758566
80749884662622657
48872396963202020
62796607892722720
8324720419572302
54612586643279218
33236432778805236
31322280604499347
58535220996408996
36704039781513639
2093572826203804
18515973284983871
48154672304963297
31090417776178607
15491962886404731
47825230355770066
81557128702071994
2711339453825597
27594389588165066
40545784240338678
574065370579824
29342960808425954
18061852473933729
13390232622899400
67293411338016964
62863483626663416
28617541773460358
4801921631632641
3926155119520441
65922953143414985
11929007527052457
5311128347789487
31553311028636679
66109145864751839
16622720732518982
55434076393709775
64630894698820700
28686552576303435
8912957462644278
1082460070956695
47162743041089731
9200858376786758
43246859933579047
3706291875215900
59984551493051967
52154239051893642
32624909214825549
4192774610601567
38348348956591038
40371738058906971
87938140010298917
37281266194725861
34297220982088132
16989426847288910
78934653854779826
33407472996328676
5142916723952652
21221179045446875
12333236780450191
15217418229000764
38028182243597724
95954113173978204
53673554014105987
83586637198993066
16936614541366508
85286358028663175
43122746771975389
4742441121500646
64578861716365674
47406078988657055
25472723511448644
30117438781325287
37927696155622335
40254211845991769
3976445223484118
12060244744923944
12000264157312131
11099572388483400
45759003148137641
57297753974702914
15309932375693242
24275341227968855
80018281948649658
43978867040967049
55300941687523857
38467308165753762
27297039287125817
6350820254797859
3660097330569424
16939718594273367
71820419930825102
70308113340421821
29186434628933807
61346033582724120
8862374464524084
84712282682648909
67650499731527217
10772780274496120
14631821370707503
79966795607923402
12145781098295494
26794148022671134
19048921437876607
42146845539697045
3264074330270914
47839325173059857
29013204315210514
14168102420017252
33955076945104997
72397912971057111
5188384491683502
51019276602341143
97955110098423713
8382729428732023
15711799093336468
63672170164811495
66360725393547331
83057403654297500
48470912255530472
74146303447646745
32352161225677521
80621875057877782
61307182906089055
684120446940527
35932143603131899
1084163285499166
31448787519816722
1237199120505658
19205220774320282
44890973655122044
89030245071573205
40579786187243852
17267561405997104
45313376093902256
6299259388672223
93671902107156238
31155130481666014
4854640009468879
5511742603244920
47541283590781165
44626947831867944
41416918674765461
60431116800055679
326146482275420
17526480154209990
24222633384163827
26103204746355613
60585584992875908
3543321087065423
55598336764801157
3276381012054056
35464946495060378
12701632203723817
27790192131902768
71153982164904358
829007288002054
20550116379602739
12432803872852426
66572943102246323
94026119544436099
7492208033217032
56845041230012611
4369031256580820
69862861513142307
30801268816246779
11816250655610514
88114667406309641
21818059542084485
100562685118375052
25193255878036840
78117326464160565
14069135538680085
10196700874616920
42862661500724102
40563159595085939
33405469203331312
1934251643340342
67076713438451662
36970331252831246
13389162526608874
48466917122884032
42054069873205589
15048536309928456
7221719057687045
30097058343883274
88064148303619096
79029307177792263
33610018901266190
83282177129685120
5925151890420466
30204693180487939
1437873391882492
103060899545543176
37761069989781577
73783350510607188
46416183720977838
62039224879658034
76783715387037980
31388769588517663
42043677507662218
46344644179195330
9172116337353008
80432902700886508
12539906490621379
11083574200623394
50955206391795328
8085169465839956
28564499786677049
47824166499722241
40284932785622063
21302538498447936
66506035821071162
37552789227084403
47410167294842399
50584426004727655
19929596886405009
31258464690779572
42014133554611876
35142798904807779
57462891016790924
19170754607348282
61427536598862652
29030330466056291
34096363129275485
59210061707595374
29530886175389826
2667127387323644
18213333344826857
40912834971459003
8633807881778805
72908128672547374
7288320534544559
38779697497688975
30827384530459642
43628819227019872
3677937724880774
56841807101460086
85031099847375281
16192618068466631
88363049797304142
61152404876211151
57101186175008166
26140035178232148
6950390124625486
27605181821297664
12888144221442211
66291846760256708
12115709350259547
38712156618402320
30559629776681176
35684797343251916
54160178159699974
78258336606710241
42552220457702080
6857991735197079
29443152094811605
68111185737333386
17408188620064309
7744242967586243
2140602161809130
60368038223497311
75247826118963123
17136032514690245
69592671698055494
33469028451725154
39282672221459045
3537004694243203
27344327496504778
33707724171995135
75702332274144676
33639675857484833
29063538588418267
20836077476214988
3037416153555685
33060830902777624
35610399634329255
76252286384207776
17249354734140915
29257444297147219
34514250270162436
29552436283527133
852472603453302
12252089232958317
31651998762124484
42511227919181773
43511968499084297
51124548796271911
47796641936288422
25652751309652867
29486156634449233
44343308234630208
34744287171375999
68187876496270
3672492705666584
96516672121372541
17774802390821602
95714879451182
41221351656147066
7831087449989800
57489400459786550
24676367915520907
69719950917875035
94040135999880048
22549885883854807
86392170969684033
2163111313458644
4069494223906975
8437524301816863
1510935401238985
36592558042141631
37248314548473236
42317372332977826
39779599994830102
22433715186513956
12218731307714233
44604172312254501
11136026579177973
34689201557669756
32652394317244760
9369831173440910
50217106975246437
845723985490650
37516653582235857
43247781447253104
14170739594383953
57220193404616141
82166170272761075
10931850014202000
20376517415326807
36794149037732985
53683739319992096
5873940499736147
62636889612484369
8634630598424577
8820768686039532
58087876539870735
54924197437764975
80778198553385484
20188070183891590
872364294719502
49139127950929582
50148332034169953
13763247726451085
63039508258496996
20473561456621579
18636689084376211
28714149506444029
109985374568840027
18005279978619618
71725802282205093
36718388507296721
4491352149576808
42439833134215488
24254672910078968
31144031697183561
83388603768618517
4807133416068091
31481001914454235
55741431299301263
25684043607912715
19054815410624018
4492127696300909
52937246676198071
10751036211925790
43521987708173938
83495916573094240
23581375144093889
27762202293709070
52047926971884426
26521043793491521
23016036673695549
33160578242766448
54764352845240943
4695579508920810
14457860468589943
42112332437478736
9135087332369738
43177017863067776
38889636983731978
47602301881885595
34560288261971700
48254931712640675
24795235692210148
106702991753922963
47651427166420087
53255570476637802
39162297628409687
26156395408793613
39808086188414664
55385289274961113
16986767199774381
12724665610444599
3238313269601600
64480590954102051
7822202185250069
13218458197189327
94364547596147587
22192176778529592
59645271555075482
40541068312908704
53032061035491722
18314167192996188
49610322424330939
48816291231412727
63034788423282760
32202319329579219
28967549154565015
98163849744179322
9567105428114329
28004752363535329
58144205958748414
22164197178931262
31697612872110488
15537438799507403
18035534996142602
10964051838520620
69523158087157042
6923438217200976
49468730975333587
81270829750563461
32679584151217387
33461019238469619
40467855595148227
35695839956192744
25873201784606135
68919814214985283
32184919465121113
17990756182793548
47842877468103722
59865687473719770
74954255635591359
62038492215269246
72954810962845421
24680583503766996
45736742909281495
2598749259297108
66950381410733216
36242494565276889
6726417535725902
56118865921748498
44246384833654473
2936429049378547
39576496803212617
47041606054184707
5004561179912675
15173668534601752
19503166280254504
34110738017437320
36755400746832706
28712826864618899
51473191193122142
4276639500771256
38522927324734324
15561040551415875
52876206541490476
4165726216028568
68545747302854611
24583122400795191
39592046254950098
16223060194420059
13760811673060282
47257226089136150
51820460589057630
41297687113809418
6968110877581167
14677883123725586
17442863633120962
2132866812990042
23835090038776495
45050732060867528
30976418945528433
38430322739890832
72692097128967131
38028194657834519
10050607281449011
19732274893089096
42101260946785419
77109875324437745
58369667105251396
97024000549758573
86732441513881663
17058145451401520
81965600898509874
42382437105833791
8603753086840240
8822875064074316
32558978233562846
56398820055327414
52373091608811800
32093201176786458
23345443397243077
33877045733898716
67657947554772496
60963092064644381
23790494048605490
103514842065373865
20023175455650952
39873760318251504
100685692653517636
15008828403401307
42744875631693398
35090828771146602
72964194435982333
13874776186105907
54440825842807040
34193734652857024
1693108378589340
26632786541196430
40386462470482323
36023551169153505
32470664870450043
36017953374499125
48371426883313680
8954395628431093
33609969520141303
41771972964803225
49518888403113686
10050015092766142
40722206165532456
25430791566500695
30196241945392509
57041139719683339
3810594723638606
53109170999704431
1007243734252689
5498481411087560
10517719301951558
32997853995540349
54463183324226497
25613664160208684
57906521603919516
72781852953751849
76881908793709105
6351941171733654
59470813650459985
7629950342248685
29947523245159249
44970377380348213
84196292421471892
8961792342623400
30023841911269575
67360219209520008
27753324086876192
75188654296515803
36708050267562015
71867415695471738
25463970125920652
2653712544634566
34849057536566258
56809339095131067
76328963187988812
43175625396960805
13482006790322636
55935755771828617
72604355157975139
59535668409843164
31522271079428097
58124169989989578
13617326687913439
45612738994151697
36491287966490851
66500862989272451
37593277844577756
41963964996265834
57172085342401870
20350183321615901
33070903019205484
89929211321587405
9782758098930904
3463571961235817
75502118911626190
39811884395862580
26478216996572022
78999447861439857
58841205191752728
24222399061736226
38393302983566777
27199910128042843
644618329143828
90707665619391461
35318786172553523
11458240397461378
45520542175710390
14153666550311571
3148519618422939
28314050244023340
98094583534817676
14861252135939230
77859795582216779
27021377536626647
1303577214935276
30797715693686577
34845572791784738
86775178040634916
69624881405910908
63113520516913347
26395932491006193
22603551704661035
10101290074637239
5675490258769260
32004622714263084
40201739951489059
28624912075378031
96811039839962267
23070798301452174
54008480257814597
48900267655774169
29901925566073903
59983053351416441
6238829707113696
2673576074781267
17452100432853697
52681953894374611
70722869656438682
13176139574829734
2908521208737413
1884616682946138
55761587716661598
73023689029630072
73995727632482664
55983084826751902
3580953921605247
25930937788558378
5507466368240148
11983336881505502
29034882361628317
1006361758930458
6159222272170293
9878863282784230
10861959533967048
46818944548327499
88019663058082174
12835868486254266
529393483823908
22026413045554013
21641460623816705
78207305410187710
6893948374249284
40321433734870985
73523128598984744
7215895913066510
1325536936382513
56490345900918394
48556693410174511
67006071134275302
27655543804577527
57852237150402326
85976128684346990
40182736664863533
56471537721431339
35958809297560897
71684182192363686
17339192547941127
11595605008099422
1726980618910606
12876952920742076
15738612798990790
14688162582329621
18934766777627719
21734858035695214
21687602709505945
3252512685780988
6009330109895851
44415450476028963
31263334582292264
38872249237610045
9692428109085751
92309240506981687
33822509043101779
12183126423980894
23002846693887290
5823091451462633
27187184617255325
53021686975299278
94709761122031333
109584957657395380
32067430254566728
28100835835474690
33034023090399759
856488433529316
3667049949810533
32354860512710915
11627160052183447
58288159052321818
6205743043270318
20070035279461648
15549944376185247
9708774751483926
33402195955947701
18314492141361146
2572183402590908
10032242474413932
89698429847550954
24380681923218887
75796269799321246
1405062375473725
27974584568214178
33298880284624638
3895451657596772
19768063980459564
18461157328002023
39693781068161194
15772512244862886
47842056383254494
30519979653022061
23013691405235888
79647958423783792
73896091115642159
24873122119219432
20718556167077372
48592161408377819
21771509216476539
42490619135592556
32312766185558086
20974907656596484
28100457664081062
44718214420371278
84253475504320606
14173722745582198
1233520136272157
41810047374858682
75240363801987728
32880856752975519
15774722375929244
40642769531824186
67882475674297530
46163793257422109
63554015688203272
99964793287408785
17393300186371831
31090859607950518
34542418263049847
53299942521734193
13119402098004746
25569576393175234
13022798590051897
18433812550658687
32027876152273884
36721968660782881
9092427496574849
49778512391047558
60042214928096502
78408999187623570
31010531729658158
13327004801033637
9437199420799819
19845356733782455
14099683200734615
59104935400688709
36173088052373115
19996888361531212
36357693445413637
41416478701216331
11633145009877480
69086275520928698
68186323504757847
50308022410672879
18968684824981534
59228228300620240
49522624441052939
77632465001005237
35341360674234528
42253317430538729
27683214131140617
19588763128049405
11538571456839068
57997445159194928
18993718772393853
54829405263325575
96046777144505797
12037125065608031
17407770840697575
37857964123548471
82917137066319492
31982066475856700
10498986373258383
39985879630298451
2095882183406166
36341717228560103
19130561804718761
38646740279263986
10570025524649001
48458358516076734
48042125552829013
8056527032085169
27780035895007179
11275214732286166
12815919021901825
57093248752195389
19709650304755082
27916108710257995
5911936843347701
64391272833514672
28772773052168635
