54489000223532811
75278416902238026
49241280087993167
69767707971693846
13809432667402686
76637157514627944
24064610135399743
11309709469730661
56917119036033968
93838944175705560
388136871917500
28339494377970360
96509593031038594
39176780775776930
30145128424839540
5507624605249742
88520541864461838
20710771426402243
63731684171509775
20133351356490010
81607846966696338
4959976400451443
71643837595583123
40121670289292270
47199838372411137
53570634781890672
22147346198621179
54992908033210608
51718202386962644
28442036327315174
45810972326322661
53273384954145459
60695371589042662
13543389331083730
42072205383104126
28208521602932052
59579984129465651
68580157536614374
2579498676602181
7028392535258171
27139616373601624
41375263527762230
45135063761426803
17281604184732099
19977002628466925
23075023237414683
36183644005291477
10618415715744952
83597875254739998
55396314734891368
19311844535660147
11060903812539425
3476398408008684
4369189322948572
39333539255897627
4337414818536216
21851545600050041
48886780712104215
35756913656269899
12436573850414276
87378148553017252
33649909839788133
24195808436692924
6077575514098142
4453252842885461
42514502063396148
28708618599155231
33454557989986803
64399778641181968
68338571651219372
4750267698850046
51204072395106395
49627206776583916
2715447225704417
21059934535831015
89100196932882661
55940622786903193
72519565857850000
41678803800233286
17113661463873499
48427347168522058
30381993662358656
2175617743967711
68962984466891585
7824840821300400
30518200451325635
44491168166545842
59012710610204159
13379190251621127
37065030924542796
25376398315909994
36401211463432675
17745646407489329
6916337709720642
75880102250423879
23800060609530908
16950791994800234
51461194906710692
44837682124848841
91865756715471951
16989410787617136
88503140005237036
25599458895010253
11753372962705257
27335349920087503
9359675609300188
62039184230148530
19018467424863207
58326195916763957
79367603801950615
7501511628777416
16905928705337882
32621610306807116
61265709013502667
57247431350797627
51820217338555920
52368044636244150
2444169416528349
25275480929917919
60623101021783226
61008077883013430
2386751867265147
2238895729682829
52869980846646095
17935035665801553
51145024160374333
36858815633599556
27290844604043171
60927843519363460
17593376119832312
70505357749267487
13170530686837616
50803639600402178
26386448458993173
25083520295781371
2097827983407271
32032303097647024
53585554528989162
84034352479345470
16383545854748175
40641008440112981
51040931552883585
25159480695790179
4531204101562386
98491436896628850
24322136967694228
90607887086383101
37924076275290506
15565682433991681
55819364456122785
41064413767722728
63192096624234923
59829481278855681
27465825112322887
2543659607150208
29658253690754803
22734303005049722
32365448029888365
63430952116193968
842670052457619
45589504579765528
58474709754563160
81214098486674486
12090458566358557
81301566478110730
53476899142465096
8585840850811347
68624775454333654
75194547584029794
98379174290772613
68618389402025486
11418375857503769
41469976437505196
101769487567899765
66287586019063680
7176981316579809
78574375855217095
90859494459187137
46119827451266899
17169129855361647
28477582265282457
6354590144033021
10750231417721610
38732412929498695
76431480301371787
80253364998500602
3699030703094249
14322397301560355
66636860351725551
10058105473289294
11009561028764204
51819935537570888
60366811632786490
29338454968453732
13503309826285024
12063618318773860
24710874338684981
46051035511954166
13875379894441935
14534602858143423
7508077364902864
35039278533339597
21214490900817797
97496901133959748
48433619761112153
25225926446206350
37698690135297266
55330607516772157
44564123081006833
46513322919420317
45630561755254427
17796088395476595
7897990797097541
25395112695725251
25483142212317316
50785198009408812
2614453179232059
49672378733154617
107248403254174324
31635674742701716
17665789385105355
55870659321821086
25385213526826437
23610765495226530
20438943390622366
63244855062149758
84676619904435730
17627934084165854
6903136494924094
44360235698385128
40184266933916711
65666279349442728
65638710643565109
9848739154859585
46605761105442644
10971106552471167
71461081776161704
15416947085149632
14326079199023720
656069807767409
30198174675870823
2594076842955711
35365388893628577
11830497818472666
83892563507487130
15322139654007317
44668255297380868
4198913932394246
18595236336134848
84436138764653070
69328394738940677
76802198181563376
49741893281983642
91779047310647030
2107401446520836
54396011380756654
60710684841261593
76514565850594028
68431563548650136
72792802737562739
63370464765767022
21536662566044894
48495444193616361
1244849885932729
56288633879113227
37727314844313035
15415885193049616
25423845719685637
37414538642699102
11567980910123082
32552890774733375
27886470551479942
13317561693669843
5860825129867432
41841391778144268
1375408775090399
24294429231712119
27357099797793758
31373552119230652
43493981515289478
22143027994582016
28975653702534737
21339179045175393
66569030909152434
30648989596983736
28052636779597913
17278748476564621
14382903182661623
19115234991907804
48653671191093227
22197516935495045
74896702979515043
8643939917600452
76557923737581888
54272125569870302
18873638189941391
21660183792813552
5776910339130605
42975814815007537
89505380767993656
8116218754564062
70292300527635365
5795073454396287
18301656863659742
9235228696934500
39944120083660832
586744373552120
27705819627150286
133621267893537
61002400621055043
94740949325322771
58378849963206950
17452023117767088
10508429488252004
32607064935263056
73857210653552150
10996957502719973
61658291237883884
54598981629602785
16872211465864437
18932197817286771
8515581621858310
13401004803280483
24093301038543016
46740252636057089
7961418905928420
23195705711157543
39252835432214487
30040850236410878
79613618694146362
34408008478087570
37262792180418157
32756445315307166
26318429275106111
13631025835014060
19551116664592303
41554750021673309
12623750292789146
64201785914707514
54602289726567148
9943544243974072
46136671945953454
79368733597384466
25821270371506337
21024087588371727
81241633173588295
53144763026386065
540579606115957
62757468074775985
14333722879430473
21236291363030064
52905828247596982
90565577157522626
51361289744758363
42659331478258695
11152058266793692
50840901925791654
63603623795138738
36286710010562732
9750159326674249
11899893752321865
39873056416590572
2841264372445274
20185509906099610
1670250264488412
74032169820324758
78685057043556873
24340953963848259
70994350551140452
27600181132630040
36147485430474213
32066602099192609
19338319492165800
12945613506309496
34317516595050214
15625937500843748
16628031678368317
15380825264576984
78855078249581122
40121870208282923
39825335566798737
1757917198307545
1119502879750179
53385469714150407
26017691122215354
13161102817946576
9763044006017445
12736052937057812
34268685842669095
84643194334757326
18085887086232198
16219328733559325
19113029446668828
26499802160845812
39603197299462894
56189558697737422
10409978781450020
22279301471163455
8105369035133195
77271090302724672
23479396726494473
34979683115003446
13503624668761014
40682016499541437
44400487212640773
86873740829329443
9746116574846394
35128837575685848
34702008716421738
31424420572816260
67672650796728592
24835146237990417
32337372220074456
20253217244029626
9004626375727872
7383101256593625
22149625236651402
51702707502068855
46405964395906501
1453989897629868
47543297177430150
42485066286946758
6944378728942858
46881676333883264
15828165548639327
12892375041010104
16220007712809299
60404599963328669
62077596417241047
14259383119331966
43097746091243928
49751333036980945
35571043458051782
219345715052816
45322102947934006
9118921772789716
24719020195189581
95351065879010460
22717530778528740
70829567678097467
1774656911161823
23978773972465402
37871248897904585
4091091731358235
16115820216199766
36587081804022048
3567230904896044
44398538536864456
13735733807721268
56329328609532199
18466912858351886
86780019626702016
81255348874298854
16720420426705457
12830645520930041
3226851841032261
92070828698715190
4614403048927375
59150998846294572
7813996621424606
77567429231464822
33436843098502848
5903832885658442
8177541425396557
51223607305817252
53425965700390934
71606344549424023
25606909350584507
17083186344586625
35498021533163413
5064580672436199
31285622467955514
50141750507247581
25011306424637128
5209620425303480
30122196622265044
39100235554032960
31963166027174035
32335595645836067
3801658902388855
32213943843163930
11463025648058270
43137684409852730
44260347507343280
31652491244766058
96960559280492366
64237282210345759
34049674829603778
37222889171398126
22478886321911305
39296613262417759
95508046143185040
13485092503126709
83357211827274812
43148230927057246
23981016864817457
25813498428113127
65655088022813263
88309565475019599
77157845511786298
28545046007845023
85367227943712930
56328158366629028
7739518597301305
57226039851151919
8264068736792325
31758837038939113
56159985066584853
2595503465304282
5126193228328304
49729703634519907
19449308581001808
74879409961422959
90422382598359336
35951485655697611
69081497600721748
41973263221943562
100798191578018123
93889062971540971
63247524831076285
47779671286821244
31831815155065076
74622883319546332
42284266607404461
85556144275104462
41219658452501971
9587947777936081
45921089940480493
27936327709372480
1976440203506143
8230975157496224
28723400047048221
63771859484390837
48320767375492203
91256831610310962
1249887071929513
19872234234449902
26336116162398075
55323317348619073
8062373618066593
79569247372933450
33929361482785782
99569800069348473
42256384963262142
52103422896438118
63881879169527386
18177854740319059
42666184509589624
19161038049716337
10187637067471709
22337402883150461
43627196414935041
59249856472511925
43541530828122359
41632353321244106
54643458218272988
70623365058966094
4895230739333719
14973407194999531
37402308491436638
64915023268482188
4022327398550270
59597776356889233
60024731569964372
34399610252790720
27311492673732852
65419250142524528
42563095153697705
25253085444691111
54649876750106260
15884485476767618
46568168325712380
41244151947528977
4568116611823230
69659211603424685
60640708936318735
47683374206452200
5241798151657355
16610785144896964
63432912201641857
44203735597123588
21664704860103680
60054132821780627
24302050368719484
8663197013621865
58442774055366745
13284987170741987
14686096726638691
31085047687280390
41470979392924251
1680900726932501
76474276351636407
28501304747113682
66202205850399509
247048098413572
40187849611618017
79452189604574145
32047488214760821
62568159266148266
11350733457083
72226169783894649
5110489447177288
14764912594914753
3095368214143309
14410869592916735
46334102997722197
70190371670044923
13983367940230718
11105629506456786
31171420466003581
42764823227222864
47424962831972881
26160485813419603
64133377307434824
43768511479588941
9161303700194895
74343060646806678
24172865808126417
13151874300809810
22863511653498229
14618337260927093
62105807824998831
20195572308091968
22873709721143394
17368480050504898
21753666259000582
28602785658602142
87359092824423318
81012190727821879
17881487185496572
55193597017743512
57640060258134137
55815480813501874
29489860368810644
23479820271900701
73300075825108785
17273193710500301
33815144778309862
21352264562477077
25277800566971598
18893731720744210
78112559326543913
75678157046984502
3714159474914169
17762873948884964
16512879633618695
8294720211880767
10626459481739055
2201105169936863
1526427137706685
88144411454841115
44384643629252217
25362955296958592
1694090734916288
1849748412123275
58278198414639581
54192312965962153
49664347945504900
18255923638115620
9104079499779878
7276115523755220
41185793598482507
107317777603298190
76500325961294115
20243870275775915
65649740613021403
70693794147737343
26246288040631202
18468891785871617
4190409476412437
103272781196458965
8075286175896225
43022795006032392
28721733688721809
61335008691342917
49881978710103924
51065210006449979
25293976063558592
26128049201518185
15640546692766588
52523640744945654
22829420727656079
30647032805066810
96397498364132788
22516300869687196
20767883254294599
2761150329880989
25573783468574284
11922136093927121
15286916103129309
32313148167731154
25033938778843481
15450158281912239
59897529841218642
10891270487145175
57510664797906405
5938481840266469
55246502477132395
14933486680576352
44590421998765970
37286350123142228
1022977942378174
22340274031890124
31760862442248414
21301895544676751
82337329299708311
33976437163815344
12806854179349945
6374015746063535
48458380412192468
596747224014504
58841595689152887
19438489613446764
39241589938203271
45429707322297365
8709180303892877
58202895123671759
8131265715424579
35176673731298388
82060509239070174
35076836147320420
52599520826739907
60245058586444975
94941616058189901
19467429705337871
21497820366796894
32129619190647260
36150632987310092
772891488297665
84562510481368894
7195778475403813
38404722692330148
69500637634394678
98419135383220923
26954806866469425
25183308372536854
30679861767370479
1178047652581589
9962706530465985
54328909897863241
47580802788322742
95476957131693027
51494311454162450
22547786030831389
17320061044011276
32810322583907135
24432698815109327
47335238215839648
62064019092959150
10265430767942990
65613619859873576
23909789268095732
59691862756318270
20539758912399197
38288906030372644
13815176593539640
34980025194245693
56614702949758156
44994856189485401
4985499718712898
37207153853898413
6994836098928388
65564982001055036
7574718315633925
30801125645737413
52511758902892276
33022506217851744
27276615688255085
59175317652495146
41924617962185963
73766117747090114
19038988374471377
7343458701577434
25187646377500297
55232248282804886
8007665590340662
40419667820647681
70331825495400305
30333907217628133
42256971854534682
37606869097738284
31400481288111757
29271407963559371
526850685572157
43001690292447294
4209294588651303
86813425712405455
18318996194585664
14215865098855725
77854216286141077
5004851193950061
73493619609233313
25194523726330083
964224486561998
3254821032651570
13172139938814457
74138395811219012
1472081163012834
88122597834760225
48728391995181601
53317993634322619
8357528768233092
30351305185331314
47671840274306825
21482064168369597
56864904714322467
65373167376028676
4644925961618042
34059556213339753
82506695272473465
13617891517894199
14082222501684417
17877322127278861
70182944045971430
79612750807394365
5383312794276946
58264038478492696
76335741502130343
73839086883065064
55574572303942174
28509585733526312
17865944200938524
2446636866632037
27843754285129057
40784424120990026
35048458446893679
10734651991177899
37875192718754705
47103461731831201
30456091094240181
107675882346970918
43911013891300002
73969307670727750
62238989090471598
64314460410506944
61429198447015005
12305930261780124
4185411956774932
24421191564838430
16347871242344191
90332541260510915
33761630811220562
45822536091349072
34659567529157536
3666380072556125
30375944847692386
4872475191306609
58142272313596569
80233049556963719
51298781905792387
19998907438812613
35843700290839475
47039060487066343
19566125474267306
90085882378746386
45683023634153221
70057329061352802
36271434696275680
24596160581427972
67905182424229670
28523496782146699
19636926669912366
3686020885637411
67617165601549332
10691620378075976
17000087823886217
12897492451911347
51299595098736010
23936589293024199
45096833741692600
29317006302300462
74635915181881094
43781853711793060
8318463873170594
6728424311553040
55544427678387991
56243621933841909
9057925948599577
9232084173552035
47562195248785267
56391736246866375
9312744657622274
48601266937599425
48335429875204497
53248757617485882
28150493935996339
95065610618266248
48824310392841508
27860579481987415
563245300830283
40381873765957265
52390426039591482
40310380307341343
77150225581357125
31245553454219406
3477977081232681
45131925050842853
86821356808534476
75201987443251140
32629714278998050
23932575780481508
63139832103857059
6402215097670790
14269238797585016
21461911843291546
73596243821507629
77338480952003362
36338085343254008
65007057796674716
29673354773958953
2655825917807360
8753528494660772
29488694316426816
50641361708260987
73261205608050407
64632282593912717
13027871701929227
39558505402867097
48744110949769111
99851346439052860
31772041266907936
100446096531835273
19324064960839684
75346131118590172
16604604242060164
50015624074539348
41693975972723884
22889310644025589
36485096468827911
15737558310809037
4313634843617686
82076665032555757
31028186480390773
485167709262948
5105890508456344
29164297124999999
64841890910780779
4998501905752307
52984576500254675
49063435058779473
46407443999254950
63259595568071269
7435200211314878
14191114829773166
46279273865285394
93626940160567417
86395737232661131
58636418554088161
34862783077035696
30579235070581105
31948006593402461
83922446133227714
25063591294277465
45401525496262440
86633703401737899
79456152846645048
13753152003655971
52494954970755209
11275163424025933
21973257377500489
30933360206179001
5660841462325033
69365789780174152
9958899617554394
12466637638676200
49093814501422688
38312881765733149
288130562313598
73669891697844334
18474160488604058
44708947052469391
59872589970794027
15205489709801283
76196187756674398
26114821248888573
53680988846439643
10798811229209932
42124906288752210
59689546558870549
22605515292634670
48092885155699381
49098688543512062
62291767398959363
49048771952348408
20939210392116818
43616082201807884
17845643700064199
21572401757349145
40425423897938898
43028162517230274
2369679946073217
10014286914143278
34454751462922926
47940550228753465
40732909949125209
61045195164980576
51526235743249918
40902281377310364
60419401486116150
38816913300338419
3738176661301227
94278147807178159
13232410886476288
30376169654110117
1667833007337803
34283798848881183
23521855030107270
72249652749310924
28498104771766377
9538057955207468
78574206324706093
60851998032110336
41948367516606182
78440523010818510
16749839766437933
34657769799437832
47204039578886241
27613531855636316
11644346383670523
15143191998822781
7313863131055833
56761246892824093
45749083604255449
28971817414053666
68373183054454429
50156443904620110
62637531306953982
54287596299385813
10786539466663362
57885164596588885
22884011544482504
8069030700941452
5518729466618065
60132128866909452
31549480285530284
79848246922289524
31179637997428109
80971147687863338
79494138121171438
80558324376098464
14196610511903112
14578633141060125
78535398275975805
5121495950127084
15093363478419639
16683528849987261
52374546334776295
2417775841696402
94742195103616767
62689553130772031
30167944664436006
25318186558080786
24478432933872638
65476056822137050
85956368598380894
48636437080467971
745347899542363
3192816387620029
67663397545965132
25246378807523127
13013284328951193
13090445385451056
19980650269322574
47735474176399927
81233591110623002
35840657156161662
41320257981787442
53683728689813487
4644395913099138
71023353012231215
70123570926075076
110504608146911
1642355267011627
84107847326327515
7091734407313745
90916852949444978
38453459118885947
108612281351997260
21916830952753452
18376319097123581
20527874291459305
74161617928626986
2479813055079620
104616846996057711
64514088676971854
12974088766612999
64377472645386862
18051005172122000
59769172068621950
94505263239863990
9011981723044615
53325820898885561
4722160053461647
37074091086764794
6833565765357320
26381231970562397
33973760917774405
64763495901011467
9823584601745873
40002389124508025
31641380965205019
36129314133708088
42559018236340235
23429401439989323
52078709244365955
32296003807538526
47213163623933457
92442403105015208
27047079607195676
17750974209759549
74357630179151963
2622593904170166
56105963394774981
58147287516828114
75151363929984839
8579081838698505
34578740114093065
14710442555763392
46311184973765071
9367807021088537
48477236933655924
7700055331968820
41061804570010859
82595473862251748
9083767788007118
36189567268236421
16970277470356677
25611262444462208
23981842191101309
4318116169720767
97291905516375488
47883931873280810
30688807929732330
2157211058084945
83119739940125318
16044159434645558
34221449862377574
19977177189428687
74738993248758404
27276439529367472
40228620843184156
1745078129935356
18645436422837513
85230311164423283
22897370805822415
30677462322241597
44393358606141707
54322834560352662
84720554710601035
32090029703187732
427296108702524
42682679956041380
64975791695969537
67653438788053473
34673984001318216
23159560245929235
50180643884488299
14831633049961662
26925302560319187
34834198137181420
42045362370850761
78578910575664571
21296699391850598
46940733288574898
29532976732548457
66752067690243077
41615660105238289
32421908169957041
1546250819431853
10690534566068970
63937545294538245
4203821995199967
29522100905266980
45541815524269379
52962187837296527
19950559660658854
81208806768035714
68956881592303035
35899951189249133
50282770173974996
18842118566102251
10357069112488859
13441715042578609
22790424337225465
44752615314257227
4421557209693533
1148024091899621
49717948928958066
2067791223602062
33867334632951353
32092566987236995
19652152443963888
4876518800005735
49879668018950202
12490522771421918
17723386185381484
32207953836349746
9509509958494377
7161362602397053
3229575141452641
26509923038716768
25846559641517417
21045990521349016
76840163348325539
59680550632288870
43339941102206911
49652795216296063
73421416739064738
81809482582977998
6700160061439481
32301976695458033
3669898314860821
10811023586293506
15421077680467294
9555241533559510
22424329894832246
27703878437926317
102768441241118197
28680662940423901
51047484106142603
83965246427384701
27338486551906141
13584246661221262
69640353629063814
62440132275569047
64314022092295926
7249441455551772
14633768120970433
37449172200821438
20498278127118632
62479681686447354
31797916540530775
40881787854452108
10620272223146174
41153825911126152
10306418971435266
44490147443551134
56908319988285228
28297195295881584
685069971280859
12791291587632042
7366034262699665
29584826438957733
47119456585559641
2266090680674777
25688415730250879
49069708551866712
28009747804732181
6249557561979607
12228261084527580
26631273733495553
95065484189340808
23926954856027608
51672229890752253
69154633096281230
15396730660413877
26374530871318073
27398497639658230
34621632942604725
62377222813335400
31277090400824915
76144207971612059
7005724713844166
7036749971208406
61115379086821001
49309613715292701
51483868513107593
7850769679266917
2174166265514674
68715381090050910
47066203785003532
12250328717858080
2712500797538291
26111772562514166
34819016638659563
44136386088459843
62714087756080903
74683343361726547
79728826464485969
2364185471277401
44448078065243721
12706914957781448
73833577066487738
26438947512570597
2298969250505847
32170952085938923
23252366308096735
18525297028040704
50114247171046524
31615516792377670
18736001949936190
45300715756220475
22837391318920067
33534722280484843
73226137826479535
66914079519612204
8872826974127958
4376225807524693
49383860936652027
45051331633014203
32664290026889252
103865529766756339
9360819432881268
11740269719623795
6452653726001584
26026860294445809
49365439753620918
8848759292295160
27545327414652134
7119908203440836
21243520675014568
46735075300621612
775283915144959
77913932751773092
17409837935833788
18704224701379990
34201418684351064
28252347485992012
41452097103886587
29698717300812796
340923838130844
37579597809717484
37414346739773851
2956249924879050
40164113041050564
57494687748640576
79146307464899080
8795877124627054
15615403654046156
7537779588430497
7349740783763304
35291156934451387
67990692016032153
2602594081716527
12258850558139667
26631691293361810
7033527745095129
19767632394531070
96565180544283515
83004751283614689
99110400004762828
18290379092533925
68331212788900348
2392481444934826
48830070971439577
79924517365732597
45625414355903053
89938230757367288
23676872900395771
29227122082187106
31484295114625505
92679465659094192
100427716609248414
29903807471864668
14268810458068056
70045278174116583
17510854068334429
28276281994857431
67296647748016174
16522554806935329
11193228871402249
37274598851050441
22662911486762423
23767479929697109
62011009003010065
56606410957796686
88394727664072938
96644499326958654
59134016322453259
57009778119012654
53743682586878098
52074652691377685
59960969577329161
54199421961236426
32857494338090315
12500870513253938
40442027578327271
78419884963046835
53622916721903857
4474394960935717
66746712904649959
55117817532326401
14401115774367347
44745414178753742
63881989582483600
6609306950558390
69263528813613149
14572057024442145
1009520724921321
41363213089853748
31634645469758621
3642762176018877
38695512050294095
43730586344904199
44978487538306520
29036462610467169
29051041728655857
34916852499910321
40851027923300971
47854764327841794
43162280719307396
9360814960211348
8684900790189009
17198803322022948
24841168180152443
906114446873942
79394940609163229
235782896927703
35793665990814808
32478192724267309
14679649345970984
3954523135705318
7086896334747101
12483397292961855
4301001077890486
25832008880176322
78613877550844204
11303830749135363
77540332630802538
25373903624083945
30283162914980603
52685709695354750
12582319921621343
41546077964930465
20095612225320517
5334500071446153
57626386506436451
37554179837877122
423330009372186
3834268660954503
87928145887548643
23515045575595913
49209684294213051
19649988402674848
7669298950880491
84272186202249262
5579781420638157
21570563772930423
56102764739701161
18485835240241229
47820432560398199
57820794545692883
76155554031533134
13503328657366481
3406241403876561
37268758988965778
9734492885638935
69077583639138621
14031273401848683
49745886655431050
62742264833793883
33650235753092714
58802288955992250
47606425076218199
28082213961142105
25682700294208807
73744839388363350
10284636767053251
10362869151189672
39919987334586000
33056725517404409
15991594383676037
66511467708036126
85359196397973682
39509672864136239
17250395399227401
53248521113777117
60703757203489051
97052456667022836
19451108023667684
21444458146723855
19044543400048920
97072559476123092
33674959968121699
14122054798337657
50434160405282875
10435900210658803
30650429646642494
9938162847539964
33442391388662265
33688649423242918
15800146375446953
72453271786789673
28823060800709648
38788605826782351
10047391413261851
38661317971130056
2715071913048249
64056588816117438
54465733804481115
110799055775530339
86312570215080043
10952391930164087
44259303868837162
3463001293229996
1220710237658576
25321646130077993
32514391290851039
30955836503682416
22142502171208786
31008061332558206
3932419546398487
27114991606613058
27590381307465501
68649660164396272
50589267975564864
48062895878502471
21575376582439617
51610356022041131
94030526061803322
86757420924501147
21869850852545841
36729567734872976
30184856237323355
27317361269160770
24481065558771992
29245059996808924
69611026909578442
12333632397145689
15812213268078301
575595082053586
98611211135179486
25628161197788965
14710074226084862
52858792820794846
39221236004473322
25208523619464082
33517393489472416
48320094162415482
36548029029981853
52865054990637687
8709552874337588
3814419566700910
52560349776441489
26199150252050229
34040724813004791
76264936317358065
17926457865761778
64999985609063223
75548737015835023
34659189299762047
422595522656960
22868381947963786
55961895745553928
46553371379397123
21191813322898038
40782240795585626
86192712231887185
24033712416838840
22872518592647713
38672957734577738
39243954073022786
58359388068520311
58863906432031985
37962953171922623
12041809040006943
906119519951855
9957355982460716
343199861091257
81467565909694822
39216881157301716
53658939085822080
24664458664480967
90926116283465088
42102387720167614
8930760731022441
59881172971333999
51099639834041844
102246465258265919
32189744434073837
3417355299708278
107585674497168128
40728637379113363
78464080878243148
22548049630688089
73544609667535079
51432724645081032
35760896001070186
60068256213095586
7943850372230614
1789381563175930
65081835597399080
25067633289731345
81834456749725624
49459639692507961
60723481636217992
23184212158927082
15698954167325990
15235733284125094
51455586059418415
74292711640900053
25068239376989497
22983266509991534
81911490671997656
33411818432596556
90911795843944946
69192676319414071
2718980985140665
12245628206037435
10161198695733118
37103290417912005
20534620398459449
26324475265969528
58429081969895651
66216449738477431
4891271592193995
55655490242665625
3441468352383593
51060089820741966
60694551124607357
23030407450425277
7792597088537529
18301002451382557
54840014585833980
77251843077739835
43553435522722218
33902372356711158
31514934683675506
43775687122635828
6796531064101313
4925517189986050
10318901997534662
38553256880373419
83291730739578582
39583088107304880
40889946710114327
1346958057337608
2000337381050087
696102275120995
22164302173019390
3512117014639624
21527238875999035
3979953995838593
8047751415626119
30060608149387801
19583511370055427
30896491725446930
2904363327694086
95129555115253642
44423794816975748
20718783669203094
19990124543138488
84626190546892987
29550273593407443
49473354106227939
17496365910096951
6078822600320452
8477438355500308
13172070513795937
79994716027019193
62827023822033161
10812462668374096
12495883240444472
38337892458837862
40396823413542373
32043692426574900
71861248231650121
30013336094428271
3913887464946720
13453539625926031
48808974315905443
22254402038790
32741318052126197
7315446447662253
53467344333537044
58131517308704046
1682173016805378
65386601038963388
2606104685078860
2174303597156577
55374547486503625
42437683537090115
28071551447175264
56213850334873150
32185166798754877
11600689736523145
2628391288952456
60536832534953127
26215050322586181
28050512658967575
15389935076345595
85777878255599892
13484201722061512
63805969027210643
34286732857004058
29241725231239326
26785499432424420
11306895871288408
22802779524446888
87747037252711328
18529535655485855
17087445134486782
34090213100113676
20210837431613349
55614834240294646
4783604978281592
38718346754476649
19077249842915318
65330037169550881
39842669316745721
78637629026620638
19180557563122556
23115077510776902
25871209267922354
37421533973115636
75360953485253059
19383817347046174
58797265860614747
16161413049167478
65702272175633714
26907240824051231
4929055644955235
32735006585914027
82520817397714224
10920300502545120
35238317553555557
2852224669245941
100873480580968822
65046357960286815
76866076669609987
50032616039710121
58523122810799295
23250017876508670
18295843961240587
14227874715060966
16844613221183118
87379454119448758
68093279174348730
70413479261075573
51599828942694761
4950758617006413
9892674329043095
29807438822340867
95844764900669346
63345065559175491
240029266349961
5420334374498435
6106026594970582
61569037244553808
20513723953590117
8133750354647158
36077101587150488
48138720778375901
83138490611319501
33301983543893733
54109489319243372
69611331683608391
3737892900213063
57766996993433517
83221023853269076
16601799558985942
747889947911331
82762494023799620
14380879552054806
65831315201106278
22830557415099054
12978008232585632
70580011138889014
25803026590642595
11223577517668373
16512438806225418
104946540253700793
13821793431889776
31187346306839821
85675149738937029
35181077731777563
6196158605369491
37117582400547976
88005010946737033
48081552925581288
26466187885714056
64817986808973724
36041589282712109
6893306017486615
74209680141961035
67798842436598092
4491562567656526
33752520503722176
31498772041157989
6161782858349264
60415717398557173
79213630448679400
47506597654389720
25037299457906089
25861241955271106
67221929444310168
54729098302444304
30763348961625424
41021149075548904
53902175407788703
51781302734362014
7843089141773709
21810173808067592
3177212903305248
22039127972483613
37762767006467245
80376865848738083
75882600363383460
54390445307687249
71994462935270854
2791066574447650
9722273274104742
20896615105520512
37021826625140545
55214421735531928
6651661791775110
31845047573638347
34662846301146896
64031788067375100
8951471550398559
71001224181114882
62930684793630580
54482343978274002
9271869931136934
9066772575937482
93227573444237474
32441901548658938
93883495335647724
3850285512795707
20241660571833777
21886648899064068
18983030045048571
23253571983266211
32445597655714867
11872589986377645
88173981915636697
29737392298282788
10130959272699860
16415758857809829
33585656162356742
60637512007311353
11265154871115472
18955410614422165
41317225677248554
31901973405750068
27361666378861035
41040213622511343
38921960740800381
866574550702188
81487320313935216
31532648010281583
33325613217830735
37516962211672516
8806135720693329
32865738353180037
71518038186127279
31551651921912999
44652801851183472
28325056318343722
48266144536951871
32329334313857753
30905081849905185
27626074347807780
71040140505403934
11804127739967826
48923601045713701
32039041762387536
22333407182532480
25212725114876111
18966922771211555
45528857216904692
13968264411423240
98054323505646475
31737252152161976
41202224579698301
10030609161611145
57642574793514792
14692791207151370
65125749883630900
63681601998347584
3963018597856919
49510093773859863
70604416144797611
15643428205709204
38764393366467158
53111208523723415
59080774379171821
16963084278312698
76610207885252267
4968642408368151
8839919150637235
8523331607510499
61634959508271559
12714495919627665
53429364822932437
22750137660834412
101504349089845388
29110976309156671
31642523648880918
7305859440586970
14303880234837307
29860558377155355
50323567743394221
26344066219153862
82487093224492310
74175563633425535
947884233526391
52052711498284026
35200307076766249
44939659251553801
68489234472529740
34746133577773087
15238161275961485
11109242707488057
3050470327680552
91353634492968634
7886646101436808
44212951824187067
26622441528726759
43852451742394877
97284678334971869
21566539318585343
39947923156377668
47272139723014454
31621535995117019
44364512801929789
94113235618169709
64984281617414113
7342521450432797
26277996034785023
15666609182918123
24291840324523550
15385462046314126
31226383265515883
47415164611151679
51926112012621292
41315683015704071
49172777931314626
6234834105190053
3257765297707599
44833388979535307
13184173968568831
35759808939398895
7964682486824165
3913307693556290
98791719107167942
13785298431175710
2611047638093906
10083245912279611
7429667336408796
29889041759170757
73499399571540056
23409976586677621
9696041489967538
4544514283021508
33429173284801879
26170529661362705
9559758132944326
24258380477167803
66287764396747230
89604653625777714
38586215929014337
22575056817421033
52218384886011400
19280917261666850
24887759554287494
38095968476165439
29374690755205429
89230099544050674
41902219093751497
51783133907334706
83062875594514837
36419778020410616
67710551516682909
48931638928868537
28803474144179482
8704831942730130
8717637965769767
21254180726513419
32500682593815131
27644549126997218
6518055293219008
56556416193496227
42393757825572136
98644906134364053
30292863851974126
8979151313568316
6161447666897757
23314196752576254
54976411644538017
4118139373844547
9301134589658775
34645747008033612
30414271835890794
71747482820178009
1724180337319328
9731864341439289
35231795902134743
43882609107999791
36645379552860894
42230702021656762
30561487813577290
52464937910822335
43149020716135696
20774499865400200
64952584115743533
10838766612220024
51904054590622956
35043225812428574
56159453888255974
48966653170925719
1764664498151555
46383727711021461
79986668326006738
41260794893408857
58693230194603071
14934297616868033
25029135369715208
15075076518601164
1397858035740976
62476624050487356
25681380447548916
43354553109277260
34918048962621930
10039352702943374
47649733660274796
34561915249980170
36330734807415075
18689719693753683
3255132924006251
63881616391273765
87523777806413564
10371820135247209
19084509420563505
21679781276455666
17313218659761956
23877645831658762
48343647009413326
13072716234194484
23267563290059956
18831465598722877
29203792410469704
45005502038133976
60576137115991919
58884001413967264
16800218341892767
24260972486736910
80471607080868740
20639373007639666
44630034214471553
2601228616350145
7657036907494244
43924988760137274
60028348059736037
50782762552497490
84999151627519614
36300030653648090
33079657036632964
8596501565207564
9071897752690088
8597748406774886
71521427563984479
80566596179359217
48850431142131534
21824358097344690
465051548796678
16500564609641128
14937978511910295
54912889534368045
4702485135414029
28770698432503785
12659127767384273
60198849719081228
60852214264129970
71947780852627883
6367484569329488
37039250975806599
4846329519849543
88385080017999352
46498921623708320
69353151650538157
42769978325081568
22621838885336897
7408073398487245
32442685719076365
49108419137866169
67336019771430814
36049943522273484
40097487429019120
2783488302236314
52333471910552058
47800638171892330
36728686939783449
33771284375646312
10718025004247677
45144353967746652
21152311717408402
24322517185646981
16675938609631043
4622251569763306
85034383735888413
25074535023330116
48416071504745144
12484555420350624
47156275834469247
74604351353608563
56459714838187306
50126151734903814
7745448714598273
24131583142408562
20692789092414763
77452755898488302
7890154409272777
27834615220718110
24751204711317000
44224687645670318
61363736159946921
16724520532369095
403129496664461
37849129176220559
4052475418524350
36270178534602402
59813423569474016
12734250756021409
97191013989114769
22781170335331900
18761124417221527
54928894979315194
646883015694118
13198364202592906
57715815450884114
42489092148148293
72106441815837978
13841689289532833
29706999010751617
53534522658743953
15057540837974927
12251164183748584
53163259836445920
32678817918773710
7620683018864119
43060387668216283
12008651365784052
9306366309950046
48968086687547649
49670722360227619
46929485704169272
98124660739983310
54746909842838834
63959229216493335
6402160456002523
41650301320965263
13204192379011713
32221929114596081
2542825304872142
12035873955769760
73921909322014057
20542494639111204
55801218377608865
22688280518723286
36084233584143884
2907456177839198
43745040737295848
936956105709579
34134956116292708
32545263111375618
13739767836230198
75097396317355969
8808373776249897
33511886974472120
49754673189638984
7907163999844301
52534019871435317
48852479251688562
16040370416956748
41097072437686553
31028726719013648
86357268872350799
1014085318865043
44403159488129753
30117207262629499
51508087683850171
34309439844130133
30527833069435593
45122866762985542
59705189472328397
2441154638233372
38414887147456747
73299387242691085
32677602125489585
16639722764060717
49946957541712101
20741701269933068
48713876669012033
102618190571414395
86374635938844558
48447950916413815
13137940465787492
14465758226771030
6255503797536869
35491616051826774
45007741470130937
16690507874929829
105250618404109199
100755823810009332
62916949542584409
12885583193725569
27685769717301887
82714925401147546
54692757357874893
22076859859253609
41491384246672978
68707376167395278
29917495193462375
32793320651113297
44269354813473878
8735505399913186
2591356262966052
106246659542366509
16604700115557902
24635626619453336
20808804253132202
29141218133927903
38582807764406927
66966429118977793
89187437420949724
2328615099147225
47851934297736994
23186244382824457
80860709424565597
29179046770048048
42998337968410958
3600137606237399
35783211375444137
65863517897847623
69809035849170649
21840396445164850
5856008204236818
54810392272070615
11361786215320534
15397335006128886
13956094059459669
35286277635012736
32458640358275848
45215366140662987
3680671572436338
10743617807012666
26051922956250400
59563930250067840
41072858416965473
11898815892764345
2601861298131789
16076419544050674
79502913450164112
22232037486391309
40946212338094384
10382523592534870
10196259660001000
68542630256939686
44934555622543100
53987349095393158
40095795543685795
41143152019164387
31392112143202049
20330569931277910
55328499840554961
43847171107530315
13984114721098311
30618549214905971
35710111464619951
43764660542057558
92288965546227919
22282697670247201
87663408728546516
19912024553427172
15698065141174264
1734871970586732
68629765991329727
37810690691422796
9041622478971504
11187393591159307
35032803537945964
26704729336966494
2449800075426297
77652501064740149
33736638362926594
47707718150110024
17054308249843839
96418666078300944
36865771844171673
34829195030548865
22602680725777837
26484028829710099
1160411204084424
41502006313935211
53286258351060544
2924353982174888
34063700436709567
35175998790284156
25537583755198301
100291848876625613
54847074368361493
12112345049277481
23493510966616192
50988320954768520
38537614765632358
36161049229709153
54026420801826218
46763396112114330
54038304533498061
47407671707673336
16664087991317002
25747160271130565
61035880497939930
78313696215070976
39475992098226584
22312349480961165
12812559347613697
2040578945401049
4036918833546183
66208173598395816
14309866394875130
49868988537815475
60036241654429242
39903442116655198
47133319199169064
51610818240094677
1051720609078697
36580727784057982
62266535420008286
54694382300525352
18327844474172872
27266029612328177
63679357377127442
54022572877262729
4993858618464854
53299361392194537
19429023064350963
7258272328304821
88675193006097611
70430563516012778
65120800405034706
3688586545036663
34042184561299720
53415072457609226
45819722299080613
54974860424254878
65837007783535254
26693844085273323
55944982282480269
21438157662681981
78658924012547598
77440741630742757
38656141015472510
54579689013815663
65156897566958689
32584168456465716
77134568558607838
107481026660229537
18987571813609822
74862018569336438
34427248328534452
79695932619008216
21092776422092830
17659153146987697
72124218874721010
45588726808516317
35448202418726526
34935099474871042
88622279346826152
54726396977113875
61800331300327126
55944151801912536
72484444281172073
53679714410541670
14150016922284856
52953480523723018
50962691044520676
68437821234996333
30467465635218311
12281397468701761
77140054050739901
30033678138344240
3482209739001258
5540151130499423
2492329080164724
50020784476444435
49512417462635729
67106643659864171
1312851390123448
60402148189871354
51397962830439069
56242541323119218
15655419577277547
18898450784323553
22422478901407152
51466016887025001
8937606051145502
12307878390441472
48655824981034323
8981980502987640
24546064564552785
34896944130862341
39060295794807887
38494890696823528
78064600612554286
24322974416821078
4784146967875405
25996385218308158
51431019888256463
23375744981049147
56727707995341275
37795843994863042
501481835195195
77984069341252847
15137219564960744
78188724412315336
15560233128793226
9504169924905894
76560545826060089
30414257032879054
7682160775604158
7176019163741401
15854753138062311
26335887731241255
84824018129584
16497911539818516
16308380374143598
66007009246284062
2107546176955682
87808451151382401
27745527591288924
53470596829590521
37369122384645461
8347451345511954
98531530840699771
3045322245508270
2743826645376995
56366498586809989
22925222098528333
57703513909278097
7881614965206322
36487259650863291
78054006866878970
63042808509709292
19794362915751445
1394778645166117
30063664099139856
65315401521692855
7099046379209407
74892581448004191
19631552324356034
13314189772484661
65319523328444360
57937451222462527
5985920659313521
45715226718853089
10935584270266184
8970563715067768
16914324676657171
12385298514670924
2359129432626680
42366133219109210
11374195298777630
5634773501717798
56928624696750618
4168930522063825
29248730415704361
64783592463485809
62180870529754833
33854765898639445
457893751698668
38175968973362779
12906563786539547
16676931825018831
7582906984263990
30997713263957125
61559422165460131
73755292650151389
56704075104735867
28460763976545612
13873107921939288
31446992169535104
5740347039179250
25536287646900979
22059199024140423
4058595839473205
16146827844123937
53838487328729703
2261882249330595
23952183264072234
2342355371392935
42381376601988183
55154180019435002
40137072844547713
24978168974086335
2682850744694938
29741079440673216
20440375902201058
37734538894102690
4920841712315034
69696666833010411
81989120497346505
58682676216472714
29758737782304544
71475802077416074
62416982512171895
36738036499526391
63834598645720500
25263340566698570
16638660997477314
53213513919034840
55694812687505824
34099091824747884
45508606355025786
32812359016280084
26188762451638461
12983049389767834
81752083755587665
8915418641131981
21448997557835656
3261234381728474
26447415567704867
29889151223964074
34032622308762764
18221583266199779
40168763775946185
31683796488794569
82937993159717671
540453016172830
8947658755798995
67395897686942616
90613821964899060
27865019182588980
15037423593570346
26155045111871788
49509673406452072
89119160031849091
8007090513650537
88200299228497583
64268402002406039
33451509583552720
28006186423133173
93487189973061934
29170587137962398
56736430033453331
7498719948746621
31880840015328407
57727029648931109
63651359625199072
54070429644502274
70677220282777993
557047974212230
6614932656604934
25127925725882972
57125580729401598
223169319975931
52810824755154648
556037013749427
67436807159393556
78312594581220057
53979164845066199
65837651443643150
44499809057457731
36156727185594427
51587463013927263
41261717407110624
3216294655324976
40569926959908753
59568526342956086
100562452404834983
36817243370374738
51961884807988071
101371918032293976
54901644321700140
90322008157725874
10518444701282546
106722093580240904
47354469114376239
55881203419251038
94269069323961835
25978085883024800
66016789271501612
67314224169476045
31228640883593712
550168966397272
513320123513289
311434727076797
65763821535165324
10516040632162440
58740742266864219
31664318037801434
18195891441029607
40608530977502637
23849630889231466
40882330117204069
3266922258204006
82503342305124673
20994973047423271
61562158208552243
746327865144547
5757755515646804
4816434487175369
87210301660809830
74762048232948773
16434753442340930
79262925822014053
16780328126464430
107422026752864219
36703032877940573
11056539450442196
2599095240091577
29689865315381797
11125101147750661
45599945323344582
4624480298350399
44676940891213217
5595486728768972
41053862891207617
79048995771256220
33945924152843140
94626023957842828
13554205840503309
24709743288980922
31530696464526640
64516029107391357
9316611973877575
35690592817191779
41536688042068461
25348518742250549
15700894499524665
16300415068701902
18646836066100840
48302542250451381
66517629929436421
43910963953280143
48453046838792604
64461907027391162
19376119215572759
40140437799397195
14241376071682861
38290053044362747
35673204027734666
61827565412207259
16325380524128994
58882894934620885
95118776624148347
3686326669864433
51053090623159074
30402698785090489
42233902512449263
14351920767666593
6489988198526540
92031751329510642
78153940817429396
95038600899690926
43525795053258637
36663954863563274
36474021251459307
81962017934275233
44010679376198141
20876276659496612
40177753591420132
2026685094404864
31269600477123693
22621430796946740
23862095050464549
4043116968284034
32940553167875757
38573211080661888
8699778448095325
40749056838951348
48567796895342329
33032796605716204
23577747799345136
65692983743572024
33456156203925122
78245651314861366
14264844197890818
11596107471245885
51127924409631591
50287796129982383
61733899495372427
44722467943271211
35957303992972350
1110202598942957
80994898709335296
20576749448724612
35326252521855436
29472805498046719
12689476561215539
2293263025142294
92422814678843899
48510415952829789
43703801753536834
55173873198170587
24954949114053525
400275222064900
51133369710523620
17841202176032463
44004197356442615
23800515129369911
47537740364607663
43439712083173163
65672454811092957
1227160998484017
35071722696207064
85883182738572839
1250222360169901
31961454722793784
31796772815086067
37244192468094345
70826280056367028
68459224125982877
97895929352091842
27503016281716648
8982023683146322
2605152981362448
4286201005860971
39848341240930380
39027920439592835
66501383392064339
41021709702691531
14046616672656837
62871548489378187
95919849318387624
29316741776032949
54580475728429565
1370934418467449
93697030273579889
54699939825612543
48818337485086674
7060039125317775
47428258172879656
25183283132091996
4343948596963656
3076627920323895
84039211898207770
8723528369234017
23605343882769982
2803198884065778
64641059535340734
90801048428910665
38620194869607516
2309826187820491
4862285084586260
8272636313962491
16837396098879402
4691482776573096
86265205484875561
12896114153317360
10215723859304379
33324313157951495
70764571181642693
43759208600431033
42305146043611302
3913905137843640
8868783762262524
54784695270026087
17479615688873064
13934795785299156
38787616169362435
12515930988493388
31439318291025872
43498421662606576
305590137362190
21711132304525142
81443080175446065
22677907491223898
49954153247687920
87718256234064749
16469997906527775
51901179462439209
77239667314580544
35976981848592219
6026727165968341
11171292656755509
19376386626739644
10260991957072047
71077130261095410
17315385707827460
10169674800029622
27398530600549651
12957768148830783
54679167742097977
35380229205985923
74556663290598343
14051625997301067
92704792191553579
60364444025839573
7381997137640486
41905149865353219
85838403085405624
53735739782206364
18236449646167328
64861244854721089
41786156906800125
39636286343560330
74360733097105639
22436754452828090
77471649596260973
70242337348179420
53363403897557653
49817033388116243
43267352331499690
55148093022459624
41381390603114496
74456292494307176
47374848120771167
29428213259134388
22556768323384905
72502082335007862
7589593653082267
50177180331170670
47787771516209660
85064916728421494
23530817781818739
98852349775070596
16788859713015676
79029678859388655
5722865622302137
79540386681478721
30442179567319720
38489256640512246
18573841600828956
12051186819268177
7704324512876222
916526240691553
10878913806140851
36036094190020800
22440560343270970
8848573110489760
34041070795347121
18135566485250238
52392218576957681
41301543419916014
31029954152164280
67316249597809045
10603134842793035
2526354494890128
16041199893045285
1296102607425207
32475331409017733
32962473104915687
48482599147279809
21879680279581957
37864919435232
12898184778626154
59729456895596534
12413191396202378
57429734111414646
11542226336066510
42393175523881422
89580357257671870
103889401086719530
3846248614232759
39421179818184123
55476893687226925
40190214403333729
17676707096839046
77976270767734653
18543223888770685
18397194280982449
45888637658395047
10189865600591400
71976766956218801
31101707106005380
21744478022053485
43756425422833411
37368584671907725
34726820303732234
6164353867352784
76328926374412840
36620216211613941
66070551139576201
1515093290829246
28929628844378014
47656071482932565
3059902085778408
56929603831599690
31451315303647869
71459250129739678
20897231889921861
68838416128421336
5226467467170957
26833774925851668
4482322846014569
42074333380136502
5630860167038856
65860263247963079
33657723867136718
10762608090498557
74189336579661259
52521435240835307
30733108884645521
57012998883388043
43243106450008655
100288206942975210
89441052095792747
37264506219608120
20721372604230197
94028930631223943
19296999683868751
1760272588235198
33020296146619654
1509509796440370
43247304922374731
37784015071590452
66413453991353291
21087425007372008
16712612105761906
84045820298198019
68751815919643366
7318236062003471
53445329676882310
23783361855398730
5990538119000538
24556606870974294
91106769869510986
45394338599169995
5862959336075081
12044664020716619
55930302054227100
5626223321688045
38706397660699835
65914367937216511
14577747849460354
77350338961162421
85612746325855526
7961752331923900
33375868385284730
63928371352963484
88202102089260308
5696879632752289
8079890046378313
4541659325349883
76739603908741158
99588038610329897
65558647965289529
32272612324405243
43405990091640943
14262116112008765
56665709002573988
61263850791075564
83301649035295137
59183255717665292
95052937808823127
24470333575128447
17483436666406517
80956157469686962
39622183253105816
28113373416888287
48607662774911498
73267649095916670
55501336922752622
4263009494380814
61732378176921103
46946740606248130
19909086290498430
50509213586297532
85469792841775983
50760718851454307
15004096934952271
8373156557692259
87885161544861425
34646377875704759
58061420233495217
96547962757319337
27744505423707039
73320360874860441
17147675643249762
23901497631073497
97550192068523920
95050128999457477
6086512497271201
15885387298476281
17027620276285731
8650110104183636
8427754895006477
5748139453922299
52445607198973736
3408042938228913
71827608577467246
1543077080277430
24037452736875700
37907360597921168
856893875501833
73529872185314650
22068489084879651
62412659858880034
1307659060326722
11467672483591410
38227076228625827
5573074612578447
26926139953348017
5841434731405277
58978749101488170
3665379884005368
35037359492526745
9423025302091420
36450061780635115
75230532780134490
58152077177777130
3144587527696816
48643655873566600
72153279775861814
78591273103559784
43333736345637872
1241346836131735
70730817866459789
14154889922224316
66013104545340124
16146655129984391
30305539540613454
15674002283807448
59185746577085174
18012887974810454
37673748415949202
9248282321474642
6577611746088903
25380096226702959
18111768711340737
14551746932623971
36385828990645392
61382840997397558
324293411860301
83408850701483800
53961436557110400
10419399938851228
2186452553446146
68426610180042744
81777543260065994
42353687567190156
11546171119548878
68670862066771111
50452826702954638
1906654089470873
56491481867798954
61366404009450548
21523128085554037
53365731675505587
72450717831644154
10960812102554395
65389639317675217
13762077999817410
62090758147785851
78255620067192469
53534597818681626
55744116075487997
15696191497717505
56100192412804040
31553865785245692
48873222657372864
16390471303780329
25027399829286421
77816788109566792
34042216590096468
42955553595369437
27179411856275995
53864345270174709
22147804635575408
8343710602228138
16693458526149633
36355977644947021
28688483030712834
84020699977231262
104179940175589711
46814221574111799
13088689386386005
11922748141625919
10115513077302903
51381853575173030
24322079701467091
36633612477347583
51449699584279155
20372437926030027
47028822020480981
61465759992380964
93779313730439132
8042402958681552
89966459888092271
7156961354922239
48961634045997936
19874850818744260
16371744925851629
15097775385433947
35577030101256425
66876576576812268
3214956797947422
34898938740585459
66147759764879800
16090735922974052
3043366378199554
25849038651684259
41700440767623513
80050964063439716
36196351196557424
17704350985411446
43332213416189860
8111514297088250
85176278389622928
12290999512214952
65359846710313334
24522325515077763
5379803136007288
3016605925472148
55490167549486881
23906376592412951
47488605318320485
9440303483103254
74906535395367059
19095473222466516
80392861979214040
40024676355111014
71942946849820545
68639455552814522
11160759987324157
65039520793757747
45652607263712978
41649000012802417
26857290857526339
32757465731580433
45222108363685054
17698852973297607
76482434226392157
21023095405777295
13178789385295925
457849269381226
73765516616979078
35662031999775813
13382254757908566
26588363763828472
51833881100968109
17533419770243575
33469656084531941
39824563957694951
20451150104862620
38090505174289755
23265845625517438
1340422781686506
71027187835249206
884137821089690
13941957053569244
41754162742377527
45310373102496913
19974232815584974
2299388906444503
1946131929331430
6380850692227911
16557944781625479
7813591064453391
33147630744893127
29061028584265657
29731219692303514
97326676287005681
56728434554868521
51075008007343031
68452684426148317
24358429940825861
33698913255447624
12981321411192282
42204694177249733
11481739443813751
9050470223503864
3743371410791860
10579891280884888
38617288919354656
12299065775360920
8590241961838216
2838106340249444
23504970895976396
53641206219355012
17559443565048481
53529523926411865
38402310963040785
17568797210758662
37088066043661041
63501170319595228
27085628889007416
38878209422679482
26706486344608317
5571714806993394
26186255492430182
14366370041502189
70082173372207387
23721180542742664
83724992869781575
33991057681646175
28652633809145489
80320556645920412
391144488385755
98352221918169321
12332113423238394
91055282813532669
94484018474026191
28063251679850722
42804428333466805
8517635612700060
14322407848145596
21529070040944538
98699674824279626
8810947997319640
17535788763573931
50741228762890079
19069991281755442
95443124097573912
51724038312805050
5454228776916278
14583449526677385
1979421923062084
11736799620955873
19528064766212697
9354583695407699
23737250821809379
18873146769610441
625559590680661
93108967859793229
20208797686868114
59037072978565341
8054545613443109
79138320468841441
86961500791551690
46364941249234519
55050270152337892
18175783446074879
37977892261226945
10180982204922535
67965958423444567
83360392975053571
28779882650740577
11994568770893323
5271186943839610
73028496569581580
27258508894836901
85413414248038462
45667940194037137
13283506576459416
42640568435197898
75916093824419236
36893603126447882
21127439882167483
23507928544778190
29562825521748933
38920223189143523
77574666737484673
64463391109458321
374794011178027
72785216722267965
5824500186428824
71841892291259024
22024137586594968
49617514061859732
67440564769466901
35106752437592002
11026181942095416
20347006031922814
36562399292025356
70138422081267207
86084750131304185
11639652492671052
39893701553079471
3593330110945298
20010306152556523
43727819600052175
6553887931479885
77125209925948092
90878208747798408
9493302566262103
9259991042534512
45736089625646600
97564871387999219
3725128029838284
26687098526733998
12831652762431069
19137606330565344
2497001268345200
77122848825033759
2989042068111175
18726687258665724
7968874152400800
33090859285166229
44212853484194161
31771444870615849
40592892740312473
24944422810878442
23878071636941862
46543990624606904
32261596475169953
32144807218675484
44686811201808345
3004485526332538
36524821473691352
32320641240787904
20976881324466695
81472915542432518
48569316014812150
5342912000423959
67648374341803145
38860928365906816
7170369645378479
44657396812691721
21429565039980965
83468134603393586
19324589051586412
35166851015740316
5624713630823329
4382608436296000
30286182511050942
16995763010453509
37413638839951162
22562663661659578
26867545916701113
65610356928763296
67121433450323610
34520137710274519
31819656078494103
30014968195874857
43223103279342400
72423895073974015
10671739953000216
71231214152721444
24694539834399230
24137693794360622
15978090725581327
2151237881730086
6662622254141942
55287125270590878
18247454853115060
32716868198799870
47638068067454196
73876268310447402
32815377556598089
59624365669756955
32705219250893733
32248773175606387
30663414688675567
19970637697444642
75323704978957765
56925302767483181
19648635129473299
25772103171198959
42877453759376296
37999178637676301
44413503076637862
95246440477830618
9267855781766884
533515252448525
8726318528438870
33429845014437382
15772351973366083
32182990298303236
58629987018399815
15354183202856816
44996026010976170
7325249444998274
39685039827829210
88120796179452487
24336795420803675
43036265128402562
2758863349959693
83463159710188308
10667259463394862
33124768046574415
38887420941046459
14731698638017410
28552330902797128
871286178876617
54185830682301429
46799124189211806
47347716602248973
3754099801324008
4690791758312603
23246325508621396
74244382594140118
57927800906349927
3637624847159249
26170242130195308
7032740301097404
30080412942244265
44451297172657089
9879928264593490
23496291215964020
7848099699753101
41923424358853679
10138204294426884
61702815925636829
88668173072077683
24877497496539912
23110597069122859
19868962074776584
80725129932285305
44508798240015812
37976076696936246
43880169120430844
15569056248985112
57942290455433995
43930223607941127
25798331410997720
42616756640546523
77223064033041581
10937200686356825
317847423191185
3637602069720641
73966029864688275
8104374809024942
33846442485107630
99951467202115281
3717075206978475
48862180583917040
45174567658145940
10869085638011993
11108134365537855
29598633968002973
16363270050337324
25653515366562498
8554571007817866
9166037029237850
24312654725321835
15459447933638248
34987833171525264
96551333387948661
38983711337624226
2883184667491952
70491603020111890
10313231602532569
48839771905502122
74692570881375630
6280392903755930
31447484020936432
11463053252808390
5325503533903415
53772423802263595
47177871997631459
54898124836974333
40174041266666382
62917338346553671
60386084624141832
17716043748682887
18300852880217253
9952463123933156
1229382237582279
38564067009158707
26278610311998745
67844342900858545
28804122857405342
29808208044973547
82715451425416606
32911581774432847
41775640069345227
30128532563853
28353645370173546
101058127831027707
55375566248562774
16517464412782072
80227046815640856
22366716731286036
16879228827264079
39183736768466413
28299797982183602
9115004201144870
20755514612777785
43165061100018936
19733446198665795
16301808220284334
63958612360105218
21784179850595722
2252985965968802
7341597652107067
70464385921634550
18791083068978805
62252436863724954
7269892547480862
54757333431969084
48266697498840781
8705615148350457
80879606012424920
10587157453500316
47194879483547475
9057684011322613
34525729620754673
19731350365608022
61785673986675524
39824576824634058
42885551150578434
31613787881553078
21035358056431831
48800518462165270
31042787302819075
55000418901688263
33345797426394925
86647807755967739
28729499325766168
7660419822327138
42020652637945488
37689995882755086
38788332990834311
10851091461175856
47495025345499002
40273888593558868
37902629013292623
14021615539260312
3757944446999662
17019998203874004
45440439053260533
12660016583097556
75697513675822057
20522352069963858
31546723991988205
32756492304436794
56347262857047869
68814986083700876
21060378184696025
53795495148622708
41428915017962260
45003594543555522
42814490255124292
81724965517525370
27479990166731660
10123639192557298
12025137431762933
42028860662695685
49629410138135434
37433239761819349
15984956954849216
25136648350107854
24683310013754749
55870383539556353
24029933633220972
34748705269827030
890547765183181
9111635666163949
26303765343212705
74772205741271390
52774214495271996
70022057774616404
91835608350646418
27812330769409333
66536517239338965
33994604328291597
4390869582107638
30681305587994932
44810980703686361
2751391347002750
95398378115838504
22856424158612037
37933644952194177
44083870229949803
15806710909429360
9873008901735760
50666342705976011
54281647563824974
21328606028304541
83913316060061503
18800803755479066
12724984711221157
39719817872434417
68953770014157173
13752970970577159
8070813270458085
54564993544659494
62717629941152329
54890080572819688
28547489549031862
47847458353440987
6710268817419698
19682483337999314
2489703614156163
73194479236476486
38349314312949222
34645569499148002
19870747159278164
6119225190725021
58640431153539637
4577973173119395
13837532029631781
61361259200042476
19855882891003616
38138703153114163
30857471227489325
78766226065859125
38578987704933056
65552929972062753
65559472974409014
26268338201993983
13327151801584007
24527470569375347
92098414184595078
22635073834319872
55675827900030520
46750661549925575
28842513936965791
32532503757348583
34525157012567525
26014494800565883
78700803494296191
15692801516007290
48051859535695538
32670914933236836
2586077660237529
1525483636680264
23333385251731549
104266024962462801
38641804892671232
11961815627477398
84669221519150372
17784599533457465
17066354265985718
12442513212054596
92442710364420878
9247422009493871
35665967974588505
38476510655767916
52091058242345705
28012038116086906
6433234597693614
3082386903125552
21712532515912134
9781130547466904
68208838967564435
35655307148411341
37744253126783338
54079576139741996
67893383571639026
28529738800568600
64550172856204349
21027640824991987
52828288908448303
36265227205932488
37516239609444651
24192699173801891
15478331690620518
40976677145903016
20306842774572125
6256889565353765
94867579457149091
18808115276178125
49279758459361165
42561632858262357
21284948132652115
73393272690786224
8372337480200239
33923868985559109
38215772702334967
76826952029370868
46841432009567066
1085053643026872
19126635271789429
54114896431639975
10179400806975562
1869390152485598
49667217080990861
25903845743897895
83971641013813082
20944771551175064
15317304277077633
10872194252299248
6852991660515319
40925351316302595
59646733011007055
15834351583853043
6769316064524373
12221208402782830
98298117743205186
23096250600039193
25498401469888505
28547440774510937
3963796934227186
8910298803662981
41135893659624850
58268661325019516
67008119729350659
36070672107790092
15318422004598119
89132648860131714
40118894973027929
18399035191027642
71380194560910515
50552145366379469
18504268644516270
24345732437999900
9666245355616495
37927577896421250
35306594465931
22058277985665057
16968988802127894
83321429758729321
50798960148208699
40337941337000937
47926857751008596
56241344544317747
4603027691592218
5567783967575222
75627835272398593
7565853323126411
78818149474724369
53827315658838982
5251372524386765
92783069641956378
26800419460288357
73175699113622142
2780812860274273
30967770706578464
38382601853028101
11806622513505212
39407164780265266
11948890521395249
16894362638969934
2478336073875267
10426041074834168
102426627893595398
1452264906475646
68954730935413645
40620058885184068
12900332106428257
22691129585241473
44036344496081107
37269923671188503
72355984307359946
55455040688044658
31845567640054682
60943359975770803
39732857496251073
64637564735537515
27837936929188193
32265893102558266
25640582401355060
44712609686230719
46884470387898720
15565511728440612
25591919300689164
33689105106522189
33228773471164488
92189608073185747
59969244421212788
30864311483558646
9542240444664242
24282007568951259
8101120027297660
18446052025081921
34213644645881272
91110043529258605
74272398549045745
14766534282563913
124468519662284
94794002516375209
28000716527932200
912413738633463
47122168595652690
19535802857543500
74977788841808071
57007496307263857
4582629437343700
32484441942875737
8154828510785825
15111017990755224
45837039789021159
9625881919604979
43522054546023078
38324209121574157
47459776337164232
33308926991575506
58669411001954942
44190195928635852
69713686006958832
3136897349514400
61448896831322143
72861793746316110
28538623620062880
13286371150322477
529887904034400
55735281645269153
12440334760321398
52327727691107580
389685805817938
15294988393672799
24805551903837317
35734234554025761
60008530300234846
40327555279382245
65384500636546555
52444188357444554
15605688321232161
45821503419144285
27284273411315273
13815717100144142
43797124962984429
22635453501759643
20327819642193649
65265716848634604
64111595368091264
51528961847843253
14396174551130858
96291515922139199
7856238519124379
53121881212097850
43109824455662061
38390427863991363
17426867297735908
98721336886851833
84055358435358481
86570792720356864
34158308806691968
41943063782037538
21424280215973170
84043410418121637
10204036473981318
3079625708887357
25670752792561937
49006474536594836
44920371441793083
1230364954930277
25840319481702117
67655958945572291
44612403098103678
25528495977277221
19521456055239009
3764694235855094
42856102520663717
43942921667389347
31720059458736540
46298675889152394
21085211661234695
39617076916177112
23953915193125568
69197309775945570
16097489023940217
18978983792027811
29620291642760328
18129215282680857
22510031885710250
30216185540461115
12727601494321959
56680607866685340
77911307292274100
14489965209315727
49853065068994449
12537595803453624
57373200127613955
98828587420929873
92619105469205338
8346271198375618
88834290259873479
22799902176879629
29186762633825216
57639269312760236
41416012404461114
35080465918437333
46420700165105046
50467520464903609
12411241697904101
21725851112585485
69535757519720881
15461714959111887
12980900184419271
51333677530880766
98019795805705038
16303430785298181
55187256572875563
36602190811665776
40174137690315319
19970022746017628
50475415651287581
68066946329674404
25202142768191622
3227429397479501
9456493557165906
32381526811442413
34548534980261611
9641645736366622
9737240956522397
76726094025951136
20560568982329406
56441371880097572
27922362045635505
15365764262531145
22875930958632102
95078860227876592
15778583585698486
79408990169196223
1259091079096699
50395564372706851
80256784393613927
57148006996052216
81943291532852436
28069098299380586
60118079765976422
83074962885396039
59575900571161192
102599375206508147
45791018199663389
1231141440325518
1877565238376197
36979237139070170
11262854409487454
75313181156003355
43975242593359537
94860433478812652
39181825064530996
75223431217502352
67914020954527790
18923085620609337
73763010000370357
63455399682771087
73361416419695693
8493719246297768
18560957078270349
393997356304033
76372693244129543
46796155589217291
10858763340201447
11868842512021973
21115038445079002
51585508566860856
41284312760984474
81732826042819504
2710130956621216
26391958725250284
77171182032233532
77629202183498051
10675361791846274
89072713551468252
4481246759807120
78523644006459277
18397995161609491
47998259136664192
35296753927228869
18620562122295505
3529994248177357
29715124562062705
38022470131996103
62087826148357351
34870010578006821
62150172512225059
28546972187895398
5102475583249022
46225498249402602
40419351103723357
92534176075733818
14791060297322023
99144143547108731
22859919819591906
23697405181101908
45928471662193124
3197184938555080
43653531026851295
52407779119063092
28041072367733063
56747533061262139
7068727551774703
63257497159487238
5903709664886404
63107055520537801
75607100491184813
54615638504813189
6118478828511485
48818795971832346
71985010781519035
12226099486713888
18787777672052907
20629413075118325
48958416711058138
56833968652243634
6330577477727630
51602945322245191
11821958845527433
57207776304075219
8136741264485948
90570075296036969
36393501636639042
17091052274863735
60499059967885445
66716060469683119
18932334486270995
78955049874885138
31867428545685520
56462303750188479
24426389430053656
43285581629102803
17364458905953132
7296027867659727
16874154432246254
23492765257320712
72844536662478786
81089148880688188
34018379458486159
16296548220805044
48226054823511872
55645013595212443
37711344796152926
69221605158873467
61416498747601836
70806709691359987
45606410928985449
49386062945494047
36161731832851876
59584636373282063
35950283315444700
37156783681339496
33735987757275163
10192653185029948
46137412217675922
275788882413122
1783144199460568
29048416297158404
48047327871955107
82589745948913140
71675471572583881
41561360509970531
21496941047319070
1024722943900455
63159655693876477
52328944767438872
12021769052009049
61497142055872259
2248103253954948
81643891095433359
25622714953708928
29487699154443487
65147577159630726
2237870080368692
38045079610768376
82349165916956605
5311350304900036
29360352020528296
5824421955925803
9461181421509065
31223652482925450
77379643818355678
98157184395720576
57779623416920519
43723983283883795
3699153064526341
14985617278433503
38833182501114685
38361681941421956
29567654372920742
23421187591223781
34687722938952925
2025228546142645
24326107084723200
79579995045815546
77544143763820622
40894498300509699
38759400616878089
27652982101586380
62630326894418166
31423495123238669
49856489050403080
1170041383697132
22062490381586280
17942377032831609
58971158650833251
53055289960491444
8790789602542167
63231115483461290
84099370048666414
2612472403413308
16114303597062957
49196722997569344
4456418098959639
77354557819348088
1134155972045425
14819536704806506
23414918346402641
47819467919227371
94973161707139411
31074933795263157
88882840599373295
68464098007663258
23284181097193865
4519805959207412
98519900666655107
23339344599415153
13226037188238901
3389109841765785
21320714878108958
50664345253000813
93707063641727607
93400533644628734
44657244774063504
28509113907237358
18941833045405659
45109792393467930
28202000989118080
32447003188540777
2669595985231988
54705609772565088
29749356773419729
19581207356795276
48006206719685243
3332493825090383
20200181306622200
24744044981554651
54331879762697916
21037877090586089
42785062901021425
32763772084422136
32859049945820850
28902278448335413
842070350384183
20721418691725029
5104928530787801
13720699355281185
38495814874154366
72489528360399103
79878597194189603
36082740105933158
27230031033901060
32228813998707228
32171340002207497
42344692898296839
75844279652065524
15387923351029098
4529511727319570
35677063152369039
41766216011931708
6244534763964818
65546409025614613
13700485241682390
20265991320811269
59878734533447351
11293714288034339
63398842845988071
63508799393660465
1479954190840807
48148813466393719
11834665785026548
40756849886040950
25244648072236549
51995871108602979
44617627001408478
93748214259384528
5054514110439419
32739446210537645
36067906474417419
52276647811678189
82661833882707589
9974420723072951
6750572066425005
52823304494421168
28157705042039553
36598491463301321
55838194557307903
47579621450300055
31339757229540966
11896333964835497
1563457065615263
44894705849324952
69204752684297276
58257797529884128
5751126326546900
8379761925378478
54312365054448601
28590920687169191
50378939822210731
85841780085800611
10203673484255271
10127899741631605
7677862003020872
77020510652511892
10264863956402647
514824085644778
21189017859526516
22211552521422351
19955334632194933
20752867592593574
78334027643205578
12528606030502978
53202599466623064
17122970846348764
15684941188746619
34527628787887097
17561987923025670
3814571481631096
96632955039708646
20544174023207313
2070360226229919
32764510833386968
74235624527079630
44619910345459671
12761207020595556
17983157498086703
3634410907140846
33621015885345379
5707725084925916
52173486624593858
78640893057904511
5696122984740173
47355528813259301
12520942471179515
50702233477542092
70843894871158294
13555623131619229
80511039517133116
40512275284767144
11038839260838103
43012004094770693
21365053557701694
776082787843790
2961008772366704
69271673660404215
3048608786814930
51833490774583746
36330192676650572
352814976306618
61619308246890126
57341621314548831
6709185654803556
2377169056016046
8141736684096866
22236287671088409
13930160574897604
86156775331439969
28170542036539660
6031857174432191
87759772815483778
3004645971634377
42391346741206639
21871265998752681
53314882649525661
23241396041869070
91570905371288022
87025708142011282
15249414727059075
52935842125313291
4240999639046924
71474632228342388
36996317441799841
345717980705334
67016306712614469
41420978628474030
87900860315837065
2884018353319512
51092634246487725
36084955651411300
35036445008145891
19799681108068346
24305882573580952
61837935339889485
55424652779172180
83440140046706213
6908987644122512
92998064668873689
58567888505709584
2117775452207950
77240202772037500
34146738788978820
68334919505135815
32490460788256566
59000154204014105
36392983449964535
96736073764449332
63468501572080165
2525201882424695
23729490623278273
51487966415558719
20332188971176828
77538181384321096
4354824524195491
1772803345566020
7621586280690970
37192765237015546
53578901140583395
49439287390914420
7816656513404512
75432807441920089
78125999679264978
17518186060015819
72632917399550330
33405669067664471
74747861730218430
37341504903158653
77805537924940913
83082664082742284
12255734855963312
26509255704659101
50305458194392813
54010011563735729
85655511167532145
25925091877122035
417502354846508
47853465929157052
7700614434614124
13971288169915474
9174198276634165
38038039414958583
11539920676955060
31147507953549728
29493478110573532
5574142841529699
23880857161038927
410365811585431
13094463172181540
77642758417333474
21601994615540798
5384464037913840
46807168512590324
36727669708917026
10025252387156167
4612030847598547
9209629681083195
104919862533497701
34214421156820381
8213301346752036
41683503460271296
90178574851638426
70423965584074295
13218708835512604
36349273828954398
9697846183600118
34551706478150323
7047952382761490
16127540903352736
26578471365477796
92473325040209598
18243117661939155
15573256188472476
93008503791234398
22360882712806961
5133935075957610
51027813375400486
8440156642688689
4378400117035638
21412833911173832
10942663700041809
4983853187205794
24993371090093176
64625834508219336
32413485508390443
43086963694023889
36488731303579569
28565559318833821
49704379580744831
99182497716181732
38965367143927451
95207235603074253
4804879302077572
40834971282765335
11498861127177040
79123225917007788
1103650504382588
63741498134674017
8404731973582163
77261161376741120
106461442678737076
93141104748225868
53289969639468066
24387399785142189
77020777914129206
32139501153103933
46250501583698236
12674693233050774
79497803311026621
56484981073750755
50907730152812797
11510008595664306
93003966382545443
76011333553652036
78927546193335177
33857220842581881
4905178954900119
10571141176267973
33922857860212037
27111131668721706
13920978678220798
25579417895952371
52115785717971749
31679919453078713
54643875830828502
98955170759387900
33613692363756468
3643810034917803
45723249403521466
77257884043817403
80210187989681301
13068356956913538
3984215887202375
49708680780803321
54245922884353604
72981921839827562
9467862967584823
43637566625770408
33092663784944452
36219446003310312
15285128202227922
5189903923936972
15394495835106007
15991871653188937
19317381507436293
19344070727196744
69060326799061890
28682451147275617
27930310480491926
8287105450445881
4675579921863684
19843830592656469
9543798514182181
16364776599941583
42933006919608080
1542381982341281
19858960219162191
3099909649589171
2524464803697071
69205007545350862
7982786250046200
26815834174734018
18117113587658441
14983083277830900
75757101356880670
23415961115406458
2370305288122409
33944467646257278
44214087440163567
44330432114549974
15118345934088998
29966823340182407
16947781174720258
88706167282417918
57302023675479474
33132726603307362
16543680780983433
33388757063392017
16287805136773948
36741458057149421
29629863803824405
31665608235408761
34537630680705850
25500014424601475
47116392142813839
28219825840774493
83998162059923826
40096767921952358
69507396922412834
43807059750193497
39359988094882176
25186989208577971
48295260970285321
8654913632827875
76199336056741171
52685012585766152
83300500447890672
16143785495551143
49544883166004405
4318357287458608
46217656472314886
60767146722999551
16412420967028486
76745622370504291
83549038547954309
90115284001287585
27436580439986299
14862905055580463
16189578603259619
36349651699341554
105818316468778065
23797896892588290
4314436177105870
86944863828380619
33263892070577667
15011514688603768
50412937731873365
32280830508615939
50078116904953660
34560366925853599
4011610487456649
71870026449338232
36432951979962836
8311380657283506
90674706703347087
58969521713838788
46617572554566344
9506617629660211
1792292821414027
25385216293698582
71051569867336567
83828338599382009
29308701865731681
93477641198423736
60073622356664872
11889736610220950
40630562665397646
28463984536252496
2926377638365801
2093733462083971
89052065236397851
3957988398996389
5117357436628358
14744958700197388
43573134716917967
80492623866402049
49719915004684107
31230946473305133
43693520716839748
19253129101046201
5590936010517160
76259622927150438
64556446473316574
53183872563077200
69038526381488710
282312264610446
28892068379561209
50068266182239495
39023686908882913
83568419408851058
6406869197104537
49590189101623802
20505534919340298
16759315015531905
20629797664059632
37320370238339109
48351852416272928
5383690548993272
55221716910925867
53462059600428756
34826186781830804
86069422185172153
3598782514495894
54286637280446239
21716068858137483
39211820834448573
8046962955819315
39513761370928471
66391818636791790
54398216722761240
6909396661247394
25268792708623768
18627221206363903
853929622398044
16286761248626122
2702079027868057
342109980018883
74782694636454216
7755428328894092
7735770371016177
12425656432963511
23982670914416283
82890504181865876
21949585261378884
67523429748194472
27953060019307604
58005115378790515
43719985536263798
36385033689573019
65392906719843621
99722818967719719
33726781297131123
44319715317670632
1638082702618383
22309009787836822
24214820282458962
40427042310605008
10698397158837325
84846533813290900
21454795309811380
46663374479245348
1845748567332389
7524113371369353
62014125311619620
22338319057571408
21457836077703239
91826023188157995
8961745689173804
36726453844004193
45893977048675173
28652003683938265
73913718331244538
17873226562615151
19285210574423256
45089689713612991
38189919766258489
18795711952767925
43868496795183360
28517954895161848
64036672032753239
23662326851900684
19864377926709389
2597791033385572
47597416858751127
13656419385565058
73253356671506627
1076943658558808
3320039187968084
4352662397616891
59880707842899761
23594450032951585
71356362355876830
11330501290408765
30415992534002661
29267880400417164
3119041843575434
68019207185300321
2173387445919321
1115085486584275
1599815563864133
63758400286120151
30220382828719454
41988914857981405
9324080643349112
49603420363084588
50524372720430197
36966368281303257
3723482888068387
85524136622691393
63814734675378822
43926938185415716
59880306007081865
54711223339947486
34727669941585658
8166077726356876
26075297585587149
82686181672720094
16928103760381368
44856975830961064
36580230442212563
45777517077652513
17674383544043980
66837406133150197
681241282973143
39844090018650538
103903471261493998
14924085151982786
8479825149794075
92285811097670885
43463936797440826
2353456530553302
1854598800006368
6989982966031432
59588554901983015
6136702605014058
11479885517714172
84889447688715758
11066428480693967
34446126399495151
5098451011472213
3796263236329449
66653047601258187
11547737644418465
19986135498812942
61423485222608735
34437650761961165
54931535273917171
82115820018058357
21978696854206873
58172711180307056
21922678984897457
7172984766854018
26941542155358052
45259092204317393
1868804826458017
14740303882096478
11279815169515154
15530349484393160
17248619010242492
23945845638653190
22023790708699861
24791779429056999
26402782491015847
12769751439571372
10261415911804754
10728268769618506
38202740634471239
62720648437297510
45877106561240946
31113243301800182
3531460631302571
98116947143726414
18070765241174459
70956918844798616
99349136376380550
64718686040756249
61641512025282899
15660397948407219
42905441457761839
9158798251886605
139119814548718
43434465923512222
11414157620135994
18005948951162642
21017411724748003
19259747890068286
33425227110975784
44032770377592170
8147777318659239
57674817899252370
27144506498106195
56938874840978971
65779747257211877
30684231843527067
67417472240379748
31160885336786484
4258105858067052
39221167678768356
4362429722177231
81165359680426478
45042104094802377
49325177914098727
71641927394506579
12883818519549788
71841967935744432
47214417669684175
43216813835683585
31230141036399886
31367054227864818
39758194972252573
63541378727123127
9202663481264142
46788886756051050
24809072491710786
1448724352754996
47913514633150653
68519368165281064
53501143842307413
49737607413286786
70796852732719709
41017591508446063
89790815329776035
7229754537965816
64720739123908386
65570845531340101
24230785893601407
23493379766603492
19866241449553512
82164138506464123
41758194654681683
68203210758426193
53876637764953704
29399545700845348
42950766995324714
20623850000924100
72811831474062626
17256933632106563
2245125079499024
45033120374081407
32249732336396163
78197259870553281
68159169254166649
31458474354950930
42795064565771040
8042038572801090
8148206987363588
20210271398796602
31687318955568145
32580367851304956
58043371227623477
676424761212443
24059141682304657
21999702602670128
14487068813310330
56085598207973612
13422662873888979
763651748067080
1434299489519216
9140881916122055
53628544191813741
42947729235868191
25870662683318873
10768107767339906
81460557958329559
47398204584341082
55485869669821100
9024497991880430
91452001753127186
67574288615890018
58292546586163089
9482496650532675
54219869229411273
71439389031337252
24232216616916866
71163474815687594
66454850041901527
36520753498466972
32162988302636625
33212753363438908
6910135891523899
69446202405220790
108675843193715330
74638391573650753
33219444109654398
76568040659187942
26154636441507714
23210749911873435
43029073452233189
43788458730072153
34332405536227070
78424738353890876
17404948810352678
78964908222142108
87171971145473223
47089262076852575
9277968464362273
59563360107416319
18334381988479361
22395668988119348
51431264916191604
30398638771695863
83817164666823117
71456899734454994
31269780206371758
6548501176304091
15602958790883664
15235606716823181
28099165470669761
13125235796016771
48914501164180818
90025611707142034
61642939165039920
35110947435069932
2903756582247992
9210834170020240
21846088023700160
68480310645012326
59275990747698197
13166762887829891
67012407248660353
10605571823122949
34761518599932721
83891988927540367
8119080024406733
6271975195905733
2122677077338311
66804387356390766
13885231733889155
44328192407946910
63340211003678751
58524968246912536
26138144507383960
33445927910684790
10496729544441626
14141276729178845
19621075765190506
24458679562202086
30421237199948881
77459075409655423
83115663915380459
12111038444309604
37975667360933627
14076277350721407
1772820039029009
33887580227352484
20917801713175571
41851460071903828
45596378431335162
25828785155916971
13912277206380314
1480191188545238
56962680199487544
34369266940983926
63263945666170735
8016784176100486
20369409427707530
4654914335955145
43560426745960401
26765026927828048
11867633802600087
5512406613748631
39712126099317136
18525397255518980
23296391657022417
60146438759051669
9602062990445537
15722176897339794
52320495348870920
9808603657086704
23046660669354189
46522068837013357
6653002758147977
45913613586637120
32825378594139680
32571746227672280
50294982537107170
38062912341599243
79751148562796756
61440882018088222
229386681756245
4497378955507636
4666211230118431
5257058459188436
81065535839995122
70262066019027485
8874181554166730
47654753437425166
2678912600387799
41279525653513540
60774695821328402
8094726298616532
22252950217702914
30350038572462693
9428095293692780
38552828867716225
53863171576975342
27286169066924594
31356316600877998
41214041962714477
13035882877954128
20684683932046044
12620689037118631
37202390651939930
62306991798285556
27543892892299481
45629516525277005
55627916836855633
5942177281484293
24039004446322798
41938475840218551
6495780451324576
29003859750470842
2447426904752979
71548338122694712
63783187100886282
12757726362121918
74459622064233921
2904048502718599
87854057540433300
86796242447714480
41285238302672338
22442716380151009
37185896595484781
16441230925825258
21358831584938732
18433421063211755
59268882058398757
67975342962365049
69769507150255507
576519386614107
21266475359536356
72320339997000644
83328381099780929
82071692638725389
20935896839880429
17853471121520069
24990403501685033
42854375285836268
29959573244803070
6371622119626328
16065432327394168
63953633184848294
19603020029197505
40509764727355931
26757510678980563
18685533655594751
16983414931187279
24694307863795179
16731223732170822
10859863535408238
23413107380286354
78027754932425544
15435637287537685
55777719621029450
24024444074014970
92413813757141016
867036806764989
12129555537412644
81264558596684554
47153050621280061
17657523488573349
67603730829628206
44412046767479824
8865001745260315
40776548073236886
55743589066810914
59755512299714036
13545564175660765
36633753436381208
77914914396806428
40654391911880158
43598579311691842
693260631306411
58947525524820976
59932993660382859
78306880527953521
30023714072083022
68882705318696543
58350239492462993
95802311044708160
78294763894946357
21395199756261054
72655919295573955
5373388916026838
67320581164470630
5036463803579653
9308363598645811
2704771940575654
72974752030196223
24649537408636847
83327893235360293
9578783190568106
54974423599989508
27222400815857594
8793073107560479
8328551333905506
37335527766737403
37481516715465204
22659216604465837
94139779669484931
45351707153485225
100119541996486480
2986210477847816
28275856712115066
36944400583556747
43666366701416566
74227625780980068
21692258782152222
13029684415543866
8731407185735486
105169635296005830
40737235388385772
56456738410595970
38436584046953518
79367974588705387
40425459897549333
