1
5243
5496
4370
7199
7604
8476
8905
5243
5496
6639
7106
9113
4370
8956
8800
8512
8909
9337
9477
8906
9072
9247
9413
7199
8908
9033
7604
8476
9465
9401
8909
9372
5243
8848
5496
8760
6639
9376
8259
9000
9400
9411
9246
9397
9113
4370
9180
8956
9413
9512
8800
9139
9302
9477
8512
9228
9360
8909
9428
9340
9504
7658
9484
9189
8906
9412
9262
9333
9321
9437
9422
9497
7199
9491
8975
9159
9349
9516
9180
9335
9200
9481
9240
7604
8954
8476
9256
9505
9483
9429
9441
9505
8909
9382
9493
5243
9220
8848
9287
9490
9231
5496
9040
9348
8760
6639
9487
9376
9474
8259
8858
9257
7974
9000
9366
9299
9400
9472
7106
9246
9486
9458
9397
9137
9465
4370
9283
9477
9188
8956
9421
9486
9462
9517
8800
9368
9439
9347
9375
9258
8512
9461
9478
9383
9426
9270
9360
8909
9473
9340
9491
7658
9493
9411
9227
9325
9506
9484
9451
9333
9456
9395
9262
9333
9321
9437
9514
9476
9422
7199
8975
9409
9394
9195
9433
9395
9447
9349
9487
9180
9432
9509
9452
9200
9372
9316
9481
9240
7604
9343
9225
9236
8476
9324
9502
9237
9483
9429
9472
9441
8909
9515
9424
9477
5243
9329
9220
9419
8848
9389
9342
9490
9231
5496
9201
9501
9040
9443
9299
9451
9355
8788
9462
6639
9487
9483
9376
8259
9384
8626
9196
9450
9353
9461
8687
9434
9443
9257
7974
9328
9191
9000
9403
9299
9492
9400
9416
7106
9399
9246
9453
9487
9397
9137
9521
9468
9439
4370
9412
9355
9510
9188
8956
9499
9429
9421
9493
8800
9434
9489
9374
9486
9208
9497
9409
9381
9258
9481
9461
9502
9434
9352
9383
9436
9270
9393
8909
9463
9340
9491
7658
9500
9411
9507
9227
9407
9490
9325
8906
9462
9333
9456
9398
9262
9384
9416
9321
9437
9482
9504
9421
9381
8975
9409
9394
9446
9195
9433
9395
8908
9491
9356
9463
9404
9180
9456
9335
9452
9509
9200
9379
9448
9316
9240
7604
9344
9343
9468
9225
9236
9276
8476
9430
9514
9197
9429
9504
8909
9515
9451
9382
5243
9375
9498
9220
9441
8848
9287
9389
9342
9231
9454
5496
9312
9473
9201
9495
9040
9490
9462
9299
9453
9355
8788
9498
6639
9487
9376
8259
9349
9448
9387
8626
9242
9349
9250
9434
9485
9353
9360
9461
9497
9472
9458
9492
9257
9459
9436
7974
9379
9493
9191
9422
9000
9460
9366
9299
9492
9400
9416
7106
9469
9433
9246
9518
9482
9137
9439
4370
9320
9412
9446
9329
9188
8956
9511
9429
9421
8800
9440
9489
9374
9476
9489
9208
9504
9475
9412
9269
8512
9461
9434
9352
9383
9436
9499
9270
9449
8909
9432
9340
9504
9411
9511
9227
9440
9469
9496
9305
9462
9333
9456
9091
9384
9459
9247
7199
9438
9381
8975
9409
9483
9394
9446
9195
9433
9395
8908
9457
9356
9180
9487
9456
9452
9200
9490
9379
9459
9316
9240
7604
9344
9451
9469
9343
9497
9468
8954
9430
9405
9452
9287
8476
9362
9436
9255
9429
8909
9382
5243
9454
9355
9220
9504
8848
9287
9389
9231
5496
9494
9338
9421
9485
9519
9040
9512
9490
9521
9299
9472
9355
8788
6639
9376
8259
9488
9349
9491
8636
9455
9242
9481
9367
9296
9450
9434
9353
9423
9360
9492
9518
8687
9472
9458
9446
9504
9257
9459
7974
9451
9451
9191
9432
9422
9508
9471
9373
9220
9425
7106
9469
9501
9433
9495
9246
9487
4370
9320
9493
9441
9446
9329
9188
8956
9421
8800
9489
9515
9476
9208
9347
9412
9491
9390
8512
9443
9352
9383
9436
9270
9413
9452
8909
9473
9504
9515
9227
9483
9469
8906
9462
9351
9409
9091
9384
9477
9232
9481
9438
8975
9492
9498
9394
9458
9438
8908
9457
9356
9425
9180
9487
9335
9200
9475
9379
9499
9240
7604
9344
9492
9469
9343
9497
9468
8954
9433
9489
9460
9503
9452
8476
9475
9362
9458
9161
8909
5243
9395
9471
9375
9220
9513
8848
9429
9231
9454
9490
9454
9462
9338
9469
9468
9485
9040
9447
9299
9472
9355
6639
9376
8259
9453
9445
8636
9455
9242
9487
9475
9296
9450
9434
9353
9464
9360
9442
8687
9458
9446
9257
7974
9466
9455
9379
9438
9191
9509
9482
9457
9460
9283
7106
9450
9433
9246
4370
9320
9412
9446
9206
9429
8800
9374
9208
9475
9491
8512
9512
9235
9270
9512
9452
8909
9510
9455
9227
9440
8906
9462
9351
9091
9384
9477
9416
7199
9474
9381
8975
9394
9500
9195
8908
9356
9466
9442
9086
9379
9451
7604
9344
9469
9322
9236
9498
9405
9501
9452
8476
9488
9458
9362
9466
9201
5243
9395
9471
9509
9220
8848
9429
9412
9231
5496
9454
9485
9338
9469
9468
9040
9462
9472
9355
8760
8170
9349
9453
9445
8636
9493
9242
9501
9409
9493
9351
9506
9388
9353
9481
9360
8687
9257
9505
9462
7974
9455
9379
9456
9191
9507
9000
9460
9283
7106
9433
4370
9320
9502
9355
8437
9208
9412
8512
9443
9235
9270
8909
9227
9440
8906
9351
9384
9477
7199
9481
8975
9394
9195
8908
9356
8931
9379
7604
9458
8989
9433
9498
9460
8476
9499
9362
9502
5243
9494
9395
9220
8848
9429
9231
5496
9490
9431
9338
9040
9299
9355
6639
9349
9445
8636
9485
9483
9505
9487
9296
9307
9519
9389
9257
7974
9510
9379
9191
9000
9283
4370
9320
8660
8512
9270
9227
8906
9091
7199
8975
9195
8908
8931
7604
8989
9433
9416
8476
5243
9395
8848
9429
5496
9431
9290
6639
8636
9242
9487
9296
9307
9485
7974
9379
9000
7106
4370
8512
7199
8975
7604
8989
5243
5496
6639
9242
9107
7974
4370
8149
7199
5243
6639
4370
9542
9475
9542
9515
9493
9493
9340
9340
9537
8909
9493
9539
8512
71
2593
3
32
32
32
74
1
43
25
25
57
23
63
74
6
8
38
1
33
38
8
17
8
17
17
59
1
3
46
24
28
17
59
27
1
1
3
3
24
27
4
1
4
24
1
2
4
4
15
1
4
6
6
11
10
1
1
3
6
0
1
2
26
15
3
3
3
0
1
4
3
1
12
1
1
6
0
1
3
3
3
0
1
3
3
2
2
0
1
5
9
9
2
6
9
5
5
2
0
2
0
2
0
2
0
1
4
2
2
0
2
0
5
2
0
1
3
3
3
0
2
0
2
0
1
5
5
0
3
3
0
2
0
1
0
2
0
1
1
1
3
3
3
5
1
1
2
2
0
1
0
2
0
